{"/Users/li/Projects/opencode-trace/packages/core/src/logger.ts": {"path":"/Users/li/Projects/opencode-trace/packages/core/src/logger.ts","statementMap":{"0":{"start":{"line":3,"column":18},"end":{"line":9,"column":null}},"1":{"start":{"line":6,"column":20},"end":{"line":6,"column":null}},"2":{"start":{"line":7,"column":4},"end":{"line":7,"column":null}},"3":{"start":{"line":11,"column":22},"end":{"line":19,"column":null}}},"fnMap":{"0":{"name":"(anonymous_0)","decl":{"start":{"line":5,"column":24},"end":{"line":5,"column":25}},"loc":{"start":{"line":5,"column":68},"end":{"line":8,"column":3}},"line":5}},"branchMap":{"0":{"loc":{"start":{"line":6,"column":20},"end":{"line":6,"column":null}},"type":"cond-expr","locations":[{"start":{"line":6,"column":47},"end":{"line":6,"column":76}},{"start":{"line":6,"column":76},"end":{"line":6,"column":null}}],"line":6},"1":{"loc":{"start":{"line":12,"column":9},"end":{"line":12,"column":null}},"type":"binary-expr","locations":[{"start":{"line":12,"column":9},"end":{"line":12,"column":44}},{"start":{"line":12,"column":44},"end":{"line":12,"column":null}}],"line":12}},"s":{"0":7,"1":9,"2":9,"3":7},"f":{"0":9},"b":{"0":[9,0],"1":[7,7]},"meta":{"lastBranch":2,"lastFunction":1,"lastStatement":4,"seen":{"s:3:18:9:Infinity":0,"f:5:24:5:25":0,"s:6:20:6:Infinity":1,"b:6:47:6:76:6:76:6:Infinity":0,"s:7:4:7:Infinity":2,"s:11:22:19:Infinity":3,"b:12:9:12:44:12:44:12:Infinity":1}}}
,"/Users/li/Projects/opencode-trace/packages/core/src/platform.ts": {"path":"/Users/li/Projects/opencode-trace/packages/core/src/platform.ts","statementMap":{"0":{"start":{"line":5,"column":18},"end":{"line":5,"column":null}},"1":{"start":{"line":6,"column":2},"end":{"line":6,"column":null}},"2":{"start":{"line":10,"column":22},"end":{"line":10,"column":null}},"3":{"start":{"line":11,"column":2},"end":{"line":11,"column":null}}},"fnMap":{"0":{"name":"getTraceDir","decl":{"start":{"line":4,"column":16},"end":{"line":4,"column":38}},"loc":{"start":{"line":4,"column":38},"end":{"line":7,"column":null}},"line":4},"1":{"name":"sanitizePath","decl":{"start":{"line":9,"column":16},"end":{"line":9,"column":29}},"loc":{"start":{"line":9,"column":69},"end":{"line":12,"column":null}},"line":9}},"branchMap":{"0":{"loc":{"start":{"line":5,"column":18},"end":{"line":5,"column":null}},"type":"cond-expr","locations":[{"start":{"line":5,"column":49},"end":{"line":5,"column":62}},{"start":{"line":5,"column":62},"end":{"line":5,"column":null}}],"line":5}},"s":{"0":2,"1":2,"2":5,"3":5},"f":{"0":2,"1":5},"b":{"0":[1,1]},"meta":{"lastBranch":1,"lastFunction":2,"lastStatement":4,"seen":{"f:4:16:4:38":0,"s:5:18:5:Infinity":0,"b:5:49:5:62:5:62:5:Infinity":0,"s:6:2:6:Infinity":1,"f:9:16:9:29":1,"s:10:22:10:Infinity":2,"s:11:2:11:Infinity":3}}}
,"/Users/li/Projects/opencode-trace/packages/core/src/format/collapse.ts": {"path":"/Users/li/Projects/opencode-trace/packages/core/src/format/collapse.ts","statementMap":{"0":{"start":{"line":27,"column":2},"end":{"line":34,"column":null}},"1":{"start":{"line":29,"column":6},"end":{"line":29,"column":null}},"2":{"start":{"line":31,"column":6},"end":{"line":31,"column":null}},"3":{"start":{"line":33,"column":6},"end":{"line":33,"column":null}},"4":{"start":{"line":43,"column":4},"end":{"line":47,"column":null}},"5":{"start":{"line":49,"column":20},"end":{"line":49,"column":null}},"6":{"start":{"line":50,"column":18},"end":{"line":50,"column":null}},"7":{"start":{"line":52,"column":4},"end":{"line":52,"column":null}},"8":{"start":{"line":54,"column":2},"end":{"line":54,"column":null}},"9":{"start":{"line":63,"column":20},"end":{"line":63,"column":null}},"10":{"start":{"line":64,"column":18},"end":{"line":64,"column":null}},"11":{"start":{"line":66,"column":4},"end":{"line":66,"column":null}},"12":{"start":{"line":68,"column":2},"end":{"line":68,"column":null}},"13":{"start":{"line":88,"column":21},"end":{"line":88,"column":null}},"14":{"start":{"line":89,"column":28},"end":{"line":89,"column":null}},"15":{"start":{"line":90,"column":29},"end":{"line":90,"column":null}},"16":{"start":{"line":92,"column":2},"end":{"line":108,"column":null}},"17":{"start":{"line":92,"column":15},"end":{"line":92,"column":18}},"18":{"start":{"line":93,"column":18},"end":{"line":93,"column":null}},"19":{"start":{"line":95,"column":4},"end":{"line":107,"column":null}},"20":{"start":{"line":96,"column":24},"end":{"line":96,"column":null}},"21":{"start":{"line":97,"column":6},"end":{"line":97,"column":null}},"22":{"start":{"line":99,"column":6},"end":{"line":104,"column":null}},"23":{"start":{"line":100,"column":8},"end":{"line":100,"column":null}},"24":{"start":{"line":102,"column":8},"end":{"line":102,"column":null}},"25":{"start":{"line":103,"column":8},"end":{"line":103,"column":null}},"26":{"start":{"line":106,"column":6},"end":{"line":106,"column":null}},"27":{"start":{"line":110,"column":2},"end":{"line":114,"column":null}},"28":{"start":{"line":130,"column":2},"end":{"line":132,"column":null}},"29":{"start":{"line":131,"column":4},"end":{"line":131,"column":null}},"30":{"start":{"line":134,"column":20},"end":{"line":134,"column":null}},"31":{"start":{"line":135,"column":2},"end":{"line":135,"column":null}},"32":{"start":{"line":137,"column":2},"end":{"line":139,"column":null}},"33":{"start":{"line":150,"column":2},"end":{"line":152,"column":null}},"34":{"start":{"line":151,"column":4},"end":{"line":151,"column":null}},"35":{"start":{"line":154,"column":20},"end":{"line":154,"column":null}},"36":{"start":{"line":155,"column":18},"end":{"line":155,"column":null}},"37":{"start":{"line":156,"column":2},"end":{"line":159,"column":null}},"38":{"start":{"line":161,"column":2},"end":{"line":163,"column":null}},"39":{"start":{"line":173,"column":2},"end":{"line":173,"column":null}},"40":{"start":{"line":173,"column":15},"end":{"line":173,"column":null}},"41":{"start":{"line":175,"column":2},"end":{"line":184,"column":null}},"42":{"start":{"line":176,"column":4},"end":{"line":176,"column":null}},"43":{"start":{"line":176,"column":46},"end":{"line":176,"column":null}},"44":{"start":{"line":178,"column":22},"end":{"line":178,"column":null}},"45":{"start":{"line":179,"column":4},"end":{"line":179,"column":null}},"46":{"start":{"line":181,"column":4},"end":{"line":183,"column":null}},"47":{"start":{"line":192,"column":16},"end":{"line":192,"column":null}},"48":{"start":{"line":193,"column":19},"end":{"line":193,"column":null}},"49":{"start":{"line":194,"column":25},"end":{"line":194,"column":null}},"50":{"start":{"line":195,"column":17},"end":{"line":195,"column":null}},"51":{"start":{"line":197,"column":59},"end":{"line":203,"column":null}},"52":{"start":{"line":205,"column":2},"end":{"line":212,"column":null}},"53":{"start":{"line":213,"column":2},"end":{"line":220,"column":null}},"54":{"start":{"line":222,"column":2},"end":{"line":255,"column":null}},"55":{"start":{"line":223,"column":22},"end":{"line":223,"column":null}},"56":{"start":{"line":224,"column":20},"end":{"line":224,"column":null}},"57":{"start":{"line":225,"column":4},"end":{"line":230,"column":null}},"58":{"start":{"line":228,"column":33},"end":{"line":228,"column":56}},"59":{"start":{"line":231,"column":4},"end":{"line":237,"column":null}},"60":{"start":{"line":232,"column":6},"end":{"line":232,"column":null}},"61":{"start":{"line":234,"column":6},"end":{"line":236,"column":null}},"62":{"start":{"line":238,"column":2},"end":{"line":255,"column":null}},"63":{"start":{"line":239,"column":35},"end":{"line":239,"column":null}},"64":{"start":{"line":240,"column":4},"end":{"line":251,"column":null}},"65":{"start":{"line":241,"column":24},"end":{"line":246,"column":null}},"66":{"start":{"line":247,"column":6},"end":{"line":247,"column":null}},"67":{"start":{"line":248,"column":6},"end":{"line":250,"column":null}},"68":{"start":{"line":249,"column":8},"end":{"line":249,"column":null}},"69":{"start":{"line":252,"column":4},"end":{"line":252,"column":null}},"70":{"start":{"line":254,"column":4},"end":{"line":254,"column":null}},"71":{"start":{"line":257,"column":2},"end":{"line":257,"column":null}},"72":{"start":{"line":264,"column":17},"end":{"line":264,"column":null}},"73":{"start":{"line":266,"column":4},"end":{"line":266,"column":null}},"74":{"start":{"line":268,"column":2},"end":{"line":276,"column":null}},"75":{"start":{"line":269,"column":18},"end":{"line":269,"column":null}},"76":{"start":{"line":270,"column":19},"end":{"line":270,"column":null}},"77":{"start":{"line":271,"column":4},"end":{"line":271,"column":null}},"78":{"start":{"line":273,"column":4},"end":{"line":275,"column":null}},"79":{"start":{"line":274,"column":6},"end":{"line":274,"column":null}},"80":{"start":{"line":278,"column":17},"end":{"line":278,"column":null}},"81":{"start":{"line":280,"column":4},"end":{"line":282,"column":null}},"82":{"start":{"line":284,"column":2},"end":{"line":284,"column":null}},"83":{"start":{"line":290,"column":26},"end":{"line":290,"column":null}},"84":{"start":{"line":291,"column":2},"end":{"line":291,"column":null}},"85":{"start":{"line":293,"column":2},"end":{"line":349,"column":null}},"86":{"start":{"line":294,"column":4},"end":{"line":294,"column":null}},"87":{"start":{"line":295,"column":4},"end":{"line":295,"column":null}},"88":{"start":{"line":296,"column":4},"end":{"line":298,"column":null}},"89":{"start":{"line":297,"column":6},"end":{"line":297,"column":null}},"90":{"start":{"line":300,"column":4},"end":{"line":310,"column":null}},"91":{"start":{"line":301,"column":6},"end":{"line":309,"column":null}},"92":{"start":{"line":302,"column":8},"end":{"line":302,"column":null}},"93":{"start":{"line":303,"column":6},"end":{"line":309,"column":null}},"94":{"start":{"line":304,"column":8},"end":{"line":304,"column":null}},"95":{"start":{"line":306,"column":8},"end":{"line":306,"column":null}},"96":{"start":{"line":307,"column":8},"end":{"line":307,"column":null}},"97":{"start":{"line":308,"column":8},"end":{"line":308,"column":null}},"98":{"start":{"line":312,"column":4},"end":{"line":322,"column":null}},"99":{"start":{"line":313,"column":6},"end":{"line":321,"column":null}},"100":{"start":{"line":314,"column":8},"end":{"line":314,"column":null}},"101":{"start":{"line":315,"column":6},"end":{"line":321,"column":null}},"102":{"start":{"line":316,"column":8},"end":{"line":316,"column":null}},"103":{"start":{"line":318,"column":8},"end":{"line":318,"column":null}},"104":{"start":{"line":319,"column":8},"end":{"line":319,"column":null}},"105":{"start":{"line":320,"column":8},"end":{"line":320,"column":null}},"106":{"start":{"line":324,"column":4},"end":{"line":324,"column":null}},"107":{"start":{"line":325,"column":4},"end":{"line":331,"column":null}},"108":{"start":{"line":326,"column":6},"end":{"line":330,"column":null}},"109":{"start":{"line":327,"column":8},"end":{"line":327,"column":null}},"110":{"start":{"line":329,"column":8},"end":{"line":329,"column":null}},"111":{"start":{"line":332,"column":4},"end":{"line":332,"column":null}},"112":{"start":{"line":334,"column":4},"end":{"line":346,"column":null}},"113":{"start":{"line":335,"column":6},"end":{"line":335,"column":null}},"114":{"start":{"line":336,"column":6},"end":{"line":338,"column":null}},"115":{"start":{"line":339,"column":6},"end":{"line":341,"column":null}},"116":{"start":{"line":342,"column":6},"end":{"line":344,"column":null}},"117":{"start":{"line":345,"column":6},"end":{"line":345,"column":null}},"118":{"start":{"line":348,"column":4},"end":{"line":348,"column":null}},"119":{"start":{"line":351,"column":2},"end":{"line":351,"column":null}},"120":{"start":{"line":352,"column":2},"end":{"line":352,"column":null}},"121":{"start":{"line":365,"column":16},"end":{"line":365,"column":null}},"122":{"start":{"line":366,"column":19},"end":{"line":366,"column":null}},"123":{"start":{"line":367,"column":25},"end":{"line":367,"column":null}},"124":{"start":{"line":368,"column":17},"end":{"line":368,"column":null}},"125":{"start":{"line":370,"column":24},"end":{"line":370,"column":null}},"126":{"start":{"line":372,"column":2},"end":{"line":379,"column":null}},"127":{"start":{"line":380,"column":2},"end":{"line":387,"column":null}},"128":{"start":{"line":389,"column":2},"end":{"line":423,"column":null}},"129":{"start":{"line":390,"column":22},"end":{"line":390,"column":null}},"130":{"start":{"line":391,"column":20},"end":{"line":391,"column":null}},"131":{"start":{"line":392,"column":4},"end":{"line":397,"column":null}},"132":{"start":{"line":395,"column":26},"end":{"line":395,"column":54}},"133":{"start":{"line":398,"column":4},"end":{"line":404,"column":null}},"134":{"start":{"line":399,"column":6},"end":{"line":399,"column":null}},"135":{"start":{"line":401,"column":6},"end":{"line":403,"column":null}},"136":{"start":{"line":405,"column":2},"end":{"line":423,"column":null}},"137":{"start":{"line":406,"column":4},"end":{"line":422,"column":null}},"138":{"start":{"line":406,"column":48},"end":{"line":422,"column":6}},"139":{"start":{"line":425,"column":2},"end":{"line":425,"column":null}},"140":{"start":{"line":432,"column":17},"end":{"line":432,"column":null}},"141":{"start":{"line":433,"column":46},"end":{"line":433,"column":null}},"142":{"start":{"line":435,"column":2},"end":{"line":443,"column":null}},"143":{"start":{"line":436,"column":18},"end":{"line":436,"column":null}},"144":{"start":{"line":437,"column":19},"end":{"line":437,"column":null}},"145":{"start":{"line":438,"column":4},"end":{"line":438,"column":null}},"146":{"start":{"line":440,"column":4},"end":{"line":442,"column":null}},"147":{"start":{"line":441,"column":6},"end":{"line":441,"column":null}},"148":{"start":{"line":446,"column":4},"end":{"line":448,"column":null}},"149":{"start":{"line":450,"column":2},"end":{"line":450,"column":null}},"150":{"start":{"line":454,"column":26},"end":{"line":454,"column":null}},"151":{"start":{"line":455,"column":2},"end":{"line":455,"column":null}},"152":{"start":{"line":457,"column":2},"end":{"line":498,"column":null}},"153":{"start":{"line":458,"column":4},"end":{"line":458,"column":null}},"154":{"start":{"line":460,"column":4},"end":{"line":471,"column":null}},"155":{"start":{"line":461,"column":18},"end":{"line":461,"column":null}},"156":{"start":{"line":462,"column":6},"end":{"line":470,"column":null}},"157":{"start":{"line":463,"column":8},"end":{"line":463,"column":null}},"158":{"start":{"line":464,"column":6},"end":{"line":470,"column":null}},"159":{"start":{"line":465,"column":8},"end":{"line":465,"column":null}},"160":{"start":{"line":467,"column":8},"end":{"line":467,"column":null}},"161":{"start":{"line":468,"column":8},"end":{"line":468,"column":null}},"162":{"start":{"line":469,"column":8},"end":{"line":469,"column":null}},"163":{"start":{"line":473,"column":4},"end":{"line":484,"column":null}},"164":{"start":{"line":474,"column":19},"end":{"line":474,"column":null}},"165":{"start":{"line":475,"column":6},"end":{"line":483,"column":null}},"166":{"start":{"line":476,"column":8},"end":{"line":476,"column":null}},"167":{"start":{"line":477,"column":6},"end":{"line":483,"column":null}},"168":{"start":{"line":478,"column":8},"end":{"line":478,"column":null}},"169":{"start":{"line":480,"column":8},"end":{"line":480,"column":null}},"170":{"start":{"line":481,"column":8},"end":{"line":481,"column":null}},"171":{"start":{"line":482,"column":8},"end":{"line":482,"column":null}},"172":{"start":{"line":486,"column":4},"end":{"line":486,"column":null}},"173":{"start":{"line":487,"column":4},"end":{"line":494,"column":null}},"174":{"start":{"line":488,"column":18},"end":{"line":488,"column":null}},"175":{"start":{"line":489,"column":6},"end":{"line":493,"column":null}},"176":{"start":{"line":490,"column":8},"end":{"line":490,"column":null}},"177":{"start":{"line":492,"column":8},"end":{"line":492,"column":null}},"178":{"start":{"line":495,"column":4},"end":{"line":495,"column":null}},"179":{"start":{"line":497,"column":4},"end":{"line":497,"column":null}},"180":{"start":{"line":500,"column":2},"end":{"line":500,"column":null}},"181":{"start":{"line":501,"column":2},"end":{"line":501,"column":null}}},"fnMap":{"0":{"name":"getBlockId","decl":{"start":{"line":26,"column":16},"end":{"line":26,"column":27}},"loc":{"start":{"line":26,"column":64},"end":{"line":35,"column":null}},"line":26},"1":{"name":"writeBlockFile","decl":{"start":{"line":37,"column":16},"end":{"line":37,"column":null}},"loc":{"start":{"line":41,"column":13},"end":{"line":55,"column":null}},"line":41},"2":{"name":"writeEntryFile","decl":{"start":{"line":57,"column":16},"end":{"line":57,"column":null}},"loc":{"start":{"line":62,"column":13},"end":{"line":69,"column":null}},"line":62},"3":{"name":"collapseBlocksInEntry","decl":{"start":{"line":82,"column":16},"end":{"line":82,"column":null}},"loc":{"start":{"line":87,"column":18},"end":{"line":115,"column":null}},"line":87},"4":{"name":"collapseEntryField","decl":{"start":{"line":122,"column":9},"end":{"line":122,"column":null}},"loc":{"start":{"line":129,"column":21},"end":{"line":140,"column":null}},"line":129},"5":{"name":"collapseDeltaEntryField","decl":{"start":{"line":142,"column":9},"end":{"line":142,"column":null}},"loc":{"start":{"line":149,"column":26},"end":{"line":164,"column":null}},"line":149},"6":{"name":"collapseBlockArray","decl":{"start":{"line":166,"column":9},"end":{"line":166,"column":null}},"loc":{"start":{"line":172,"column":23},"end":{"line":185,"column":null}},"line":172},"7":{"name":"(anonymous_7)","decl":{"start":{"line":175,"column":20},"end":{"line":175,"column":21}},"loc":{"start":{"line":175,"column":31},"end":{"line":184,"column":3}},"line":175},"8":{"name":"collapseConversation","decl":{"start":{"line":187,"column":16},"end":{"line":187,"column":null}},"loc":{"start":{"line":191,"column":25},"end":{"line":258,"column":null}},"line":191},"9":{"name":"(anonymous_9)","decl":{"start":{"line":228,"column":32},"end":{"line":228,"column":33}},"loc":{"start":{"line":228,"column":33},"end":{"line":228,"column":56}},"line":228},"10":{"name":"collapseConversations","decl":{"start":{"line":260,"column":16},"end":{"line":260,"column":null}},"loc":{"start":{"line":263,"column":19},"end":{"line":285,"column":null}},"line":263},"11":{"name":"conversationsMapToCollapsedXML","decl":{"start":{"line":287,"column":9},"end":{"line":287,"column":null}},"loc":{"start":{"line":289,"column":10},"end":{"line":353,"column":null}},"line":289},"12":{"name":"collapseDelta","decl":{"start":{"line":360,"column":16},"end":{"line":360,"column":null}},"loc":{"start":{"line":364,"column":18},"end":{"line":426,"column":null}},"line":364},"13":{"name":"(anonymous_13)","decl":{"start":{"line":395,"column":25},"end":{"line":395,"column":26}},"loc":{"start":{"line":395,"column":26},"end":{"line":395,"column":54}},"line":395},"14":{"name":"(anonymous_14)","decl":{"start":{"line":406,"column":33},"end":{"line":406,"column":34}},"loc":{"start":{"line":406,"column":48},"end":{"line":422,"column":6}},"line":406},"15":{"name":"collapseDeltas","decl":{"start":{"line":428,"column":16},"end":{"line":428,"column":null}},"loc":{"start":{"line":431,"column":19},"end":{"line":451,"column":null}},"line":431},"16":{"name":"deltasMapToCollapsedXML","decl":{"start":{"line":453,"column":9},"end":{"line":453,"column":33}},"loc":{"start":{"line":453,"column":69},"end":{"line":502,"column":null}},"line":453}},"branchMap":{"0":{"loc":{"start":{"line":27,"column":2},"end":{"line":34,"column":null}},"type":"switch","locations":[{"start":{"line":28,"column":4},"end":{"line":29,"column":null}},{"start":{"line":30,"column":4},"end":{"line":31,"column":null}},{"start":{"line":32,"column":4},"end":{"line":33,"column":null}}],"line":27},"1":{"loc":{"start":{"line":43,"column":4},"end":{"line":47,"column":null}},"type":"cond-expr","locations":[{"start":{"line":44,"column":8},"end":{"line":44,"column":null}},{"start":{"line":45,"column":8},"end":{"line":47,"column":null}}],"line":43},"2":{"loc":{"start":{"line":45,"column":8},"end":{"line":47,"column":null}},"type":"cond-expr","locations":[{"start":{"line":46,"column":10},"end":{"line":46,"column":null}},{"start":{"line":47,"column":10},"end":{"line":47,"column":null}}],"line":45},"3":{"loc":{"start":{"line":49,"column":20},"end":{"line":49,"column":null}},"type":"cond-expr","locations":[{"start":{"line":49,"column":39},"end":{"line":49,"column":47}},{"start":{"line":49,"column":47},"end":{"line":49,"column":null}}],"line":49},"4":{"loc":{"start":{"line":52,"column":4},"end":{"line":52,"column":null}},"type":"cond-expr","locations":[{"start":{"line":52,"column":15},"end":{"line":52,"column":47}},{"start":{"line":52,"column":47},"end":{"line":52,"column":null}}],"line":52},"5":{"loc":{"start":{"line":63,"column":20},"end":{"line":63,"column":null}},"type":"cond-expr","locations":[{"start":{"line":63,"column":39},"end":{"line":63,"column":47}},{"start":{"line":63,"column":47},"end":{"line":63,"column":null}}],"line":63},"6":{"loc":{"start":{"line":66,"column":4},"end":{"line":66,"column":null}},"type":"cond-expr","locations":[{"start":{"line":66,"column":15},"end":{"line":66,"column":47}},{"start":{"line":66,"column":47},"end":{"line":66,"column":null}}],"line":66},"7":{"loc":{"start":{"line":95,"column":4},"end":{"line":107,"column":null}},"type":"if","locations":[{"start":{"line":95,"column":4},"end":{"line":107,"column":null}},{"start":{"line":105,"column":11},"end":{"line":107,"column":null}}],"line":95},"8":{"loc":{"start":{"line":99,"column":6},"end":{"line":104,"column":null}},"type":"if","locations":[{"start":{"line":99,"column":6},"end":{"line":104,"column":null}},{"start":{"line":101,"column":13},"end":{"line":104,"column":null}}],"line":99},"9":{"loc":{"start":{"line":130,"column":2},"end":{"line":132,"column":null}},"type":"if","locations":[{"start":{"line":130,"column":2},"end":{"line":132,"column":null}},{"start":{},"end":{}}],"line":130},"10":{"loc":{"start":{"line":130,"column":6},"end":{"line":130,"column":33}},"type":"binary-expr","locations":[{"start":{"line":130,"column":6},"end":{"line":130,"column":16}},{"start":{"line":130,"column":16},"end":{"line":130,"column":33}}],"line":130},"11":{"loc":{"start":{"line":137,"column":9},"end":{"line":139,"column":null}},"type":"cond-expr","locations":[{"start":{"line":138,"column":7},"end":{"line":138,"column":null}},{"start":{"line":139,"column":7},"end":{"line":139,"column":null}}],"line":137},"12":{"loc":{"start":{"line":150,"column":2},"end":{"line":152,"column":null}},"type":"if","locations":[{"start":{"line":150,"column":2},"end":{"line":152,"column":null}},{"start":{},"end":{}}],"line":150},"13":{"loc":{"start":{"line":150,"column":6},"end":{"line":150,"column":33}},"type":"binary-expr","locations":[{"start":{"line":150,"column":6},"end":{"line":150,"column":16}},{"start":{"line":150,"column":16},"end":{"line":150,"column":33}}],"line":150},"14":{"loc":{"start":{"line":154,"column":20},"end":{"line":154,"column":null}},"type":"cond-expr","locations":[{"start":{"line":154,"column":39},"end":{"line":154,"column":47}},{"start":{"line":154,"column":47},"end":{"line":154,"column":null}}],"line":154},"15":{"loc":{"start":{"line":158,"column":4},"end":{"line":158,"column":null}},"type":"cond-expr","locations":[{"start":{"line":158,"column":15},"end":{"line":158,"column":52}},{"start":{"line":158,"column":52},"end":{"line":158,"column":null}}],"line":158},"16":{"loc":{"start":{"line":161,"column":9},"end":{"line":163,"column":null}},"type":"cond-expr","locations":[{"start":{"line":162,"column":7},"end":{"line":162,"column":null}},{"start":{"line":163,"column":7},"end":{"line":163,"column":null}}],"line":161},"17":{"loc":{"start":{"line":173,"column":2},"end":{"line":173,"column":null}},"type":"if","locations":[{"start":{"line":173,"column":2},"end":{"line":173,"column":null}},{"start":{},"end":{}}],"line":173},"18":{"loc":{"start":{"line":176,"column":4},"end":{"line":176,"column":null}},"type":"if","locations":[{"start":{"line":176,"column":4},"end":{"line":176,"column":null}},{"start":{},"end":{}}],"line":176},"19":{"loc":{"start":{"line":181,"column":11},"end":{"line":183,"column":null}},"type":"cond-expr","locations":[{"start":{"line":182,"column":9},"end":{"line":182,"column":null}},{"start":{"line":183,"column":8},"end":{"line":183,"column":null}}],"line":181},"20":{"loc":{"start":{"line":193,"column":19},"end":{"line":193,"column":null}},"type":"binary-expr","locations":[{"start":{"line":193,"column":19},"end":{"line":193,"column":39}},{"start":{"line":193,"column":39},"end":{"line":193,"column":null}}],"line":193},"21":{"loc":{"start":{"line":194,"column":25},"end":{"line":194,"column":null}},"type":"binary-expr","locations":[{"start":{"line":194,"column":25},"end":{"line":194,"column":51}},{"start":{"line":194,"column":51},"end":{"line":194,"column":null}}],"line":194},"22":{"loc":{"start":{"line":195,"column":17},"end":{"line":195,"column":null}},"type":"binary-expr","locations":[{"start":{"line":195,"column":17},"end":{"line":195,"column":35}},{"start":{"line":195,"column":35},"end":{"line":195,"column":null}}],"line":195},"23":{"loc":{"start":{"line":222,"column":2},"end":{"line":255,"column":null}},"type":"if","locations":[{"start":{"line":222,"column":2},"end":{"line":255,"column":null}},{"start":{"line":238,"column":2},"end":{"line":255,"column":null}}],"line":222},"24":{"loc":{"start":{"line":223,"column":22},"end":{"line":223,"column":null}},"type":"cond-expr","locations":[{"start":{"line":223,"column":41},"end":{"line":223,"column":49}},{"start":{"line":223,"column":49},"end":{"line":223,"column":null}}],"line":223},"25":{"loc":{"start":{"line":227,"column":6},"end":{"line":229,"column":null}},"type":"cond-expr","locations":[{"start":{"line":228,"column":10},"end":{"line":228,"column":null}},{"start":{"line":229,"column":10},"end":{"line":229,"column":null}}],"line":227},"26":{"loc":{"start":{"line":231,"column":4},"end":{"line":237,"column":null}},"type":"if","locations":[{"start":{"line":231,"column":4},"end":{"line":237,"column":null}},{"start":{"line":233,"column":11},"end":{"line":237,"column":null}}],"line":231},"27":{"loc":{"start":{"line":238,"column":2},"end":{"line":255,"column":null}},"type":"if","locations":[{"start":{"line":238,"column":2},"end":{"line":255,"column":null}},{"start":{"line":253,"column":9},"end":{"line":255,"column":null}}],"line":238},"28":{"loc":{"start":{"line":278,"column":17},"end":{"line":278,"column":null}},"type":"binary-expr","locations":[{"start":{"line":278,"column":17},"end":{"line":278,"column":35}},{"start":{"line":278,"column":35},"end":{"line":278,"column":null}}],"line":278},"29":{"loc":{"start":{"line":280,"column":4},"end":{"line":282,"column":null}},"type":"cond-expr","locations":[{"start":{"line":281,"column":8},"end":{"line":281,"column":null}},{"start":{"line":282,"column":8},"end":{"line":282,"column":null}}],"line":280},"30":{"loc":{"start":{"line":296,"column":4},"end":{"line":298,"column":null}},"type":"if","locations":[{"start":{"line":296,"column":4},"end":{"line":298,"column":null}},{"start":{},"end":{}}],"line":296},"31":{"loc":{"start":{"line":300,"column":4},"end":{"line":310,"column":null}},"type":"if","locations":[{"start":{"line":300,"column":4},"end":{"line":310,"column":null}},{"start":{},"end":{}}],"line":300},"32":{"loc":{"start":{"line":301,"column":6},"end":{"line":309,"column":null}},"type":"if","locations":[{"start":{"line":301,"column":6},"end":{"line":309,"column":null}},{"start":{"line":303,"column":6},"end":{"line":309,"column":null}}],"line":301},"33":{"loc":{"start":{"line":303,"column":6},"end":{"line":309,"column":null}},"type":"if","locations":[{"start":{"line":303,"column":6},"end":{"line":309,"column":null}},{"start":{"line":305,"column":13},"end":{"line":309,"column":null}}],"line":303},"34":{"loc":{"start":{"line":312,"column":4},"end":{"line":322,"column":null}},"type":"if","locations":[{"start":{"line":312,"column":4},"end":{"line":322,"column":null}},{"start":{},"end":{}}],"line":312},"35":{"loc":{"start":{"line":313,"column":6},"end":{"line":321,"column":null}},"type":"if","locations":[{"start":{"line":313,"column":6},"end":{"line":321,"column":null}},{"start":{"line":315,"column":6},"end":{"line":321,"column":null}}],"line":313},"36":{"loc":{"start":{"line":315,"column":6},"end":{"line":321,"column":null}},"type":"if","locations":[{"start":{"line":315,"column":6},"end":{"line":321,"column":null}},{"start":{"line":317,"column":13},"end":{"line":321,"column":null}}],"line":315},"37":{"loc":{"start":{"line":326,"column":6},"end":{"line":330,"column":null}},"type":"if","locations":[{"start":{"line":326,"column":6},"end":{"line":330,"column":null}},{"start":{"line":328,"column":13},"end":{"line":330,"column":null}}],"line":326},"38":{"loc":{"start":{"line":334,"column":4},"end":{"line":346,"column":null}},"type":"if","locations":[{"start":{"line":334,"column":4},"end":{"line":346,"column":null}},{"start":{},"end":{}}],"line":334},"39":{"loc":{"start":{"line":337,"column":34},"end":{"line":337,"column":65}},"type":"binary-expr","locations":[{"start":{"line":337,"column":34},"end":{"line":337,"column":64}},{"start":{"line":337,"column":64},"end":{"line":337,"column":65}}],"line":337},"40":{"loc":{"start":{"line":340,"column":33},"end":{"line":340,"column":63}},"type":"binary-expr","locations":[{"start":{"line":340,"column":33},"end":{"line":340,"column":62}},{"start":{"line":340,"column":62},"end":{"line":340,"column":63}}],"line":340},"41":{"loc":{"start":{"line":343,"column":31},"end":{"line":343,"column":59}},"type":"binary-expr","locations":[{"start":{"line":343,"column":31},"end":{"line":343,"column":58}},{"start":{"line":343,"column":58},"end":{"line":343,"column":59}}],"line":343},"42":{"loc":{"start":{"line":366,"column":19},"end":{"line":366,"column":null}},"type":"binary-expr","locations":[{"start":{"line":366,"column":19},"end":{"line":366,"column":39}},{"start":{"line":366,"column":39},"end":{"line":366,"column":null}}],"line":366},"43":{"loc":{"start":{"line":367,"column":25},"end":{"line":367,"column":null}},"type":"binary-expr","locations":[{"start":{"line":367,"column":25},"end":{"line":367,"column":51}},{"start":{"line":367,"column":51},"end":{"line":367,"column":null}}],"line":367},"44":{"loc":{"start":{"line":368,"column":17},"end":{"line":368,"column":null}},"type":"binary-expr","locations":[{"start":{"line":368,"column":17},"end":{"line":368,"column":35}},{"start":{"line":368,"column":35},"end":{"line":368,"column":null}}],"line":368},"45":{"loc":{"start":{"line":389,"column":2},"end":{"line":423,"column":null}},"type":"if","locations":[{"start":{"line":389,"column":2},"end":{"line":423,"column":null}},{"start":{"line":405,"column":2},"end":{"line":423,"column":null}}],"line":389},"46":{"loc":{"start":{"line":390,"column":22},"end":{"line":390,"column":null}},"type":"cond-expr","locations":[{"start":{"line":390,"column":41},"end":{"line":390,"column":49}},{"start":{"line":390,"column":49},"end":{"line":390,"column":null}}],"line":390},"47":{"loc":{"start":{"line":394,"column":6},"end":{"line":396,"column":null}},"type":"cond-expr","locations":[{"start":{"line":395,"column":10},"end":{"line":395,"column":null}},{"start":{"line":396,"column":10},"end":{"line":396,"column":null}}],"line":394},"48":{"loc":{"start":{"line":398,"column":4},"end":{"line":404,"column":null}},"type":"if","locations":[{"start":{"line":398,"column":4},"end":{"line":404,"column":null}},{"start":{"line":400,"column":11},"end":{"line":404,"column":null}}],"line":398},"49":{"loc":{"start":{"line":405,"column":2},"end":{"line":423,"column":null}},"type":"if","locations":[{"start":{"line":405,"column":2},"end":{"line":423,"column":null}},{"start":{},"end":{}}],"line":405},"50":{"loc":{"start":{"line":446,"column":4},"end":{"line":448,"column":null}},"type":"cond-expr","locations":[{"start":{"line":447,"column":8},"end":{"line":447,"column":null}},{"start":{"line":448,"column":8},"end":{"line":448,"column":null}}],"line":446},"51":{"loc":{"start":{"line":460,"column":4},"end":{"line":471,"column":null}},"type":"if","locations":[{"start":{"line":460,"column":4},"end":{"line":471,"column":null}},{"start":{},"end":{}}],"line":460},"52":{"loc":{"start":{"line":462,"column":6},"end":{"line":470,"column":null}},"type":"if","locations":[{"start":{"line":462,"column":6},"end":{"line":470,"column":null}},{"start":{"line":464,"column":6},"end":{"line":470,"column":null}}],"line":462},"53":{"loc":{"start":{"line":464,"column":6},"end":{"line":470,"column":null}},"type":"if","locations":[{"start":{"line":464,"column":6},"end":{"line":470,"column":null}},{"start":{"line":466,"column":13},"end":{"line":470,"column":null}}],"line":464},"54":{"loc":{"start":{"line":473,"column":4},"end":{"line":484,"column":null}},"type":"if","locations":[{"start":{"line":473,"column":4},"end":{"line":484,"column":null}},{"start":{},"end":{}}],"line":473},"55":{"loc":{"start":{"line":475,"column":6},"end":{"line":483,"column":null}},"type":"if","locations":[{"start":{"line":475,"column":6},"end":{"line":483,"column":null}},{"start":{"line":477,"column":6},"end":{"line":483,"column":null}}],"line":475},"56":{"loc":{"start":{"line":477,"column":6},"end":{"line":483,"column":null}},"type":"if","locations":[{"start":{"line":477,"column":6},"end":{"line":483,"column":null}},{"start":{"line":479,"column":13},"end":{"line":483,"column":null}}],"line":477},"57":{"loc":{"start":{"line":489,"column":6},"end":{"line":493,"column":null}},"type":"if","locations":[{"start":{"line":489,"column":6},"end":{"line":493,"column":null}},{"start":{"line":491,"column":13},"end":{"line":493,"column":null}}],"line":489}},"s":{"0":5,"1":1,"2":1,"3":3,"4":12,"5":12,"6":12,"7":12,"8":12,"9":7,"10":7,"11":7,"12":7,"13":8,"14":8,"15":8,"16":8,"17":8,"18":15,"19":15,"20":8,"21":8,"22":8,"23":7,"24":1,"25":1,"26":7,"27":8,"28":16,"29":11,"30":5,"31":5,"32":5,"33":12,"34":8,"35":4,"36":12,"37":12,"38":12,"39":2,"40":1,"41":1,"42":2,"43":1,"44":1,"45":1,"46":1,"47":8,"48":8,"49":8,"50":8,"51":8,"52":8,"53":8,"54":8,"55":0,"56":0,"57":0,"58":0,"59":0,"60":0,"61":0,"62":8,"63":4,"64":4,"65":4,"66":4,"67":4,"68":4,"69":4,"70":4,"71":8,"72":3,"73":3,"74":3,"75":4,"76":4,"77":4,"78":4,"79":4,"80":3,"81":3,"82":3,"83":0,"84":0,"85":0,"86":0,"87":0,"88":0,"89":0,"90":0,"91":0,"92":0,"93":0,"94":0,"95":0,"96":0,"97":0,"98":0,"99":0,"100":0,"101":0,"102":0,"103":0,"104":0,"105":0,"106":0,"107":0,"108":0,"109":0,"110":0,"111":0,"112":0,"113":0,"114":0,"115":0,"116":0,"117":0,"118":0,"119":0,"120":0,"121":6,"122":6,"123":6,"124":6,"125":6,"126":6,"127":6,"128":6,"129":0,"130":0,"131":0,"132":0,"133":0,"134":0,"135":0,"136":6,"137":1,"138":1,"139":6,"140":2,"141":2,"142":2,"143":3,"144":3,"145":3,"146":3,"147":2,"148":2,"149":2,"150":0,"151":0,"152":0,"153":0,"154":0,"155":0,"156":0,"157":0,"158":0,"159":0,"160":0,"161":0,"162":0,"163":0,"164":0,"165":0,"166":0,"167":0,"168":0,"169":0,"170":0,"171":0,"172":0,"173":0,"174":0,"175":0,"176":0,"177":0,"178":0,"179":0,"180":0,"181":0},"f":{"0":5,"1":12,"2":7,"3":8,"4":16,"5":12,"6":2,"7":2,"8":8,"9":0,"10":3,"11":0,"12":6,"13":0,"14":1,"15":2,"16":0},"b":{"0":[1,1,3],"1":[4,8],"2":[6,2],"3":[2,10],"4":[2,10],"5":[1,6],"6":[1,6],"7":[8,7],"8":[7,1],"9":[11,5],"10":[16,5],"11":[5,0],"12":[8,4],"13":[12,4],"14":[0,4],"15":[0,4],"16":[4,0],"17":[1,1],"18":[1,1],"19":[1,0],"20":[8,4],"21":[8,4],"22":[8,2],"23":[0,8],"24":[0,0],"25":[0,0],"26":[0,0],"27":[4,4],"28":[3,1],"29":[0,3],"30":[0,0],"31":[0,0],"32":[0,0],"33":[0,0],"34":[0,0],"35":[0,0],"36":[0,0],"37":[0,0],"38":[0,0],"39":[0,0],"40":[0,0],"41":[0,0],"42":[6,2],"43":[6,5],"44":[6,0],"45":[0,6],"46":[0,0],"47":[0,0],"48":[0,0],"49":[1,5],"50":[0,2],"51":[0,0],"52":[0,0],"53":[0,0],"54":[0,0],"55":[0,0],"56":[0,0],"57":[0,0]},"meta":{"lastBranch":58,"lastFunction":17,"lastStatement":182,"seen":{"f:26:16:26:27":0,"b:28:4:29:Infinity:30:4:31:Infinity:32:4:33:Infinity":0,"s:27:2:34:Infinity":0,"s:29:6:29:Infinity":1,"s:31:6:31:Infinity":2,"s:33:6:33:Infinity":3,"f:37:16:37:Infinity":1,"s:43:4:47:Infinity":4,"b:44:8:44:Infinity:45:8:47:Infinity":1,"b:46:10:46:Infinity:47:10:47:Infinity":2,"s:49:20:49:Infinity":5,"b:49:39:49:47:49:47:49:Infinity":3,"s:50:18:50:Infinity":6,"s:52:4:52:Infinity":7,"b:52:15:52:47:52:47:52:Infinity":4,"s:54:2:54:Infinity":8,"f:57:16:57:Infinity":2,"s:63:20:63:Infinity":9,"b:63:39:63:47:63:47:63:Infinity":5,"s:64:18:64:Infinity":10,"s:66:4:66:Infinity":11,"b:66:15:66:47:66:47:66:Infinity":6,"s:68:2:68:Infinity":12,"f:82:16:82:Infinity":3,"s:88:21:88:Infinity":13,"s:89:28:89:Infinity":14,"s:90:29:90:Infinity":15,"s:92:2:108:Infinity":16,"s:92:15:92:18":17,"s:93:18:93:Infinity":18,"b:95:4:107:Infinity:105:11:107:Infinity":7,"s:95:4:107:Infinity":19,"s:96:24:96:Infinity":20,"s:97:6:97:Infinity":21,"b:99:6:104:Infinity:101:13:104:Infinity":8,"s:99:6:104:Infinity":22,"s:100:8:100:Infinity":23,"s:102:8:102:Infinity":24,"s:103:8:103:Infinity":25,"s:106:6:106:Infinity":26,"s:110:2:114:Infinity":27,"f:122:9:122:Infinity":4,"b:130:2:132:Infinity:undefined:undefined:undefined:undefined":9,"s:130:2:132:Infinity":28,"b:130:6:130:16:130:16:130:33":10,"s:131:4:131:Infinity":29,"s:134:20:134:Infinity":30,"s:135:2:135:Infinity":31,"s:137:2:139:Infinity":32,"b:138:7:138:Infinity:139:7:139:Infinity":11,"f:142:9:142:Infinity":5,"b:150:2:152:Infinity:undefined:undefined:undefined:undefined":12,"s:150:2:152:Infinity":33,"b:150:6:150:16:150:16:150:33":13,"s:151:4:151:Infinity":34,"s:154:20:154:Infinity":35,"b:154:39:154:47:154:47:154:Infinity":14,"s:155:18:155:Infinity":36,"s:156:2:159:Infinity":37,"b:158:15:158:52:158:52:158:Infinity":15,"s:161:2:163:Infinity":38,"b:162:7:162:Infinity:163:7:163:Infinity":16,"f:166:9:166:Infinity":6,"b:173:2:173:Infinity:undefined:undefined:undefined:undefined":17,"s:173:2:173:Infinity":39,"s:173:15:173:Infinity":40,"s:175:2:184:Infinity":41,"f:175:20:175:21":7,"b:176:4:176:Infinity:undefined:undefined:undefined:undefined":18,"s:176:4:176:Infinity":42,"s:176:46:176:Infinity":43,"s:178:22:178:Infinity":44,"s:179:4:179:Infinity":45,"s:181:4:183:Infinity":46,"b:182:9:182:Infinity:183:8:183:Infinity":19,"f:187:16:187:Infinity":8,"s:192:16:192:Infinity":47,"s:193:19:193:Infinity":48,"b:193:19:193:39:193:39:193:Infinity":20,"s:194:25:194:Infinity":49,"b:194:25:194:51:194:51:194:Infinity":21,"s:195:17:195:Infinity":50,"b:195:17:195:35:195:35:195:Infinity":22,"s:197:59:203:Infinity":51,"s:205:2:212:Infinity":52,"s:213:2:220:Infinity":53,"b:222:2:255:Infinity:238:2:255:Infinity":23,"s:222:2:255:Infinity":54,"s:223:22:223:Infinity":55,"b:223:41:223:49:223:49:223:Infinity":24,"s:224:20:224:Infinity":56,"s:225:4:230:Infinity":57,"b:228:10:228:Infinity:229:10:229:Infinity":25,"f:228:32:228:33":9,"s:228:33:228:56":58,"b:231:4:237:Infinity:233:11:237:Infinity":26,"s:231:4:237:Infinity":59,"s:232:6:232:Infinity":60,"s:234:6:236:Infinity":61,"b:238:2:255:Infinity:253:9:255:Infinity":27,"s:238:2:255:Infinity":62,"s:239:35:239:Infinity":63,"s:240:4:251:Infinity":64,"s:241:24:246:Infinity":65,"s:247:6:247:Infinity":66,"s:248:6:250:Infinity":67,"s:249:8:249:Infinity":68,"s:252:4:252:Infinity":69,"s:254:4:254:Infinity":70,"s:257:2:257:Infinity":71,"f:260:16:260:Infinity":10,"s:264:17:264:Infinity":72,"s:266:4:266:Infinity":73,"s:268:2:276:Infinity":74,"s:269:18:269:Infinity":75,"s:270:19:270:Infinity":76,"s:271:4:271:Infinity":77,"s:273:4:275:Infinity":78,"s:274:6:274:Infinity":79,"s:278:17:278:Infinity":80,"b:278:17:278:35:278:35:278:Infinity":28,"s:280:4:282:Infinity":81,"b:281:8:281:Infinity:282:8:282:Infinity":29,"s:284:2:284:Infinity":82,"f:287:9:287:Infinity":11,"s:290:26:290:Infinity":83,"s:291:2:291:Infinity":84,"s:293:2:349:Infinity":85,"s:294:4:294:Infinity":86,"s:295:4:295:Infinity":87,"b:296:4:298:Infinity:undefined:undefined:undefined:undefined":30,"s:296:4:298:Infinity":88,"s:297:6:297:Infinity":89,"b:300:4:310:Infinity:undefined:undefined:undefined:undefined":31,"s:300:4:310:Infinity":90,"b:301:6:309:Infinity:303:6:309:Infinity":32,"s:301:6:309:Infinity":91,"s:302:8:302:Infinity":92,"b:303:6:309:Infinity:305:13:309:Infinity":33,"s:303:6:309:Infinity":93,"s:304:8:304:Infinity":94,"s:306:8:306:Infinity":95,"s:307:8:307:Infinity":96,"s:308:8:308:Infinity":97,"b:312:4:322:Infinity:undefined:undefined:undefined:undefined":34,"s:312:4:322:Infinity":98,"b:313:6:321:Infinity:315:6:321:Infinity":35,"s:313:6:321:Infinity":99,"s:314:8:314:Infinity":100,"b:315:6:321:Infinity:317:13:321:Infinity":36,"s:315:6:321:Infinity":101,"s:316:8:316:Infinity":102,"s:318:8:318:Infinity":103,"s:319:8:319:Infinity":104,"s:320:8:320:Infinity":105,"s:324:4:324:Infinity":106,"s:325:4:331:Infinity":107,"b:326:6:330:Infinity:328:13:330:Infinity":37,"s:326:6:330:Infinity":108,"s:327:8:327:Infinity":109,"s:329:8:329:Infinity":110,"s:332:4:332:Infinity":111,"b:334:4:346:Infinity:undefined:undefined:undefined:undefined":38,"s:334:4:346:Infinity":112,"s:335:6:335:Infinity":113,"s:336:6:338:Infinity":114,"b:337:34:337:64:337:64:337:65":39,"s:339:6:341:Infinity":115,"b:340:33:340:62:340:62:340:63":40,"s:342:6:344:Infinity":116,"b:343:31:343:58:343:58:343:59":41,"s:345:6:345:Infinity":117,"s:348:4:348:Infinity":118,"s:351:2:351:Infinity":119,"s:352:2:352:Infinity":120,"f:360:16:360:Infinity":12,"s:365:16:365:Infinity":121,"s:366:19:366:Infinity":122,"b:366:19:366:39:366:39:366:Infinity":42,"s:367:25:367:Infinity":123,"b:367:25:367:51:367:51:367:Infinity":43,"s:368:17:368:Infinity":124,"b:368:17:368:35:368:35:368:Infinity":44,"s:370:24:370:Infinity":125,"s:372:2:379:Infinity":126,"s:380:2:387:Infinity":127,"b:389:2:423:Infinity:405:2:423:Infinity":45,"s:389:2:423:Infinity":128,"s:390:22:390:Infinity":129,"b:390:41:390:49:390:49:390:Infinity":46,"s:391:20:391:Infinity":130,"s:392:4:397:Infinity":131,"b:395:10:395:Infinity:396:10:396:Infinity":47,"f:395:25:395:26":13,"s:395:26:395:54":132,"b:398:4:404:Infinity:400:11:404:Infinity":48,"s:398:4:404:Infinity":133,"s:399:6:399:Infinity":134,"s:401:6:403:Infinity":135,"b:405:2:423:Infinity:undefined:undefined:undefined:undefined":49,"s:405:2:423:Infinity":136,"s:406:4:422:Infinity":137,"f:406:33:406:34":14,"s:406:48:422:6":138,"s:425:2:425:Infinity":139,"f:428:16:428:Infinity":15,"s:432:17:432:Infinity":140,"s:433:46:433:Infinity":141,"s:435:2:443:Infinity":142,"s:436:18:436:Infinity":143,"s:437:19:437:Infinity":144,"s:438:4:438:Infinity":145,"s:440:4:442:Infinity":146,"s:441:6:441:Infinity":147,"s:446:4:448:Infinity":148,"b:447:8:447:Infinity:448:8:448:Infinity":50,"s:450:2:450:Infinity":149,"f:453:9:453:33":16,"s:454:26:454:Infinity":150,"s:455:2:455:Infinity":151,"s:457:2:498:Infinity":152,"s:458:4:458:Infinity":153,"b:460:4:471:Infinity:undefined:undefined:undefined:undefined":51,"s:460:4:471:Infinity":154,"s:461:18:461:Infinity":155,"b:462:6:470:Infinity:464:6:470:Infinity":52,"s:462:6:470:Infinity":156,"s:463:8:463:Infinity":157,"b:464:6:470:Infinity:466:13:470:Infinity":53,"s:464:6:470:Infinity":158,"s:465:8:465:Infinity":159,"s:467:8:467:Infinity":160,"s:468:8:468:Infinity":161,"s:469:8:469:Infinity":162,"b:473:4:484:Infinity:undefined:undefined:undefined:undefined":54,"s:473:4:484:Infinity":163,"s:474:19:474:Infinity":164,"b:475:6:483:Infinity:477:6:483:Infinity":55,"s:475:6:483:Infinity":165,"s:476:8:476:Infinity":166,"b:477:6:483:Infinity:479:13:483:Infinity":56,"s:477:6:483:Infinity":167,"s:478:8:478:Infinity":168,"s:480:8:480:Infinity":169,"s:481:8:481:Infinity":170,"s:482:8:482:Infinity":171,"s:486:4:486:Infinity":172,"s:487:4:494:Infinity":173,"s:488:18:488:Infinity":174,"b:489:6:493:Infinity:491:13:493:Infinity":57,"s:489:6:493:Infinity":175,"s:490:8:490:Infinity":176,"s:492:8:492:Infinity":177,"s:495:4:495:Infinity":178,"s:497:4:497:Infinity":179,"s:500:2:500:Infinity":180,"s:501:2:501:Infinity":181}}}
,"/Users/li/Projects/opencode-trace/packages/core/src/format/xml.ts": {"path":"/Users/li/Projects/opencode-trace/packages/core/src/format/xml.ts","statementMap":{"0":{"start":{"line":10,"column":2},"end":{"line":15,"column":null}},"1":{"start":{"line":22,"column":26},"end":{"line":22,"column":null}},"2":{"start":{"line":23,"column":2},"end":{"line":23,"column":null}},"3":{"start":{"line":25,"column":2},"end":{"line":27,"column":null}},"4":{"start":{"line":26,"column":4},"end":{"line":26,"column":null}},"5":{"start":{"line":29,"column":2},"end":{"line":33,"column":null}},"6":{"start":{"line":30,"column":4},"end":{"line":30,"column":null}},"7":{"start":{"line":31,"column":4},"end":{"line":31,"column":null}},"8":{"start":{"line":32,"column":4},"end":{"line":32,"column":null}},"9":{"start":{"line":35,"column":2},"end":{"line":39,"column":null}},"10":{"start":{"line":36,"column":4},"end":{"line":36,"column":null}},"11":{"start":{"line":37,"column":4},"end":{"line":37,"column":null}},"12":{"start":{"line":38,"column":4},"end":{"line":38,"column":null}},"13":{"start":{"line":41,"column":2},"end":{"line":41,"column":null}},"14":{"start":{"line":42,"column":2},"end":{"line":44,"column":null}},"15":{"start":{"line":43,"column":4},"end":{"line":43,"column":null}},"16":{"start":{"line":45,"column":2},"end":{"line":45,"column":null}},"17":{"start":{"line":47,"column":2},"end":{"line":59,"column":null}},"18":{"start":{"line":48,"column":4},"end":{"line":48,"column":null}},"19":{"start":{"line":49,"column":4},"end":{"line":51,"column":null}},"20":{"start":{"line":52,"column":4},"end":{"line":54,"column":null}},"21":{"start":{"line":55,"column":4},"end":{"line":57,"column":null}},"22":{"start":{"line":58,"column":4},"end":{"line":58,"column":null}},"23":{"start":{"line":61,"column":2},"end":{"line":61,"column":null}},"24":{"start":{"line":65,"column":2},"end":{"line":82,"column":null}},"25":{"start":{"line":67,"column":6},"end":{"line":67,"column":null}},"26":{"start":{"line":69,"column":6},"end":{"line":69,"column":null}},"27":{"start":{"line":71,"column":6},"end":{"line":71,"column":null}},"28":{"start":{"line":73,"column":6},"end":{"line":73,"column":null}},"29":{"start":{"line":75,"column":6},"end":{"line":75,"column":null}},"30":{"start":{"line":77,"column":6},"end":{"line":77,"column":null}},"31":{"start":{"line":79,"column":6},"end":{"line":79,"column":null}},"32":{"start":{"line":81,"column":6},"end":{"line":81,"column":null}},"33":{"start":{"line":86,"column":26},"end":{"line":86,"column":null}},"34":{"start":{"line":87,"column":16},"end":{"line":89,"column":null}},"35":{"start":{"line":90,"column":2},"end":{"line":90,"column":null}},"36":{"start":{"line":91,"column":2},"end":{"line":91,"column":null}},"37":{"start":{"line":92,"column":2},"end":{"line":94,"column":null}},"38":{"start":{"line":93,"column":4},"end":{"line":93,"column":null}},"39":{"start":{"line":95,"column":2},"end":{"line":95,"column":null}},"40":{"start":{"line":96,"column":2},"end":{"line":96,"column":null}},"41":{"start":{"line":97,"column":2},"end":{"line":97,"column":null}},"42":{"start":{"line":101,"column":26},"end":{"line":101,"column":null}},"43":{"start":{"line":102,"column":2},"end":{"line":102,"column":null}},"44":{"start":{"line":103,"column":2},"end":{"line":103,"column":null}},"45":{"start":{"line":104,"column":2},"end":{"line":104,"column":null}},"46":{"start":{"line":108,"column":26},"end":{"line":108,"column":null}},"47":{"start":{"line":109,"column":2},"end":{"line":109,"column":null}},"48":{"start":{"line":111,"column":2},"end":{"line":117,"column":null}},"49":{"start":{"line":112,"column":4},"end":{"line":112,"column":null}},"50":{"start":{"line":113,"column":4},"end":{"line":115,"column":null}},"51":{"start":{"line":114,"column":6},"end":{"line":114,"column":null}},"52":{"start":{"line":116,"column":4},"end":{"line":116,"column":null}},"53":{"start":{"line":119,"column":2},"end":{"line":125,"column":null}},"54":{"start":{"line":120,"column":4},"end":{"line":120,"column":null}},"55":{"start":{"line":121,"column":4},"end":{"line":123,"column":null}},"56":{"start":{"line":122,"column":6},"end":{"line":122,"column":null}},"57":{"start":{"line":124,"column":4},"end":{"line":124,"column":null}},"58":{"start":{"line":127,"column":2},"end":{"line":127,"column":null}},"59":{"start":{"line":128,"column":2},"end":{"line":128,"column":null}},"60":{"start":{"line":132,"column":26},"end":{"line":132,"column":null}},"61":{"start":{"line":133,"column":2},"end":{"line":133,"column":null}},"62":{"start":{"line":135,"column":2},"end":{"line":139,"column":null}},"63":{"start":{"line":136,"column":4},"end":{"line":136,"column":null}},"64":{"start":{"line":137,"column":4},"end":{"line":137,"column":null}},"65":{"start":{"line":138,"column":4},"end":{"line":138,"column":null}},"66":{"start":{"line":141,"column":2},"end":{"line":145,"column":null}},"67":{"start":{"line":142,"column":4},"end":{"line":142,"column":null}},"68":{"start":{"line":143,"column":4},"end":{"line":143,"column":null}},"69":{"start":{"line":144,"column":4},"end":{"line":144,"column":null}},"70":{"start":{"line":147,"column":2},"end":{"line":147,"column":null}},"71":{"start":{"line":148,"column":2},"end":{"line":150,"column":null}},"72":{"start":{"line":149,"column":4},"end":{"line":149,"column":null}},"73":{"start":{"line":151,"column":2},"end":{"line":151,"column":null}},"74":{"start":{"line":153,"column":2},"end":{"line":153,"column":null}},"75":{"start":{"line":154,"column":2},"end":{"line":154,"column":null}},"76":{"start":{"line":158,"column":26},"end":{"line":158,"column":null}},"77":{"start":{"line":159,"column":2},"end":{"line":159,"column":null}},"78":{"start":{"line":160,"column":2},"end":{"line":160,"column":null}},"79":{"start":{"line":161,"column":2},"end":{"line":161,"column":null}},"80":{"start":{"line":162,"column":2},"end":{"line":162,"column":null}},"81":{"start":{"line":164,"column":2},"end":{"line":168,"column":null}},"82":{"start":{"line":165,"column":4},"end":{"line":165,"column":null}},"83":{"start":{"line":166,"column":4},"end":{"line":166,"column":null}},"84":{"start":{"line":167,"column":4},"end":{"line":167,"column":null}},"85":{"start":{"line":170,"column":2},"end":{"line":170,"column":null}},"86":{"start":{"line":171,"column":2},"end":{"line":171,"column":null}},"87":{"start":{"line":172,"column":2},"end":{"line":172,"column":null}},"88":{"start":{"line":178,"column":26},"end":{"line":178,"column":null}},"89":{"start":{"line":180,"column":2},"end":{"line":184,"column":null}},"90":{"start":{"line":181,"column":4},"end":{"line":181,"column":null}},"91":{"start":{"line":182,"column":4},"end":{"line":182,"column":null}},"92":{"start":{"line":183,"column":4},"end":{"line":183,"column":null}},"93":{"start":{"line":186,"column":2},"end":{"line":186,"column":null}},"94":{"start":{"line":187,"column":2},"end":{"line":187,"column":null}},"95":{"start":{"line":191,"column":26},"end":{"line":191,"column":null}},"96":{"start":{"line":192,"column":2},"end":{"line":192,"column":null}},"97":{"start":{"line":194,"column":2},"end":{"line":198,"column":null}},"98":{"start":{"line":195,"column":4},"end":{"line":195,"column":null}},"99":{"start":{"line":196,"column":4},"end":{"line":196,"column":null}},"100":{"start":{"line":197,"column":4},"end":{"line":197,"column":null}},"101":{"start":{"line":200,"column":2},"end":{"line":200,"column":null}},"102":{"start":{"line":201,"column":2},"end":{"line":201,"column":null}}},"fnMap":{"0":{"name":"escapeXML","decl":{"start":{"line":9,"column":16},"end":{"line":9,"column":26}},"loc":{"start":{"line":9,"column":47},"end":{"line":16,"column":null}},"line":9},"1":{"name":"conversationBodyToXML","decl":{"start":{"line":18,"column":9},"end":{"line":18,"column":null}},"loc":{"start":{"line":21,"column":12},"end":{"line":62,"column":null}},"line":21},"2":{"name":"blockToXML","decl":{"start":{"line":64,"column":16},"end":{"line":64,"column":27}},"loc":{"start":{"line":64,"column":65},"end":{"line":83,"column":null}},"line":64},"3":{"name":"entryToXML","decl":{"start":{"line":85,"column":16},"end":{"line":85,"column":27}},"loc":{"start":{"line":85,"column":65},"end":{"line":98,"column":null}},"line":85},"4":{"name":"conversationToXML","decl":{"start":{"line":100,"column":16},"end":{"line":100,"column":34}},"loc":{"start":{"line":100,"column":62},"end":{"line":105,"column":null}},"line":100},"5":{"name":"entryDeltaToXML","decl":{"start":{"line":107,"column":16},"end":{"line":107,"column":32}},"loc":{"start":{"line":107,"column":75},"end":{"line":129,"column":null}},"line":107},"6":{"name":"deltaToXML","decl":{"start":{"line":131,"column":9},"end":{"line":131,"column":20}},"loc":{"start":{"line":131,"column":58},"end":{"line":155,"column":null}},"line":131},"7":{"name":"timelineToXML","decl":{"start":{"line":157,"column":16},"end":{"line":157,"column":30}},"loc":{"start":{"line":157,"column":65},"end":{"line":173,"column":null}},"line":157},"8":{"name":"conversationsMapToXML","decl":{"start":{"line":175,"column":16},"end":{"line":175,"column":null}},"loc":{"start":{"line":177,"column":10},"end":{"line":188,"column":null}},"line":177},"9":{"name":"deltasMapToXML","decl":{"start":{"line":190,"column":16},"end":{"line":190,"column":31}},"loc":{"start":{"line":190,"column":67},"end":{"line":202,"column":null}},"line":190}},"branchMap":{"0":{"loc":{"start":{"line":25,"column":2},"end":{"line":27,"column":null}},"type":"if","locations":[{"start":{"line":25,"column":2},"end":{"line":27,"column":null}},{"start":{},"end":{}}],"line":25},"1":{"loc":{"start":{"line":29,"column":2},"end":{"line":33,"column":null}},"type":"if","locations":[{"start":{"line":29,"column":2},"end":{"line":33,"column":null}},{"start":{},"end":{}}],"line":29},"2":{"loc":{"start":{"line":35,"column":2},"end":{"line":39,"column":null}},"type":"if","locations":[{"start":{"line":35,"column":2},"end":{"line":39,"column":null}},{"start":{},"end":{}}],"line":35},"3":{"loc":{"start":{"line":47,"column":2},"end":{"line":59,"column":null}},"type":"if","locations":[{"start":{"line":47,"column":2},"end":{"line":59,"column":null}},{"start":{},"end":{}}],"line":47},"4":{"loc":{"start":{"line":50,"column":41},"end":{"line":50,"column":72}},"type":"binary-expr","locations":[{"start":{"line":50,"column":41},"end":{"line":50,"column":71}},{"start":{"line":50,"column":71},"end":{"line":50,"column":72}}],"line":50},"5":{"loc":{"start":{"line":53,"column":40},"end":{"line":53,"column":70}},"type":"binary-expr","locations":[{"start":{"line":53,"column":40},"end":{"line":53,"column":69}},{"start":{"line":53,"column":69},"end":{"line":53,"column":70}}],"line":53},"6":{"loc":{"start":{"line":56,"column":38},"end":{"line":56,"column":66}},"type":"binary-expr","locations":[{"start":{"line":56,"column":38},"end":{"line":56,"column":65}},{"start":{"line":56,"column":65},"end":{"line":56,"column":66}}],"line":56},"7":{"loc":{"start":{"line":65,"column":2},"end":{"line":82,"column":null}},"type":"switch","locations":[{"start":{"line":66,"column":4},"end":{"line":67,"column":null}},{"start":{"line":68,"column":4},"end":{"line":69,"column":null}},{"start":{"line":70,"column":4},"end":{"line":71,"column":null}},{"start":{"line":72,"column":4},"end":{"line":73,"column":null}},{"start":{"line":74,"column":4},"end":{"line":75,"column":null}},{"start":{"line":76,"column":4},"end":{"line":77,"column":null}},{"start":{"line":78,"column":4},"end":{"line":79,"column":null}},{"start":{"line":80,"column":4},"end":{"line":81,"column":null}}],"line":65},"8":{"loc":{"start":{"line":71,"column":84},"end":{"line":71,"column":107}},"type":"binary-expr","locations":[{"start":{"line":71,"column":84},"end":{"line":71,"column":105}},{"start":{"line":71,"column":105},"end":{"line":71,"column":107}}],"line":71},"9":{"loc":{"start":{"line":87,"column":16},"end":{"line":89,"column":null}},"type":"cond-expr","locations":[{"start":{"line":88,"column":6},"end":{"line":88,"column":null}},{"start":{"line":89,"column":6},"end":{"line":89,"column":null}}],"line":87},"10":{"loc":{"start":{"line":111,"column":2},"end":{"line":117,"column":null}},"type":"if","locations":[{"start":{"line":111,"column":2},"end":{"line":117,"column":null}},{"start":{},"end":{}}],"line":111},"11":{"loc":{"start":{"line":111,"column":6},"end":{"line":111,"column":45}},"type":"binary-expr","locations":[{"start":{"line":111,"column":6},"end":{"line":111,"column":21}},{"start":{"line":111,"column":21},"end":{"line":111,"column":45}}],"line":111},"12":{"loc":{"start":{"line":119,"column":2},"end":{"line":125,"column":null}},"type":"if","locations":[{"start":{"line":119,"column":2},"end":{"line":125,"column":null}},{"start":{},"end":{}}],"line":119},"13":{"loc":{"start":{"line":119,"column":6},"end":{"line":119,"column":49}},"type":"binary-expr","locations":[{"start":{"line":119,"column":6},"end":{"line":119,"column":23}},{"start":{"line":119,"column":23},"end":{"line":119,"column":49}}],"line":119},"14":{"loc":{"start":{"line":135,"column":2},"end":{"line":139,"column":null}},"type":"if","locations":[{"start":{"line":135,"column":2},"end":{"line":139,"column":null}},{"start":{},"end":{}}],"line":135},"15":{"loc":{"start":{"line":141,"column":2},"end":{"line":145,"column":null}},"type":"if","locations":[{"start":{"line":141,"column":2},"end":{"line":145,"column":null}},{"start":{},"end":{}}],"line":141}},"s":{"0":28,"1":2,"2":2,"3":2,"4":2,"5":2,"6":1,"7":1,"8":1,"9":2,"10":1,"11":1,"12":1,"13":2,"14":2,"15":1,"16":2,"17":2,"18":1,"19":1,"20":1,"21":1,"22":1,"23":2,"24":9,"25":4,"26":0,"27":3,"28":1,"29":1,"30":0,"31":0,"32":0,"33":4,"34":4,"35":4,"36":4,"37":4,"38":4,"39":4,"40":4,"41":4,"42":2,"43":2,"44":2,"45":2,"46":3,"47":3,"48":3,"49":2,"50":2,"51":2,"52":2,"53":3,"54":1,"55":1,"56":1,"57":1,"58":3,"59":3,"60":2,"61":2,"62":2,"63":1,"64":1,"65":1,"66":2,"67":1,"68":1,"69":1,"70":2,"71":2,"72":1,"73":2,"74":2,"75":2,"76":2,"77":2,"78":2,"79":2,"80":2,"81":2,"82":2,"83":2,"84":2,"85":2,"86":2,"87":2,"88":0,"89":0,"90":0,"91":0,"92":0,"93":0,"94":0,"95":0,"96":0,"97":0,"98":0,"99":0,"100":0,"101":0,"102":0},"f":{"0":28,"1":2,"2":9,"3":4,"4":2,"5":3,"6":2,"7":2,"8":0,"9":0},"b":{"0":[2,0],"1":[1,1],"2":[1,1],"3":[1,1],"4":[1,0],"5":[1,0],"6":[1,0],"7":[4,0,3,1,1,0,0,0],"8":[3,1],"9":[1,3],"10":[2,1],"11":[3,2],"12":[1,2],"13":[3,1],"14":[1,1],"15":[1,1]},"meta":{"lastBranch":16,"lastFunction":10,"lastStatement":103,"seen":{"f:9:16:9:26":0,"s:10:2:15:Infinity":0,"f:18:9:18:Infinity":1,"s:22:26:22:Infinity":1,"s:23:2:23:Infinity":2,"b:25:2:27:Infinity:undefined:undefined:undefined:undefined":0,"s:25:2:27:Infinity":3,"s:26:4:26:Infinity":4,"b:29:2:33:Infinity:undefined:undefined:undefined:undefined":1,"s:29:2:33:Infinity":5,"s:30:4:30:Infinity":6,"s:31:4:31:Infinity":7,"s:32:4:32:Infinity":8,"b:35:2:39:Infinity:undefined:undefined:undefined:undefined":2,"s:35:2:39:Infinity":9,"s:36:4:36:Infinity":10,"s:37:4:37:Infinity":11,"s:38:4:38:Infinity":12,"s:41:2:41:Infinity":13,"s:42:2:44:Infinity":14,"s:43:4:43:Infinity":15,"s:45:2:45:Infinity":16,"b:47:2:59:Infinity:undefined:undefined:undefined:undefined":3,"s:47:2:59:Infinity":17,"s:48:4:48:Infinity":18,"s:49:4:51:Infinity":19,"b:50:41:50:71:50:71:50:72":4,"s:52:4:54:Infinity":20,"b:53:40:53:69:53:69:53:70":5,"s:55:4:57:Infinity":21,"b:56:38:56:65:56:65:56:66":6,"s:58:4:58:Infinity":22,"s:61:2:61:Infinity":23,"f:64:16:64:27":2,"b:66:4:67:Infinity:68:4:69:Infinity:70:4:71:Infinity:72:4:73:Infinity:74:4:75:Infinity:76:4:77:Infinity:78:4:79:Infinity:80:4:81:Infinity":7,"s:65:2:82:Infinity":24,"s:67:6:67:Infinity":25,"s:69:6:69:Infinity":26,"s:71:6:71:Infinity":27,"b:71:84:71:105:71:105:71:107":8,"s:73:6:73:Infinity":28,"s:75:6:75:Infinity":29,"s:77:6:77:Infinity":30,"s:79:6:79:Infinity":31,"s:81:6:81:Infinity":32,"f:85:16:85:27":3,"s:86:26:86:Infinity":33,"s:87:16:89:Infinity":34,"b:88:6:88:Infinity:89:6:89:Infinity":9,"s:90:2:90:Infinity":35,"s:91:2:91:Infinity":36,"s:92:2:94:Infinity":37,"s:93:4:93:Infinity":38,"s:95:2:95:Infinity":39,"s:96:2:96:Infinity":40,"s:97:2:97:Infinity":41,"f:100:16:100:34":4,"s:101:26:101:Infinity":42,"s:102:2:102:Infinity":43,"s:103:2:103:Infinity":44,"s:104:2:104:Infinity":45,"f:107:16:107:32":5,"s:108:26:108:Infinity":46,"s:109:2:109:Infinity":47,"b:111:2:117:Infinity:undefined:undefined:undefined:undefined":10,"s:111:2:117:Infinity":48,"b:111:6:111:21:111:21:111:45":11,"s:112:4:112:Infinity":49,"s:113:4:115:Infinity":50,"s:114:6:114:Infinity":51,"s:116:4:116:Infinity":52,"b:119:2:125:Infinity:undefined:undefined:undefined:undefined":12,"s:119:2:125:Infinity":53,"b:119:6:119:23:119:23:119:49":13,"s:120:4:120:Infinity":54,"s:121:4:123:Infinity":55,"s:122:6:122:Infinity":56,"s:124:4:124:Infinity":57,"s:127:2:127:Infinity":58,"s:128:2:128:Infinity":59,"f:131:9:131:20":6,"s:132:26:132:Infinity":60,"s:133:2:133:Infinity":61,"b:135:2:139:Infinity:undefined:undefined:undefined:undefined":14,"s:135:2:139:Infinity":62,"s:136:4:136:Infinity":63,"s:137:4:137:Infinity":64,"s:138:4:138:Infinity":65,"b:141:2:145:Infinity:undefined:undefined:undefined:undefined":15,"s:141:2:145:Infinity":66,"s:142:4:142:Infinity":67,"s:143:4:143:Infinity":68,"s:144:4:144:Infinity":69,"s:147:2:147:Infinity":70,"s:148:2:150:Infinity":71,"s:149:4:149:Infinity":72,"s:151:2:151:Infinity":73,"s:153:2:153:Infinity":74,"s:154:2:154:Infinity":75,"f:157:16:157:30":7,"s:158:26:158:Infinity":76,"s:159:2:159:Infinity":77,"s:160:2:160:Infinity":78,"s:161:2:161:Infinity":79,"s:162:2:162:Infinity":80,"s:164:2:168:Infinity":81,"s:165:4:165:Infinity":82,"s:166:4:166:Infinity":83,"s:167:4:167:Infinity":84,"s:170:2:170:Infinity":85,"s:171:2:171:Infinity":86,"s:172:2:172:Infinity":87,"f:175:16:175:Infinity":8,"s:178:26:178:Infinity":88,"s:180:2:184:Infinity":89,"s:181:4:181:Infinity":90,"s:182:4:182:Infinity":91,"s:183:4:183:Infinity":92,"s:186:2:186:Infinity":93,"s:187:2:187:Infinity":94,"f:190:16:190:31":9,"s:191:26:191:Infinity":95,"s:192:2:192:Infinity":96,"s:194:2:198:Infinity":97,"s:195:4:195:Infinity":98,"s:196:4:196:Infinity":99,"s:197:4:197:Infinity":100,"s:200:2:200:Infinity":101,"s:201:2:201:Infinity":102}}}
,"/Users/li/Projects/opencode-trace/packages/core/src/parse/anthropic.ts": {"path":"/Users/li/Projects/opencode-trace/packages/core/src/parse/anthropic.ts","statementMap":{"0":{"start":{"line":16,"column":2},"end":{"line":16,"column":null}},"1":{"start":{"line":19,"column":39},"end":{"line":221,"column":null}},"2":{"start":{"line":23,"column":4},"end":{"line":23,"column":null}},"3":{"start":{"line":27,"column":4},"end":{"line":35,"column":null}},"4":{"start":{"line":28,"column":6},"end":{"line":34,"column":null}},"5":{"start":{"line":37,"column":31},"end":{"line":37,"column":null}},"6":{"start":{"line":38,"column":4},"end":{"line":52,"column":null}},"7":{"start":{"line":39,"column":6},"end":{"line":39,"column":null}},"8":{"start":{"line":40,"column":4},"end":{"line":52,"column":null}},"9":{"start":{"line":41,"column":6},"end":{"line":51,"column":null}},"10":{"start":{"line":42,"column":8},"end":{"line":50,"column":null}},"11":{"start":{"line":43,"column":10},"end":{"line":43,"column":null}},"12":{"start":{"line":44,"column":8},"end":{"line":50,"column":null}},"13":{"start":{"line":49,"column":10},"end":{"line":49,"column":null}},"14":{"start":{"line":54,"column":32},"end":{"line":54,"column":null}},"15":{"start":{"line":55,"column":4},"end":{"line":66,"column":null}},"16":{"start":{"line":56,"column":6},"end":{"line":65,"column":null}},"17":{"start":{"line":57,"column":8},"end":{"line":57,"column":null}},"18":{"start":{"line":57,"column":29},"end":{"line":57,"column":null}},"19":{"start":{"line":58,"column":8},"end":{"line":64,"column":null}},"20":{"start":{"line":68,"column":26},"end":{"line":68,"column":null}},"21":{"start":{"line":69,"column":4},"end":{"line":143,"column":null}},"22":{"start":{"line":70,"column":6},"end":{"line":142,"column":null}},"23":{"start":{"line":71,"column":8},"end":{"line":71,"column":null}},"24":{"start":{"line":71,"column":28},"end":{"line":71,"column":null}},"25":{"start":{"line":72,"column":21},"end":{"line":72,"column":null}},"26":{"start":{"line":76,"column":32},"end":{"line":76,"column":null}},"27":{"start":{"line":78,"column":8},"end":{"line":135,"column":null}},"28":{"start":{"line":79,"column":10},"end":{"line":79,"column":null}},"29":{"start":{"line":80,"column":8},"end":{"line":135,"column":null}},"30":{"start":{"line":81,"column":10},"end":{"line":134,"column":null}},"31":{"start":{"line":82,"column":12},"end":{"line":133,"column":null}},"32":{"start":{"line":83,"column":14},"end":{"line":83,"column":null}},"33":{"start":{"line":84,"column":12},"end":{"line":133,"column":null}},"34":{"start":{"line":85,"column":14},"end":{"line":132,"column":null}},"35":{"start":{"line":86,"column":16},"end":{"line":86,"column":null}},"36":{"start":{"line":87,"column":14},"end":{"line":132,"column":null}},"37":{"start":{"line":91,"column":16},"end":{"line":91,"column":null}},"38":{"start":{"line":92,"column":14},"end":{"line":132,"column":null}},"39":{"start":{"line":93,"column":16},"end":{"line":93,"column":null}},"40":{"start":{"line":94,"column":14},"end":{"line":132,"column":null}},"41":{"start":{"line":96,"column":18},"end":{"line":98,"column":null}},"42":{"start":{"line":99,"column":16},"end":{"line":105,"column":null}},"43":{"start":{"line":106,"column":14},"end":{"line":132,"column":null}},"44":{"start":{"line":107,"column":33},"end":{"line":107,"column":null}},"45":{"start":{"line":108,"column":16},"end":{"line":123,"column":null}},"46":{"start":{"line":109,"column":18},"end":{"line":109,"column":null}},"47":{"start":{"line":110,"column":16},"end":{"line":123,"column":null}},"48":{"start":{"line":111,"column":18},"end":{"line":122,"column":null}},"49":{"start":{"line":113,"column":22},"end":{"line":113,"column":null}},"50":{"start":{"line":113,"column":49},"end":{"line":113,"column":null}},"51":{"start":{"line":114,"column":22},"end":{"line":119,"column":null}},"52":{"start":{"line":119,"column":24},"end":{"line":119,"column":null}},"53":{"start":{"line":120,"column":22},"end":{"line":120,"column":null}},"54":{"start":{"line":124,"column":16},"end":{"line":129,"column":null}},"55":{"start":{"line":131,"column":16},"end":{"line":131,"column":null}},"56":{"start":{"line":137,"column":8},"end":{"line":139,"column":null}},"57":{"start":{"line":138,"column":10},"end":{"line":138,"column":null}},"58":{"start":{"line":141,"column":8},"end":{"line":141,"column":null}},"59":{"start":{"line":145,"column":4},"end":{"line":153,"column":null}},"60":{"start":{"line":157,"column":4},"end":{"line":157,"column":null}},"61":{"start":{"line":157,"column":25},"end":{"line":157,"column":null}},"62":{"start":{"line":159,"column":26},"end":{"line":159,"column":null}},"63":{"start":{"line":160,"column":4},"end":{"line":192,"column":null}},"64":{"start":{"line":161,"column":30},"end":{"line":161,"column":null}},"65":{"start":{"line":163,"column":6},"end":{"line":187,"column":null}},"66":{"start":{"line":164,"column":8},"end":{"line":164,"column":null}},"67":{"start":{"line":164,"column":30},"end":{"line":164,"column":null}},"68":{"start":{"line":165,"column":8},"end":{"line":186,"column":null}},"69":{"start":{"line":166,"column":10},"end":{"line":166,"column":null}},"70":{"start":{"line":167,"column":8},"end":{"line":186,"column":null}},"71":{"start":{"line":171,"column":10},"end":{"line":171,"column":null}},"72":{"start":{"line":172,"column":8},"end":{"line":186,"column":null}},"73":{"start":{"line":174,"column":12},"end":{"line":176,"column":null}},"74":{"start":{"line":177,"column":10},"end":{"line":183,"column":null}},"75":{"start":{"line":185,"column":10},"end":{"line":185,"column":null}},"76":{"start":{"line":189,"column":6},"end":{"line":191,"column":null}},"77":{"start":{"line":190,"column":8},"end":{"line":190,"column":null}},"78":{"start":{"line":194,"column":18},"end":{"line":194,"column":null}},"79":{"start":{"line":195,"column":45},"end":{"line":195,"column":null}},"80":{"start":{"line":196,"column":4},"end":{"line":213,"column":null}},"81":{"start":{"line":198,"column":8},"end":{"line":198,"column":null}},"82":{"start":{"line":200,"column":8},"end":{"line":200,"column":null}},"83":{"start":{"line":202,"column":8},"end":{"line":204,"column":null}},"84":{"start":{"line":206,"column":24},"end":{"line":206,"column":null}},"85":{"start":{"line":208,"column":6},"end":{"line":212,"column":null}},"86":{"start":{"line":215,"column":4},"end":{"line":219,"column":null}},"87":{"start":{"line":224,"column":0},"end":{"line":224,"column":null}}},"fnMap":{"0":{"name":"isRecord","decl":{"start":{"line":15,"column":9},"end":{"line":15,"column":18}},"loc":{"start":{"line":15,"column":60},"end":{"line":17,"column":null}},"line":15},"1":{"name":"match","decl":{"start":{"line":22,"column":2},"end":{"line":22,"column":8}},"loc":{"start":{"line":22,"column":46},"end":{"line":24,"column":null}},"line":22},"2":{"name":"parseRequest","decl":{"start":{"line":26,"column":2},"end":{"line":26,"column":15}},"loc":{"start":{"line":26,"column":44},"end":{"line":154,"column":null}},"line":26},"3":{"name":"(anonymous_3)","decl":{"start":{"line":112,"column":25},"end":{"line":112,"column":26}},"loc":{"start":{"line":112,"column":41},"end":{"line":121,"column":21}},"line":112},"4":{"name":"parseResponse","decl":{"start":{"line":156,"column":2},"end":{"line":156,"column":16}},"loc":{"start":{"line":156,"column":54},"end":{"line":220,"column":null}},"line":156}},"branchMap":{"0":{"loc":{"start":{"line":16,"column":9},"end":{"line":16,"column":null}},"type":"binary-expr","locations":[{"start":{"line":16,"column":9},"end":{"line":16,"column":34}},{"start":{"line":16,"column":34},"end":{"line":16,"column":48}},{"start":{"line":16,"column":48},"end":{"line":16,"column":null}}],"line":16},"1":{"loc":{"start":{"line":27,"column":4},"end":{"line":35,"column":null}},"type":"if","locations":[{"start":{"line":27,"column":4},"end":{"line":35,"column":null}},{"start":{},"end":{}}],"line":27},"2":{"loc":{"start":{"line":38,"column":4},"end":{"line":52,"column":null}},"type":"if","locations":[{"start":{"line":38,"column":4},"end":{"line":52,"column":null}},{"start":{"line":40,"column":4},"end":{"line":52,"column":null}}],"line":38},"3":{"loc":{"start":{"line":40,"column":4},"end":{"line":52,"column":null}},"type":"if","locations":[{"start":{"line":40,"column":4},"end":{"line":52,"column":null}},{"start":{},"end":{}}],"line":40},"4":{"loc":{"start":{"line":42,"column":8},"end":{"line":50,"column":null}},"type":"if","locations":[{"start":{"line":42,"column":8},"end":{"line":50,"column":null}},{"start":{"line":44,"column":8},"end":{"line":50,"column":null}}],"line":42},"5":{"loc":{"start":{"line":44,"column":8},"end":{"line":50,"column":null}},"type":"if","locations":[{"start":{"line":44,"column":8},"end":{"line":50,"column":null}},{"start":{},"end":{}}],"line":44},"6":{"loc":{"start":{"line":45,"column":10},"end":{"line":47,"column":null}},"type":"binary-expr","locations":[{"start":{"line":45,"column":10},"end":{"line":45,"column":null}},{"start":{"line":46,"column":10},"end":{"line":46,"column":null}},{"start":{"line":47,"column":10},"end":{"line":47,"column":null}}],"line":45},"7":{"loc":{"start":{"line":55,"column":4},"end":{"line":66,"column":null}},"type":"if","locations":[{"start":{"line":55,"column":4},"end":{"line":66,"column":null}},{"start":{},"end":{}}],"line":55},"8":{"loc":{"start":{"line":57,"column":8},"end":{"line":57,"column":null}},"type":"if","locations":[{"start":{"line":57,"column":8},"end":{"line":57,"column":null}},{"start":{},"end":{}}],"line":57},"9":{"loc":{"start":{"line":60,"column":19},"end":{"line":60,"column":34}},"type":"binary-expr","locations":[{"start":{"line":60,"column":19},"end":{"line":60,"column":32}},{"start":{"line":60,"column":32},"end":{"line":60,"column":34}}],"line":60},"10":{"loc":{"start":{"line":61,"column":12},"end":{"line":61,"column":null}},"type":"cond-expr","locations":[{"start":{"line":61,"column":51},"end":{"line":61,"column":70}},{"start":{"line":61,"column":70},"end":{"line":61,"column":null}}],"line":61},"11":{"loc":{"start":{"line":62,"column":12},"end":{"line":62,"column":null}},"type":"binary-expr","locations":[{"start":{"line":62,"column":12},"end":{"line":62,"column":33}},{"start":{"line":62,"column":33},"end":{"line":62,"column":null}}],"line":62},"12":{"loc":{"start":{"line":69,"column":4},"end":{"line":143,"column":null}},"type":"if","locations":[{"start":{"line":69,"column":4},"end":{"line":143,"column":null}},{"start":{},"end":{}}],"line":69},"13":{"loc":{"start":{"line":71,"column":8},"end":{"line":71,"column":null}},"type":"if","locations":[{"start":{"line":71,"column":8},"end":{"line":71,"column":null}},{"start":{},"end":{}}],"line":71},"14":{"loc":{"start":{"line":72,"column":28},"end":{"line":72,"column":46}},"type":"binary-expr","locations":[{"start":{"line":72,"column":28},"end":{"line":72,"column":40}},{"start":{"line":72,"column":40},"end":{"line":72,"column":46}}],"line":72},"15":{"loc":{"start":{"line":78,"column":8},"end":{"line":135,"column":null}},"type":"if","locations":[{"start":{"line":78,"column":8},"end":{"line":135,"column":null}},{"start":{"line":80,"column":8},"end":{"line":135,"column":null}}],"line":78},"16":{"loc":{"start":{"line":80,"column":8},"end":{"line":135,"column":null}},"type":"if","locations":[{"start":{"line":80,"column":8},"end":{"line":135,"column":null}},{"start":{},"end":{}}],"line":80},"17":{"loc":{"start":{"line":82,"column":12},"end":{"line":133,"column":null}},"type":"if","locations":[{"start":{"line":82,"column":12},"end":{"line":133,"column":null}},{"start":{"line":84,"column":12},"end":{"line":133,"column":null}}],"line":82},"18":{"loc":{"start":{"line":84,"column":12},"end":{"line":133,"column":null}},"type":"if","locations":[{"start":{"line":84,"column":12},"end":{"line":133,"column":null}},{"start":{},"end":{}}],"line":84},"19":{"loc":{"start":{"line":85,"column":14},"end":{"line":132,"column":null}},"type":"if","locations":[{"start":{"line":85,"column":14},"end":{"line":132,"column":null}},{"start":{"line":87,"column":14},"end":{"line":132,"column":null}}],"line":85},"20":{"loc":{"start":{"line":85,"column":18},"end":{"line":85,"column":75}},"type":"binary-expr","locations":[{"start":{"line":85,"column":18},"end":{"line":85,"column":43}},{"start":{"line":85,"column":43},"end":{"line":85,"column":75}}],"line":85},"21":{"loc":{"start":{"line":87,"column":14},"end":{"line":132,"column":null}},"type":"if","locations":[{"start":{"line":87,"column":14},"end":{"line":132,"column":null}},{"start":{"line":92,"column":14},"end":{"line":132,"column":null}}],"line":87},"22":{"loc":{"start":{"line":88,"column":16},"end":{"line":89,"column":null}},"type":"binary-expr","locations":[{"start":{"line":88,"column":16},"end":{"line":88,"column":null}},{"start":{"line":89,"column":16},"end":{"line":89,"column":null}}],"line":88},"23":{"loc":{"start":{"line":92,"column":14},"end":{"line":132,"column":null}},"type":"if","locations":[{"start":{"line":92,"column":14},"end":{"line":132,"column":null}},{"start":{"line":94,"column":14},"end":{"line":132,"column":null}}],"line":92},"24":{"loc":{"start":{"line":92,"column":25},"end":{"line":92,"column":75}},"type":"binary-expr","locations":[{"start":{"line":92,"column":25},"end":{"line":92,"column":51}},{"start":{"line":92,"column":51},"end":{"line":92,"column":75}}],"line":92},"25":{"loc":{"start":{"line":94,"column":14},"end":{"line":132,"column":null}},"type":"if","locations":[{"start":{"line":94,"column":14},"end":{"line":132,"column":null}},{"start":{"line":106,"column":14},"end":{"line":132,"column":null}}],"line":94},"26":{"loc":{"start":{"line":96,"column":18},"end":{"line":98,"column":null}},"type":"cond-expr","locations":[{"start":{"line":97,"column":22},"end":{"line":97,"column":null}},{"start":{"line":98,"column":22},"end":{"line":98,"column":null}}],"line":96},"27":{"loc":{"start":{"line":98,"column":37},"end":{"line":98,"column":54}},"type":"binary-expr","locations":[{"start":{"line":98,"column":37},"end":{"line":98,"column":52}},{"start":{"line":98,"column":52},"end":{"line":98,"column":54}}],"line":98},"28":{"loc":{"start":{"line":101,"column":27},"end":{"line":101,"column":41}},"type":"binary-expr","locations":[{"start":{"line":101,"column":27},"end":{"line":101,"column":39}},{"start":{"line":101,"column":39},"end":{"line":101,"column":41}}],"line":101},"29":{"loc":{"start":{"line":102,"column":27},"end":{"line":102,"column":43}},"type":"binary-expr","locations":[{"start":{"line":102,"column":27},"end":{"line":102,"column":41}},{"start":{"line":102,"column":41},"end":{"line":102,"column":43}}],"line":102},"30":{"loc":{"start":{"line":106,"column":14},"end":{"line":132,"column":null}},"type":"if","locations":[{"start":{"line":106,"column":14},"end":{"line":132,"column":null}},{"start":{"line":130,"column":21},"end":{"line":132,"column":null}}],"line":106},"31":{"loc":{"start":{"line":108,"column":16},"end":{"line":123,"column":null}},"type":"if","locations":[{"start":{"line":108,"column":16},"end":{"line":123,"column":null}},{"start":{"line":110,"column":16},"end":{"line":123,"column":null}}],"line":108},"32":{"loc":{"start":{"line":110,"column":16},"end":{"line":123,"column":null}},"type":"if","locations":[{"start":{"line":110,"column":16},"end":{"line":123,"column":null}},{"start":{},"end":{}}],"line":110},"33":{"loc":{"start":{"line":113,"column":22},"end":{"line":113,"column":null}},"type":"if","locations":[{"start":{"line":113,"column":22},"end":{"line":113,"column":null}},{"start":{},"end":{}}],"line":113},"34":{"loc":{"start":{"line":114,"column":22},"end":{"line":119,"column":null}},"type":"if","locations":[{"start":{"line":114,"column":22},"end":{"line":119,"column":null}},{"start":{},"end":{}}],"line":114},"35":{"loc":{"start":{"line":115,"column":24},"end":{"line":117,"column":null}},"type":"binary-expr","locations":[{"start":{"line":115,"column":24},"end":{"line":115,"column":null}},{"start":{"line":116,"column":24},"end":{"line":116,"column":null}},{"start":{"line":117,"column":24},"end":{"line":117,"column":null}}],"line":115},"36":{"loc":{"start":{"line":126,"column":27},"end":{"line":126,"column":50}},"type":"binary-expr","locations":[{"start":{"line":126,"column":27},"end":{"line":126,"column":48}},{"start":{"line":126,"column":48},"end":{"line":126,"column":50}}],"line":126},"37":{"loc":{"start":{"line":137,"column":8},"end":{"line":139,"column":null}},"type":"if","locations":[{"start":{"line":137,"column":8},"end":{"line":139,"column":null}},{"start":{},"end":{}}],"line":137},"38":{"loc":{"start":{"line":147,"column":13},"end":{"line":147,"column":null}},"type":"cond-expr","locations":[{"start":{"line":147,"column":46},"end":{"line":147,"column":59}},{"start":{"line":147,"column":59},"end":{"line":147,"column":null}}],"line":147},"39":{"loc":{"start":{"line":148,"column":11},"end":{"line":148,"column":null}},"type":"cond-expr","locations":[{"start":{"line":148,"column":30},"end":{"line":148,"column":62}},{"start":{"line":148,"column":62},"end":{"line":148,"column":null}}],"line":148},"40":{"loc":{"start":{"line":149,"column":12},"end":{"line":149,"column":null}},"type":"cond-expr","locations":[{"start":{"line":149,"column":32},"end":{"line":149,"column":66}},{"start":{"line":149,"column":66},"end":{"line":149,"column":null}}],"line":149},"41":{"loc":{"start":{"line":157,"column":4},"end":{"line":157,"column":null}},"type":"if","locations":[{"start":{"line":157,"column":4},"end":{"line":157,"column":null}},{"start":{},"end":{}}],"line":157},"42":{"loc":{"start":{"line":160,"column":4},"end":{"line":192,"column":null}},"type":"if","locations":[{"start":{"line":160,"column":4},"end":{"line":192,"column":null}},{"start":{},"end":{}}],"line":160},"43":{"loc":{"start":{"line":164,"column":8},"end":{"line":164,"column":null}},"type":"if","locations":[{"start":{"line":164,"column":8},"end":{"line":164,"column":null}},{"start":{},"end":{}}],"line":164},"44":{"loc":{"start":{"line":165,"column":8},"end":{"line":186,"column":null}},"type":"if","locations":[{"start":{"line":165,"column":8},"end":{"l
[...]
e":374,"column":null}},"type":"if","locations":[{"start":{"line":372,"column":2},"end":{"line":374,"column":null}},{"start":{},"end":{}}],"line":372}},"s":{"0":228,"1":2,"2":2,"3":13,"4":13,"5":13,"6":13,"7":13,"8":13,"9":33,"10":11,"11":22,"12":22,"13":22,"14":0,"15":21,"16":4,"17":4,"18":4,"19":4,"20":4,"21":4,"22":4,"23":21,"24":21,"25":4,"26":17,"27":33,"28":0,"29":17,"30":12,"31":17,"32":2,"33":17,"34":3,"35":3,"36":0,"37":3,"38":3,"39":3,"40":1,"41":3,"42":3,"43":1,"44":13,"45":4,"46":9,"47":9,"48":1,"49":9,"50":8,"51":9,"52":1,"53":9,"54":0,"55":9,"56":2,"57":2,"58":11,"59":11,"60":11,"61":11,"62":11,"63":11,"64":11,"65":11,"66":29,"67":0,"68":29,"69":29,"70":29,"71":0,"72":29,"73":29,"74":2,"75":2,"76":2,"77":2,"78":2,"79":2,"80":29,"81":6,"82":6,"83":23,"84":2,"85":2,"86":21,"87":4,"88":4,"89":4,"90":4,"91":4,"92":17,"93":3,"94":3,"95":3,"96":3,"97":3,"98":14,"99":6,"100":6,"101":3,"102":3,"103":3,"104":3,"105":8,"106":8,"107":6,"108":6,"109":1,"110":6,"111":3,"112":6,"113":3,"114":6,"115":0,"116":6,"117":0,"118":11,"119":1,"120":1,"121":0,"122":1,"123":1,"124":1,"125":0,"126":1,"127":0,"128":1,"129":11,"130":2,"131":2,"132":9,"133":9,"134":9,"135":9,"136":9,"137":9,"138":34,"139":0,"140":34,"141":34,"142":34,"143":0,"144":34,"145":34,"146":1,"147":1,"148":1,"149":1,"150":1,"151":34,"152":10,"153":10,"154":10,"155":5,"156":5,"157":2,"158":3,"159":3,"160":3,"161":24,"162":8,"163":8,"164":8,"165":2,"166":6,"167":2,"168":0,"169":9,"170":3,"171":6,"172":6,"173":2,"174":6,"175":4,"176":6,"177":2,"178":6,"179":0,"180":6},"f":{"0":228,"1":2,"2":13,"3":2,"4":11,"5":2,"6":9},"b":{"0":[228,144,144],"1":[11,22],"2":[33,33],"3":[0,22],"4":[4,17],"5":[1,3],"6":[0,4],"7":[4,0],"8":[4,0],"9":[1,3],"10":[4,0],"11":[1,3],"12":[4,0],"13":[4,17],"14":[21,21],"15":[0,33],"16":[12,5],"17":[2,15],"18":[3,14],"19":[0,3],"20":[3,0],"21":[3,0],"22":[1,2],"23":[1,0],"24":[1,0],"25":[3,0],"26":[4,9],"27":[13,5,4],"28":[1,8],"29":[8,1],"30":[0,9],"31":[0,29],"32":[0,29],"33":[2,27],"34":[2,0],"35":[2,0],"36":[2,0],"37":[2,0],"38":[2,0],"39":[2,0],"40":[2,0],"41":[6,23],"42":[6,0],"43":[2,21],"44":[2,0],"45":[4,17],"46":[4,0],"47":[4,0],"48":[4,0],"49":[3,14],"50":[3,0],"51":[3,0],"52":[3,0],"53":[3,0,0],"54":[3,0],"55":[6,8],"56":[3,3],"57":[6,6],"58":[3,0],"59":[2,1],"60":[1,0],"61":[3,0,0,0],"62":[3,0,0],"63":[8,0],"64":[6,2],"65":[8,5,4],"66":[1,5],"67":[3,3],"68":[0,6],"69":[1,10],"70":[11,5,4,4],"71":[0,1],"72":[1,0],"73":[0,1],"74":[0,34],"75":[0,34],"76":[1,33],"77":[1,0],"78":[1,0],"79":[1,0],"80":[1,0],"81":[1,0],"82":[1,0],"83":[10,24],"84":[10,0],"85":[5,5],"86":[10,5],"87":[2,3],"88":[5,2],"89":[3,0],"90":[3,3],"91":[3,0],"92":[8,16],"93":[8,0],"94":[2,6],"95":[2,0],"96":[2,0],"97":[2,4],"98":[6,2],"99":[3,6],"100":[9,5,4],"101":[2,4],"102":[4,2],"103":[0,6]},"meta":{"lastBranch":104,"lastFunction":7,"lastStatement":181,"seen":{"f:11:9:11:18":0,"s:12:2:12:Infinity":0,"b:12:9:12:34:12:34:12:48:12:48:12:Infinity":0,"f:20:16:20:40":1,"s:21:17:21:Infinity":1,"s:22:2:22:Infinity":2,"f:25:16:25:35":2,"s:26:8:26:Infinity":3,"s:27:16:27:Infinity":4,"s:28:25:28:Infinity":5,"s:29:71:29:Infinity":6,"s:30:37:30:Infinity":7,"s:32:2:105:Infinity":8,"b:33:4:33:Infinity:undefined:undefined:undefined:undefined":1,"s:33:4:33:Infinity":9,"b:33:8:33:23:33:23:33:48":2,"s:33:48:33:Infinity":10,"s:34:4:104:Infinity":11,"s:35:21:35:Infinity":12,"b:36:6:36:Infinity:undefined:undefined:undefined:undefined":3,"s:36:6:36:Infinity":13,"s:36:29:36:Infinity":14,"b:38:6:67:Infinity:undefined:undefined:undefined:undefined":4,"s:38:6:67:Infinity":15,"s:39:30:41:Infinity":16,"b:40:12:40:Infinity:41:12:41:Infinity":5,"s:42:34:46:Infinity":17,"b:45:12:45:Infinity:46:12:46:Infinity":6,"s:49:10:51:Infinity":18,"b:50:14:50:Infinity:51:14:51:Infinity":7,"s:53:10:55:Infinity":19,"b:54:14:54:Infinity:55:14:55:Infinity":8,"s:57:10:59:Infinity":20,"b:58:14:58:Infinity:59:14:59:Infinity":9,"s:60:26:60:Infinity":21,"s:62:8:66:Infinity":22,"b:63:43:63:55:63:55:63:Infinity":10,"b:64:45:64:60:64:60:64:Infinity":11,"b:65:43:65:58:65:58:65:Infinity":12,"s:69:22:69:Infinity":23,"b:70:6:70:Infinity:undefined:undefined:undefined:undefined":13,"s:70:6:70:Infinity":24,"b:70:10:70:37:70:37:70:59":14,"s:70:59:70:Infinity":25,"s:71:21:71:Infinity":26,"b:72:6:72:Infinity:undefined:undefined:undefined:undefined":15,"s:72:6:72:Infinity":27,"s:72:28:72:Infinity":28,"b:74:6:76:Infinity:undefined:undefined:undefined:undefined":16,"s:74:6:76:Infinity":29,"s:75:8:75:Infinity":30,"b:78:6:80:Infinity:undefined:undefined:undefined:undefined":17,"s:78:6:80:Infinity":31,"s:79:8:79:Infinity":32,"b:82:6:99:Infinity:undefined:undefined:undefined:undefined":18,"s:82:6:99:Infinity":33,"s:83:8:98:Infinity":34,"b:84:10:84:Infinity:undefined:undefined:undefined:undefined":19,"s:84:10:84:Infinity":35,"s:84:29:84:Infinity":36,"s:86:12:86:Infinity":37,"b:86:43:86:54:86:54:86:Infinity":20,"s:87:21:87:Infinity":38,"b:87:45:87:59:87:59:87:Infinity":21,"b:88:10:94:Infinity:undefined:undefined:undefined:undefined":22,"s:88:10:94:Infinity":39,"s:89:12:93:Infinity":40,"b:90:25:90:34:90:34:90:36":23,"b:91:27:91:38:91:38:91:40":24,"b:95:10:97:Infinity:undefined:undefined:undefined:undefined":25,"s:95:10:97:Infinity":41,"s:96:12:96:Infinity":42,"s:101:6:103:Infinity":43,"b:107:2:109:Infinity:undefined:undefined:undefined:undefined":26,"s:107:2:109:Infinity":44,"b:107:6:107:24:107:24:107:50:107:50:107:75":27,"s:108:4:108:Infinity":45,"s:111:26:111:Infinity":46,"b:112:2:114:Infinity:undefined:undefined:undefined:undefined":28,"s:112:2:114:Infinity":47,"s:113:4:113:Infinity":48,"b:115:2:117:Infinity:undefined:undefined:undefined:undefined":29,"s:115:2:117:Infinity":49,"s:116:4:116:Infinity":50,"s:118:2:120:Infinity":51,"s:119:4:119:Infinity":52,"b:122:2:124:Infinity:undefined:undefined:undefined:undefined":30,"s:122:2:124:Infinity":53,"s:123:4:123:Infinity":54,"s:126:2:126:Infinity":55,"f:129:16:129:45":3,"s:130:17:130:Infinity":56,"s:131:2:131:Infinity":57,"f:134:16:134:40":4,"s:135:8:135:Infinity":58,"s:136:24:136:Infinity":59,"s:137:20:137:Infinity":60,"s:138:24:138:Infinity":61,"s:139:71:139:Infinity":62,"s:141:4:141:Infinity":63,"s:142:37:142:Infinity":64,"s:144:2:248:Infinity":65,"b:145:4:145:Infinity:undefined:undefined:undefined:undefined":31,"s:145:4:145:Infinity":66,"s:145:21:145:Infinity":67,"s:146:4:247:Infinity":68,"s:147:21:147:Infinity":69,"b:148:6:148:Infinity:undefined:undefined:undefined:undefined":32,"s:148:6:148:Infinity":70,"s:148:29:148:Infinity":71,"s:149:19:149:Infinity":72,"b:151:6:175:Infinity:undefined:undefined:undefined:undefined":33,"s:151:6:175:Infinity":73,"s:152:29:154:Infinity":74,"b:153:12:153:Infinity:154:12:154:Infinity":34,"s:157:10:159:Infinity":75,"b:158:14:158:Infinity:159:14:159:Infinity":35,"s:161:10:163:Infinity":76,"b:162:14:162:Infinity:163:14:163:Infinity":36,"s:165:10:167:Infinity":77,"b:166:14:166:Infinity:167:14:167:Infinity":37,"s:168:26:168:Infinity":78,"s:170:8:174:Infinity":79,"b:171:43:171:55:171:55:171:Infinity":38,"b:172:45:172:60:172:60:172:Infinity":39,"b:173:43:173:58:173:58:173:Infinity":40,"b:177:6:242:Infinity:181:6:242:Infinity":41,"s:177:6:242:Infinity":80,"b:178:8:180:Infinity:undefined:undefined:undefined:undefined":42,"s:178:8:180:Infinity":81,"s:179:10:179:Infinity":82,"b:181:6:242:Infinity:185:6:242:Infinity":43,"s:181:6:242:Infinity":83,"b:182:8:184:Infinity:undefined:undefined:undefined:undefined":44,"s:182:8:184:Infinity":84,"s:183:10:183:Infinity":85,"b:185:6:242:Infinity:194:6:242:Infinity":45,"s:185:6:242:Infinity":86,"s:187:10:187:Infinity":87,"b:187:52:187:74:187:74:187:Infinity":46,"b:188:8:193:Infinity:undefined:undefined:undefined:undefined":47,"s:188:8:193:Infinity":88,"s:189:27:189:Infinity":89,"b:190:10:192:Infinity:undefined:undefined:undefined:undefined":48,"s:190:10:192:Infinity":90,"s:191:12:191:Infinity":91,"b:194:6:242:Infinity:209:6:242:Infinity":49,"s:194:6:242:Infinity":92,"s:195:21:195:Infinity":93,"b:196:8:208:Infinity:undefined:undefined:undefined:undefined":50,"s:196:8:208:Infinity":94,"b:197:10:207:Infinity:undefined:undefined:undefined:undefined":51,"s:197:10:207:Infinity":95,"s:199:14:201:Infinity":96,"b:200:18:200:Infinity:201:18:201:Infinity":52,"s:202:12:206:Infinity":97,"b:203:25:203:36:203:36:203:52:203:52:203:54":53,"b:204:27:204:40:204:40:204:42":54,"b:209:6:242:Infinity:225:6:242:Infinity":55,"s:209:6:242:Infinity":98,"s:210:21:210:Infinity":99,"b:211:8:224:Infinity:undefined:undefined:undefined:undefined":56,"s:211:8:224:Infinity":100,"b:211:12:211:30:211:30:211:61":57,"s:213:12:213:Infinity":101,"b:213:54:213:76:213:76:213:Infinity":58,"s:214:24:214:Infinity":102,"s:216:12:218:Infinity":103,"b:217:16:217:Infinity:218:17:218:Infinity":59,"b:218:17:218:32:218:32:218:Infinity":60,"s:219:10:223:Infinity":104,"b:220:23:220:34:220:34:220:50:220:50:220:63:220:63:220:65":61,"b:221:25:221:38:221:38:221:53:221:53:221:55":62,"b:225:6:242:Infinity:undefined:undefined:undefined:undefined":63,"s:225:6:242:Infinity":105,"b:226:8:241:Infinity:undefined:undefined:undefined:undefined":64,"s:226:8:241:Infinity":106,"b:226:12:226:27:226:27:226:46:226:46:226:68":65,"s:227:34:227:Infinity":107,"b:228:10:230:Infinity:undefined:undefined:undefined:undefined":66,"s:228:10:230:Infinity":108,"s:229:12:229:Infinity":109,"b:231:10:233:Infinity:undefined:undefined:undefined:undefined":67,"s:231:10:233:Infinity":110,"s:232:12:232:Infinity":111,"s:234:10:236:Infinity":112,"s:235:12:235:Infinity":113,"b:237:10:239:Infinity:undefined:undefined:undefined:undefined":68,"s:237:10:239:Infinity":114,"s:238:12:238:Infinity":115,"s:240:10:240:Infinity":116,"s:244:6:246:Infinity":117,"b:250:2:268:Infinity:undefined:undefined:undefined:undefined":69,"s:250:2:268:Infinity":118,"b:251:4:251:Infinity:252:5:252:20:252:20:252:39:252:39:252:Infinity":70,"s:254:28:254:Infinity":119,"b:255:4:257:Infinity:undefined:undefined:undefined:undefined":71,"s:255:4:257:Infinity":120,"s:256:6:256:Infinity":121,"b:258:4:260:Infinity:undefined:undefined:undefined:undefined":72,"s:258:4:260:Infinity":122,"s:259:6:259:Infinity":123,"s:261:4:263:Infinity":124,"s:262:6:262:Infinity":125,"b:264:4:266:Infinity:undefined:undefined:undefined:undefined":73,"s:264:4:266:Infinity":126,"s:265:6:265:Infinity":127,"s:267:4:267:Infinity":128,"s:270:2:270:Infinity":129,"f:273:16:273:39":5,"s:274:17:274:Infinity":130,"s:275:2:275:Infinity":131,"f:278:16:278:34":6,"s:279:8:279:Infinity":132,"s:280:16:280:Infinity":133,"s:281:17:281:Infinity":134,"s:282:71:282:Infinity":135,"s:283:37:283:Infinity":136,"s:285:2:355:Infinity":137,"b:286:4:286:Infinity:undefined:undefined:undefined:undefined":74,"s:286:4:286:Infinity":138,"s:286:21:286:Infinity":139,"s:287:4:354:Infinity":140,"s:288:21:288:Infinity":141,"b:289:6:289:Infinity:undefined:undefined:undefined:undefined":75,"s:289:6:289:Infinity":142,"s:289:29:289:Infinity":143,"s:290:19:290:Infinity":144,"b:292:6:312:Infinity:undefined:undefined:undefined:undefined":76,"s:292:6:312:Infinity":145,"s:294:10:296:Infinity":146,"b:295:14:295:Infinity:296:14:296:Infinity":77,"s:298:10:300:Infinity":147,"b:299:14:299:Infinity:300:14:300:Infinity":78,"s:302:10:304:Infinity":148,"b:303:14:303:Infinity:304:14:304:Infinity":79,"s:305:26:305:Infinity":149,"s:307:8:311:Infinity":150,"b:308:43:308:55:308:55:308:Infinity":80,"b:309:45:309:60:309:60:309:Infinity":81,"b:310:43:310:58:310:58:310:Infinity":82,"b:314:6:349:Infinity:333:6:349:Infinity":83,"s:314:6:349:Infinity":151,"s:315:22:315:Infinity":152,"b:316:8:332:Infinity:undefined:undefined:undefined:undefined":84,"s:316:8:332:Infinity":153,"b:317:10:331:Infinity:319:10:331:Infinity":85,"s:317:10:331:Infinity":154,"b:317:14:317:45:317:45:317:77":86,"s:318:12:318:Infinity":155,"b:319:10:331:Infinity:324:10:331:Infinity":87,"s:319:10:331:Infinity":156,"b:320:12:320:Infinity:321:12:321:Infinity":88,"s:323:12:323:Infinity":157,"b:324:10:331:Infinity:undefined:undefined:undefined:undefined":89,"s:324:10:331:Infinity":158,"b:325:12:325:Infinity:326:12:326:Infinity":90,"b:328:12:330:Infinity:undefined:undefined:undefined:undefined":91,"s:328:12:330:Infinity":159,"s:329:14:329:Infinity":160,"b:333:6:349:Infinity:undefined:undefined:undefined:undefined":92,"s:333:6:349:Infinity":161,"s:334:29:334:Infinity":162,"b:335:8:348:Infinity:undefined:undefined:undefined:undefined":93,"s:335:8:348:Infinity":163,"b:336:10:347:Infinity:342:10:347:Infinity":94,"s:336:10:347:Infinity":164,"s:337:12:341:Infinity":165,"b:338:25:338:44:338:44:338:46":95,"b:339:27:339:48:339:48:339:50":96,"b:342:10:347:Infinity:undefined:undefined:undefined:undefined":97,"s:342:10:347:Infinity":166,"b:343:12:343:Infinity:344:12:344:Infinity":98,"s:346:12:346:Infinity":167,"s:351:6:353:Infinity":168,"b:357:2:359:Infinity:undefined:undefined:undefined:undefined":99,"s:357:2:359:Infinity":169,"b:357:6:357:24:357:24:357:50:357:50:357:67":100,"s:358:4:358:Infinity":170,"s:361:26:361:Infinity":171,"b:362:2:364:Infinity:undefined:undefined:undefined:undefined":101,"s:362:2:364:Infinity":172,"s:363:4:363:Infinity":173,"b:365:2:367:Infinity:undefined:undefined:undefined:undefined":102,"s:365:2:367:Infinity":174,"s:366:4:366:Infinity":175,"s:368:2:370:Infinity":176,"s:369:4:369:Infinity":177,"b:372:2:374:Infinity:undefined:undefined:undefined:undefined":103,"s:372:2:374:Infinity":178,"s:373:4:373:Infinity":179,"s:376:2:376:Infinity":180}}}
,"/Users/li/Projects/opencode-trace/packages/core/src/transform/sse.ts": {"path":"/Users/li/Projects/opencode-trace/packages/core/src/transform/sse.ts","statementMap":{"0":{"start":{"line":8,"column":29},"end":{"line":8,"column":null}},"1":{"start":{"line":9,"column":16},"end":{"line":9,"column":null}},"2":{"start":{"line":10,"column":35},"end":{"line":10,"column":null}},"3":{"start":{"line":12,"column":2},"end":{"line":53,"column":null}},"4":{"start":{"line":13,"column":4},"end":{"line":23,"column":null}},"5":{"start":{"line":14,"column":6},"end":{"line":20,"column":null}},"6":{"start":{"line":15,"column":8},"end":{"line":19,"column":null}},"7":{"start":{"line":21,"column":6},"end":{"line":21,"column":null}},"8":{"start":{"line":22,"column":6},"end":{"line":22,"column":null}},"9":{"start":{"line":25,"column":4},"end":{"line":25,"column":null}},"10":{"start":{"line":25,"column":30},"end":{"line":25,"column":null}},"11":{"start":{"line":27,"column":21},"end":{"line":27,"column":null}},"12":{"start":{"line":28,"column":4},"end":{"line":34,"column":null}},"13":{"start":{"line":29,"column":20},"end":{"line":29,"column":null}},"14":{"start":{"line":30,"column":6},"end":{"line":32,"column":null}},"15":{"start":{"line":31,"column":8},"end":{"line":31,"column":null}},"16":{"start":{"line":33,"column":6},"end":{"line":33,"column":null}},"17":{"start":{"line":36,"column":18},"end":{"line":36,"column":null}},"18":{"start":{"line":37,"column":18},"end":{"line":37,"column":null}},"19":{"start":{"line":39,"column":4},"end":{"line":52,"column":null}},"20":{"start":{"line":41,"column":8},"end":{"line":41,"column":null}},"21":{"start":{"line":42,"column":8},"end":{"line":42,"column":null}},"22":{"start":{"line":44,"column":8},"end":{"line":44,"column":null}},"23":{"start":{"line":45,"column":8},"end":{"line":45,"column":null}},"24":{"start":{"line":47,"column":8},"end":{"line":50,"column":null}},"25":{"start":{"line":51,"column":8},"end":{"line":51,"column":null}},"26":{"start":{"line":55,"column":2},"end":{"line":61,"column":null}},"27":{"start":{"line":56,"column":4},"end":{"line":60,"column":null}},"28":{"start":{"line":63,"column":2},"end":{"line":63,"column":null}},"29":{"start":{"line":67,"column":2},"end":{"line":67,"column":null}}},"fnMap":{"0":{"name":"parseSSE","decl":{"start":{"line":7,"column":16},"end":{"line":7,"column":25}},"loc":{"start":{"line":7,"column":50},"end":{"line":64,"column":null}},"line":7},"1":{"name":"isSSEData","decl":{"start":{"line":66,"column":16},"end":{"line":66,"column":26}},"loc":{"start":{"line":66,"column":49},"end":{"line":68,"column":null}},"line":66}},"branchMap":{"0":{"loc":{"start":{"line":13,"column":4},"end":{"line":23,"column":null}},"type":"if","locations":[{"start":{"line":13,"column":4},"end":{"line":23,"column":null}},{"start":{},"end":{}}],"line":13},"1":{"loc":{"start":{"line":14,"column":6},"end":{"line":20,"column":null}},"type":"if","locations":[{"start":{"line":14,"column":6},"end":{"line":20,"column":null}},{"start":{},"end":{}}],"line":14},"2":{"loc":{"start":{"line":25,"column":4},"end":{"line":25,"column":null}},"type":"if","locations":[{"start":{"line":25,"column":4},"end":{"line":25,"column":null}},{"start":{},"end":{}}],"line":25},"3":{"loc":{"start":{"line":28,"column":4},"end":{"line":34,"column":null}},"type":"if","locations":[{"start":{"line":28,"column":4},"end":{"line":34,"column":null}},{"start":{},"end":{}}],"line":28},"4":{"loc":{"start":{"line":30,"column":6},"end":{"line":32,"column":null}},"type":"if","locations":[{"start":{"line":30,"column":6},"end":{"line":32,"column":null}},{"start":{},"end":{}}],"line":30},"5":{"loc":{"start":{"line":30,"column":10},"end":{"line":30,"column":58}},"type":"binary-expr","locations":[{"start":{"line":30,"column":10},"end":{"line":30,"column":30}},{"start":{"line":30,"column":30},"end":{"line":30,"column":58}}],"line":30},"6":{"loc":{"start":{"line":39,"column":4},"end":{"line":52,"column":null}},"type":"switch","locations":[{"start":{"line":40,"column":6},"end":{"line":42,"column":null}},{"start":{"line":43,"column":6},"end":{"line":45,"column":null}},{"start":{"line":46,"column":6},"end":{"line":51,"column":null}}],"line":39},"7":{"loc":{"start":{"line":48,"column":11},"end":{"line":48,"column":null}},"type":"binary-expr","locations":[{"start":{"line":48,"column":11},"end":{"line":48,"column":27}},{"start":{"line":48,"column":27},"end":{"line":48,"column":null}}],"line":48},"8":{"loc":{"start":{"line":49,"column":11},"end":{"line":49,"column":null}},"type":"cond-expr","locations":[{"start":{"line":49,"column":40},"end":{"line":49,"column":47}},{"start":{"line":49,"column":47},"end":{"line":49,"column":null}}],"line":49},"9":{"loc":{"start":{"line":55,"column":2},"end":{"line":61,"column":null}},"type":"if","locations":[{"start":{"line":55,"column":2},"end":{"line":61,"column":null}},{"start":{},"end":{}}],"line":55}},"s":{"0":50,"1":50,"2":50,"3":50,"4":362,"5":165,"6":115,"7":165,"8":165,"9":197,"10":1,"11":196,"12":196,"13":3,"14":3,"15":1,"16":3,"17":193,"18":193,"19":193,"20":69,"21":69,"22":6,"23":6,"24":118,"25":118,"26":50,"27":1,"28":50,"29":8},"f":{"0":50,"1":8},"b":{"0":[165,197],"1":[115,50],"2":[1,196],"3":[3,193],"4":[1,2],"5":[3,1],"6":[69,6,118],"7":[118,115],"8":[3,115],"9":[1,49]},"meta":{"lastBranch":10,"lastFunction":2,"lastStatement":30,"seen":{"f:7:16:7:25":0,"s:8:29:8:Infinity":0,"s:9:16:9:Infinity":1,"s:10:35:10:Infinity":2,"s:12:2:53:Infinity":3,"b:13:4:23:Infinity:undefined:undefined:undefined:undefined":0,"s:13:4:23:Infinity":4,"b:14:6:20:Infinity:undefined:undefined:undefined:undefined":1,"s:14:6:20:Infinity":5,"s:15:8:19:Infinity":6,"s:21:6:21:Infinity":7,"s:22:6:22:Infinity":8,"b:25:4:25:Infinity:undefined:undefined:undefined:undefined":2,"s:25:4:25:Infinity":9,"s:25:30:25:Infinity":10,"s:27:21:27:Infinity":11,"b:28:4:34:Infinity:undefined:undefined:undefined:undefined":3,"s:28:4:34:Infinity":12,"s:29:20:29:Infinity":13,"b:30:6:32:Infinity:undefined:undefined:undefined:undefined":4,"s:30:6:32:Infinity":14,"b:30:10:30:30:30:30:30:58":5,"s:31:8:31:Infinity":15,"s:33:6:33:Infinity":16,"s:36:18:36:Infinity":17,"s:37:18:37:Infinity":18,"b:40:6:42:Infinity:43:6:45:Infinity:46:6:51:Infinity":6,"s:39:4:52:Infinity":19,"s:41:8:41:Infinity":20,"s:42:8:42:Infinity":21,"s:44:8:44:Infinity":22,"s:45:8:45:Infinity":23,"s:47:8:50:Infinity":24,"b:48:11:48:27:48:27:48:Infinity":7,"b:49:40:49:47:49:47:49:Infinity":8,"s:51:8:51:Infinity":25,"b:55:2:61:Infinity:undefined:undefined:undefined:undefined":9,"s:55:2:61:Infinity":26,"s:56:4:60:Infinity":27,"s:63:2:63:Infinity":28,"f:66:16:66:26":1,"s:67:2:67:Infinity":29}}}
}
