{"/Users/li/Projects/opencode-trace/packages/cli/src/formatter.ts": {"path":"/Users/li/Projects/opencode-trace/packages/cli/src/formatter.ts","statementMap":{"0":{"start":{"line":13,"column":2},"end":{"line":23,"column":null}},"1":{"start":{"line":14,"column":4},"end":{"line":20,"column":null}},"2":{"start":{"line":15,"column":6},"end":{"line":15,"column":null}},"3":{"start":{"line":16,"column":4},"end":{"line":20,"column":null}},"4":{"start":{"line":17,"column":6},"end":{"line":17,"column":null}},"5":{"start":{"line":19,"column":6},"end":{"line":19,"column":null}},"6":{"start":{"line":22,"column":4},"end":{"line":22,"column":null}},"7":{"start":{"line":25,"column":2},"end":{"line":25,"column":null}},"8":{"start":{"line":29,"column":2},"end":{"line":29,"column":null}},"9":{"start":{"line":29,"column":49},"end":{"line":29,"column":null}},"10":{"start":{"line":30,"column":15},"end":{"line":30,"column":null}},"11":{"start":{"line":31,"column":2},"end":{"line":31,"column":null}},"12":{"start":{"line":31,"column":25},"end":{"line":31,"column":null}},"13":{"start":{"line":32,"column":19},"end":{"line":32,"column":null}},"14":{"start":{"line":33,"column":2},"end":{"line":34,"column":null}},"15":{"start":{"line":39,"column":2},"end":{"line":39,"column":null}},"16":{"start":{"line":43,"column":2},"end":{"line":44,"column":null}},"17":{"start":{"line":49,"column":2},"end":{"line":53,"column":null}},"18":{"start":{"line":58,"column":2},"end":{"line":62,"column":null}},"19":{"start":{"line":71,"column":2},"end":{"line":71,"column":null}},"20":{"start":{"line":71,"column":14},"end":{"line":71,"column":null}},"21":{"start":{"line":72,"column":16},"end":{"line":72,"column":null}},"22":{"start":{"line":72,"column":44},"end":{"line":72,"column":52}},"23":{"start":{"line":73,"column":2},"end":{"line":80,"column":null}},"24":{"start":{"line":74,"column":4},"end":{"line":79,"column":null}},"25":{"start":{"line":75,"column":6},"end":{"line":77,"column":null}},"26":{"start":{"line":78,"column":6},"end":{"line":78,"column":null}},"27":{"start":{"line":81,"column":2},"end":{"line":81,"column":null}},"28":{"start":{"line":87,"column":2},"end":{"line":87,"column":null}},"29":{"start":{"line":93,"column":2},"end":{"line":97,"column":null}},"30":{"start":{"line":105,"column":2},"end":{"line":105,"column":null}},"31":{"start":{"line":107,"column":8},"end":{"line":107,"column":null}},"32":{"start":{"line":108,"column":2},"end":{"line":108,"column":null}},"33":{"start":{"line":110,"column":2},"end":{"line":117,"column":null}},"34":{"start":{"line":111,"column":10},"end":{"line":111,"column":null}},"35":{"start":{"line":112,"column":4},"end":{"line":112,"column":null}},"36":{"start":{"line":114,"column":4},"end":{"line":116,"column":null}},"37":{"start":{"line":115,"column":6},"end":{"line":115,"column":null}},"38":{"start":{"line":119,"column":2},"end":{"line":125,"column":null}}},"fnMap":{"0":{"name":"outputData","decl":{"start":{"line":6,"column":16},"end":{"line":6,"column":null}},"loc":{"start":{"line":10,"column":8},"end":{"line":26,"column":null}},"line":10},"1":{"name":"isMapWithProperty","decl":{"start":{"line":28,"column":9},"end":{"line":28,"column":27}},"loc":{"start":{"line":28,"column":69},"end":{"line":36,"column":null}},"line":28},"2":{"name":"isConversationsMap","decl":{"start":{"line":38,"column":16},"end":{"line":38,"column":35}},"loc":{"start":{"line":38,"column":59},"end":{"line":40,"column":null}},"line":38},"3":{"name":"isDeltasMap","decl":{"start":{"line":42,"column":16},"end":{"line":42,"column":28}},"loc":{"start":{"line":42,"column":52},"end":{"line":46,"column":null}},"line":42},"4":{"name":"isConversation","decl":{"start":{"line":48,"column":16},"end":{"line":48,"column":31}},"loc":{"start":{"line":48,"column":55},"end":{"line":55,"column":null}},"line":48},"5":{"name":"isTimeline","decl":{"start":{"line":57,"column":16},"end":{"line":57,"column":27}},"loc":{"start":{"line":57,"column":51},"end":{"line":64,"column":null}},"line":57},"6":{"name":"parseList","decl":{"start":{"line":66,"column":9},"end":{"line":66,"column":null}},"loc":{"start":{"line":70,"column":19},"end":{"line":82,"column":null}},"line":70},"7":{"name":"(anonymous_7)","decl":{"start":{"line":72,"column":37},"end":{"line":72,"column":38}},"loc":{"start":{"line":72,"column":44},"end":{"line":72,"column":52}},"line":72},"8":{"name":"parseCollapse","decl":{"start":{"line":84,"column":16},"end":{"line":84,"column":null}},"loc":{"start":{"line":86,"column":43},"end":{"line":88,"column":null}},"line":86},"9":{"name":"parseCollapseBlocks","decl":{"start":{"line":90,"column":16},"end":{"line":90,"column":null}},"loc":{"start":{"line":92,"column":27},"end":{"line":98,"column":null}},"line":92},"10":{"name":"writeCollapsedExport","decl":{"start":{"line":100,"column":16},"end":{"line":100,"column":null}},"loc":{"start":{"line":104,"column":8},"end":{"line":126,"column":null}},"line":104}},"branchMap":{"0":{"loc":{"start":{"line":13,"column":2},"end":{"line":23,"column":null}},"type":"if","locations":[{"start":{"line":13,"column":2},"end":{"line":23,"column":null}},{"start":{"line":21,"column":9},"end":{"line":23,"column":null}}],"line":13},"1":{"loc":{"start":{"line":14,"column":4},"end":{"line":20,"column":null}},"type":"if","locations":[{"start":{"line":14,"column":4},"end":{"line":20,"column":null}},{"start":{"line":16,"column":4},"end":{"line":20,"column":null}}],"line":14},"2":{"loc":{"start":{"line":16,"column":4},"end":{"line":20,"column":null}},"type":"if","locations":[{"start":{"line":16,"column":4},"end":{"line":20,"column":null}},{"start":{"line":18,"column":11},"end":{"line":20,"column":null}}],"line":16},"3":{"loc":{"start":{"line":19,"column":42},"end":{"line":19,"column":57}},"type":"cond-expr","locations":[{"start":{"line":19,"column":52},"end":{"line":19,"column":56}},{"start":{"line":19,"column":56},"end":{"line":19,"column":57}}],"line":19},"4":{"loc":{"start":{"line":22,"column":40},"end":{"line":22,"column":55}},"type":"cond-expr","locations":[{"start":{"line":22,"column":50},"end":{"line":22,"column":54}},{"start":{"line":22,"column":54},"end":{"line":22,"column":55}}],"line":22},"5":{"loc":{"start":{"line":29,"column":2},"end":{"line":29,"column":null}},"type":"if","locations":[{"start":{"line":29,"column":2},"end":{"line":29,"column":null}},{"start":{},"end":{}}],"line":29},"6":{"loc":{"start":{"line":29,"column":6},"end":{"line":29,"column":49}},"type":"binary-expr","locations":[{"start":{"line":29,"column":6},"end":{"line":29,"column":34}},{"start":{"line":29,"column":34},"end":{"line":29,"column":49}}],"line":29},"7":{"loc":{"start":{"line":31,"column":2},"end":{"line":31,"column":null}},"type":"if","locations":[{"start":{"line":31,"column":2},"end":{"line":31,"column":null}},{"start":{},"end":{}}],"line":31},"8":{"loc":{"start":{"line":34,"column":4},"end":{"line":34,"column":null}},"type":"binary-expr","locations":[{"start":{"line":34,"column":4},"end":{"line":34,"column":36}},{"start":{"line":34,"column":36},"end":{"line":34,"column":57}},{"start":{"line":34,"column":57},"end":{"line":34,"column":null}}],"line":34},"9":{"loc":{"start":{"line":39,"column":9},"end":{"line":39,"column":null}},"type":"binary-expr","locations":[{"start":{"line":39,"column":9},"end":{"line":39,"column":48}},{"start":{"line":39,"column":48},"end":{"line":39,"column":null}}],"line":39},"10":{"loc":{"start":{"line":44,"column":4},"end":{"line":44,"column":null}},"type":"binary-expr","locations":[{"start":{"line":44,"column":4},"end":{"line":44,"column":39}},{"start":{"line":44,"column":39},"end":{"line":44,"column":null}}],"line":44},"11":{"loc":{"start":{"line":50,"column":4},"end":{"line":53,"column":null}},"type":"binary-expr","locations":[{"start":{"line":50,"column":4},"end":{"line":50,"column":null}},{"start":{"line":51,"column":4},"end":{"line":51,"column":null}},{"start":{"line":52,"column":4},"end":{"line":52,"column":null}},{"start":{"line":53,"column":4},"end":{"line":53,"column":null}}],"line":50},"12":{"loc":{"start":{"line":59,"column":4},"end":{"line":62,"column":null}},"type":"binary-expr","locations":[{"start":{"line":59,"column":4},"end":{"line":59,"column":null}},{"start":{"line":60,"column":4},"end":{"line":60,"column":null}},{"start":{"line":61,"column":4},"end":{"line":61,"column":null}},{"start":{"line":62,"column":4},"end":{"line":62,"column":null}}],"line":59},"13":{"loc":{"start":{"line":71,"column":2},"end":{"line":71,"column":null}},"type":"if","locations":[{"start":{"line":71,"column":2},"end":{"line":71,"column":null}},{"start":{},"end":{}}],"line":71},"14":{"loc":{"start":{"line":74,"column":4},"end":{"line":79,"column":null}},"type":"if","locations":[{"start":{"line":74,"column":4},"end":{"line":79,"column":null}},{"start":{},"end":{}}],"line":74},"15":{"loc":{"start":{"line":110,"column":2},"end":{"line":117,"column":null}},"type":"if","locations":[{"start":{"line":110,"column":2},"end":{"line":117,"column":null}},{"start":{},"end":{}}],"line":110}},"s":{"0":17,"1":7,"2":3,"3":4,"4":2,"5":2,"6":10,"7":17,"8":34,"9":5,"10":29,"11":29,"12":3,"13":26,"14":26,"15":16,"16":9,"17":7,"18":5,"19":29,"20":18,"21":11,"22":25,"23":11,"24":25,"25":4,"26":4,"27":7,"28":15,"29":14,"30":11,"31":11,"32":11,"33":11,"34":1,"35":1,"36":1,"37":2,"38":11},"f":{"0":17,"1":34,"2":16,"3":9,"4":7,"5":5,"6":29,"7":25,"8":15,"9":14,"10":11},"b":{"0":[7,10],"1":[3,4],"2":[2,2],"3":[1,1],"4":[1,9],"5":[5,29],"6":[34,31],"7":[3,26],"8":[26,22,22],"9":[16,5],"10":[9,4],"11":[7,4,3,2],"12":[5,4,3,2],"13":[18,11],"14":[4,21],"15":[1,10]},"meta":{"lastBranch":16,"lastFunction":11,"lastStatement":39,"seen":{"f:6:16:6:Infinity":0,"b:13:2:23:Infinity:21:9:23:Infinity":0,"s:13:2:23:Infinity":0,"b:14:4:20:Infinity:16:4:20:Infinity":1,"s:14:4:20:Infinity":1,"s:15:6:15:Infinity":2,"b:16:4:20:Infinity:18:11:20:Infinity":2,"s:16:4:20:Infinity":3,"s:17:6:17:Infinity":4,"s:19:6:19:Infinity":5,"b:19:52:19:56:19:56:19:57":3,"s:22:4:22:Infinity":6,"b:22:50:22:54:22:54:22:55":4,"s:25:2:25:Infinity":7,"f:28:9:28:27":1,"b:29:2:29:Infinity:undefined:undefined:undefined:undefined":5,"s:29:2:29:Infinity":8,"b:29:6:29:34:29:34:29:49":6,"s:29:49:29:Infinity":9,"s:30:15:30:Infinity":10,"b:31:2:31:Infinity:undefined:undefined:undefined:undefined":7,"s:31:2:31:Infinity":11,"s:31:25:31:Infinity":12,"s:32:19:32:Infinity":13,"s:33:2:34:Infinity":14,"b:34:4:34:36:34:36:34:57:34:57:34:Infinity":8,"f:38:16:38:35":2,"s:39:2:39:Infinity":15,"b:39:9:39:48:39:48:39:Infinity":9,"f:42:16:42:28":3,"s:43:2:44:Infinity":16,"b:44:4:44:39:44:39:44:Infinity":10,"f:48:16:48:31":4,"s:49:2:53:Infinity":17,"b:50:4:50:Infinity:51:4:51:Infinity:52:4:52:Infinity:53:4:53:Infinity":11,"f:57:16:57:27":5,"s:58:2:62:Infinity":18,"b:59:4:59:Infinity:60:4:60:Infinity:61:4:61:Infinity:62:4:62:Infinity":12,"f:66:9:66:Infinity":6,"b:71:2:71:Infinity:undefined:undefined:undefined:undefined":13,"s:71:2:71:Infinity":19,"s:71:14:71:Infinity":20,"s:72:16:72:Infinity":21,"f:72:37:72:38":7,"s:72:44:72:52":22,"s:73:2:80:Infinity":23,"b:74:4:79:Infinity:undefined:undefined:undefined:undefined":14,"s:74:4:79:Infinity":24,"s:75:6:77:Infinity":25,"s:78:6:78:Infinity":26,"s:81:2:81:Infinity":27,"f:84:16:84:Infinity":8,"s:87:2:87:Infinity":28,"f:90:16:90:Infinity":9,"s:93:2:97:Infinity":29,"f:100:16:100:Infinity":10,"s:105:2:105:Infinity":30,"s:107:8:107:Infinity":31,"s:108:2:108:Infinity":32,"b:110:2:117:Infinity:undefined:undefined:undefined:undefined":15,"s:110:2:117:Infinity":33,"s:111:10:111:Infinity":34,"s:112:4:112:Infinity":35,"s:114:4:116:Infinity":36,"s:115:6:115:Infinity":37,"s:119:2:125:Infinity":38}}}
,"/Users/li/Projects/opencode-trace/packages/cli/src/utils.ts": {"path":"/Users/li/Projects/opencode-trace/packages/cli/src/utils.ts","statementMap":{"0":{"start":{"line":4,"column":13},"end":{"line":4,"column":null}},"1":{"start":{"line":5,"column":13},"end":{"line":5,"column":null}},"2":{"start":{"line":18,"column":2},"end":{"line":23,"column":null}},"3":{"start":{"line":19,"column":4},"end":{"line":21,"column":null}},"4":{"start":{"line":22,"column":4},"end":{"line":22,"column":null}},"5":{"start":{"line":25,"column":2},"end":{"line":40,"column":null}},"6":{"start":{"line":26,"column":18},"end":{"line":26,"column":null}},"7":{"start":{"line":27,"column":18},"end":{"line":27,"column":null}},"8":{"start":{"line":28,"column":16},"end":{"line":28,"column":null}},"9":{"start":{"line":30,"column":4},"end":{"line":33,"column":null}},"10":{"start":{"line":31,"column":6},"end":{"line":31,"column":null}},"11":{"start":{"line":32,"column":6},"end":{"line":32,"column":null}},"12":{"start":{"line":34,"column":4},"end":{"line":37,"column":null}},"13":{"start":{"line":35,"column":6},"end":{"line":35,"column":null}},"14":{"start":{"line":36,"column":6},"end":{"line":36,"column":null}},"15":{"start":{"line":39,"column":4},"end":{"line":39,"column":null}},"16":{"start":{"line":41,"column":16},"end":{"line":41,"column":null}},"17":{"start":{"line":42,"column":2},"end":{"line":45,"column":null}},"18":{"start":{"line":43,"column":4},"end":{"line":43,"column":null}},"19":{"start":{"line":44,"column":4},"end":{"line":44,"column":null}},"20":{"start":{"line":46,"column":2},"end":{"line":46,"column":null}},"21":{"start":{"line":50,"column":2},"end":{"line":50,"column":null}},"22":{"start":{"line":50,"column":14},"end":{"line":50,"column":null}},"23":{"start":{"line":51,"column":2},"end":{"line":51,"column":null}},"24":{"start":{"line":51,"column":27},"end":{"line":51,"column":null}},"25":{"start":{"line":52,"column":2},"end":{"line":52,"column":null}},"26":{"start":{"line":52,"column":48},"end":{"line":52,"column":null}},"27":{"start":{"line":53,"column":2},"end":{"line":53,"column":null}},"28":{"start":{"line":57,"column":31},"end":{"line":57,"column":null}},"29":{"start":{"line":58,"column":50},"end":{"line":58,"column":null}},"30":{"start":{"line":60,"column":10},"end":{"line":60,"column":null}},"31":{"start":{"line":61,"column":2},"end":{"line":110,"column":null}},"32":{"start":{"line":62,"column":16},"end":{"line":62,"column":null}},"33":{"start":{"line":63,"column":4},"end":{"line":108,"column":null}},"34":{"start":{"line":64,"column":6},"end":{"line":64,"column":null}},"35":{"start":{"line":65,"column":4},"end":{"line":108,"column":null}},"36":{"start":{"line":66,"column":6},"end":{"line":66,"column":null}},"37":{"start":{"line":67,"column":4},"end":{"line":108,"column":null}},"38":{"start":{"line":68,"column":6},"end":{"line":68,"column":null}},"39":{"start":{"line":69,"column":4},"end":{"line":108,"column":null}},"40":{"start":{"line":70,"column":6},"end":{"line":77,"column":null}},"41":{"start":{"line":71,"column":20},"end":{"line":71,"column":null}},"42":{"start":{"line":72,"column":8},"end":{"line":75,"column":null}},"43":{"start":{"line":73,"column":10},"end":{"line":73,"column":null}},"44":{"start":{"line":74,"column":10},"end":{"line":74,"column":null}},"45":{"start":{"line":76,"column":8},"end":{"line":76,"column":null}},"46":{"start":{"line":78,"column":4},"end":{"line":108,"column":null}},"47":{"start":{"line":79,"column":6},"end":{"line":79,"column":null}},"48":{"start":{"line":80,"column":4},"end":{"line":108,"column":null}},"49":{"start":{"line":81,"column":6},"end":{"line":81,"column":null}},"50":{"start":{"line":82,"column":4},"end":{"line":108,"column":null}},"51":{"start":{"line":83,"column":16},"end":{"line":83,"column":null}},"52":{"start":{"line":84,"column":6},"end":{"line":89,"column":null}},"53":{"start":{"line":85,"column":8},"end":{"line":87,"column":null}},"54":{"start":{"line":88,"column":8},"end":{"line":88,"column":null}},"55":{"start":{"line":90,"column":6},"end":{"line":90,"column":null}},"56":{"start":{"line":91,"column":4},"end":{"line":108,"column":null}},"57":{"start":{"line":92,"column":18},"end":{"line":92,"column":null}},"58":{"start":{"line":93,"column":6},"end":{"line":96,"column":null}},"59":{"start":{"line":94,"column":8},"end":{"line":94,"column":null}},"60":{"start":{"line":95,"column":8},"end":{"line":95,"column":null}},"61":{"start":{"line":97,"column":6},"end":{"line":97,"column":null}},"62":{"start":{"line":98,"column":4},"end":{"line":108,"column":null}},"63":{"start":{"line":99,"column":6},"end":{"line":99,"column":null}},"64":{"start":{"line":100,"column":4},"end":{"line":108,"column":null}},"65":{"start":{"line":101,"column":6},"end":{"line":101,"column":null}},"66":{"start":{"line":102,"column":4},"end":{"line":108,"column":null}},"67":{"start":{"line":103,"column":6},"end":{"line":103,"column":null}},"68":{"start":{"line":104,"column":4},"end":{"line":108,"column":null}},"69":{"start":{"line":105,"column":6},"end":{"line":105,"column":null}},"70":{"start":{"line":106,"column":4},"end":{"line":108,"column":null}},"71":{"start":{"line":107,"column":6},"end":{"line":107,"column":null}},"72":{"start":{"line":109,"column":4},"end":{"line":109,"column":null}},"73":{"start":{"line":112,"column":2},"end":{"line":112,"column":null}},"74":{"start":{"line":116,"column":20},"end":{"line":116,"column":null}},"75":{"start":{"line":117,"column":2},"end":{"line":117,"column":null}},"76":{"start":{"line":117,"column":17},"end":{"line":117,"column":null}},"77":{"start":{"line":119,"column":21},"end":{"line":119,"column":null}},"78":{"start":{"line":120,"column":2},"end":{"line":120,"column":null}},"79":{"start":{"line":120,"column":18},"end":{"line":120,"column":null}},"80":{"start":{"line":122,"column":23},"end":{"line":124,"column":null}},"81":{"start":{"line":125,"column":2},"end":{"line":125,"column":null}},"82":{"start":{"line":125,"column":31},"end":{"line":125,"column":null}},"83":{"start":{"line":127,"column":24},"end":{"line":129,"column":null}},"84":{"start":{"line":130,"column":2},"end":{"line":130,"column":null}},"85":{"start":{"line":130,"column":32},"end":{"line":130,"column":null}},"86":{"start":{"line":132,"column":2},"end":{"line":132,"column":null}}},"fnMap":{"0":{"name":"parseRange","decl":{"start":{"line":17,"column":16},"end":{"line":17,"column":27}},"loc":{"start":{"line":17,"column":78},"end":{"line":47,"column":null}},"line":17},"1":{"name":"inRange","decl":{"start":{"line":49,"column":16},"end":{"line":49,"column":24}},"loc":{"start":{"line":49,"column":76},"end":{"line":54,"column":null}},"line":49},"2":{"name":"parseFlags","decl":{"start":{"line":56,"column":16},"end":{"line":56,"column":27}},"loc":{"start":{"line":56,"column":56},"end":{"line":113,"column":null}},"line":56},"3":{"name":"findSessionTraceDir","decl":{"start":{"line":115,"column":16},"end":{"line":115,"column":36}},"loc":{"start":{"line":115,"column":70},"end":{"line":133,"column":null}},"line":115}},"branchMap":{"0":{"loc":{"start":{"line":18,"column":2},"end":{"line":23,"column":null}},"type":"if","locations":[{"start":{"line":18,"column":2},"end":{"line":23,"column":null}},{"start":{},"end":{}}],"line":18},"1":{"loc":{"start":{"line":25,"column":2},"end":{"line":40,"column":null}},"type":"if","locations":[{"start":{"line":25,"column":2},"end":{"line":40,"column":null}},{"start":{},"end":{}}],"line":25},"2":{"loc":{"start":{"line":28,"column":16},"end":{"line":28,"column":null}},"type":"cond-expr","locations":[{"start":{"line":28,"column":27},"end":{"line":28,"column":52}},{"start":{"line":28,"column":52},"end":{"line":28,"column":null}}],"line":28},"3":{"loc":{"start":{"line":30,"column":4},"end":{"line":33,"column":null}},"type":"if","locations":[{"start":{"line":30,"column":4},"end":{"line":33,"column":null}},{"start":{},"end":{}}],"line":30},"4":{"loc":{"start":{"line":34,"column":4},"end":{"line":37,"column":null}},"type":"if","locations":[{"start":{"line":34,"column":4},"end":{"line":37,"column":null}},{"start":{},"end":{}}],"line":34},"5":{"loc":{"start":{"line":34,"column":8},"end":{"line":34,"column":38}},"type":"binary-expr","locations":[{"start":{"line":34,"column":8},"end":{"line":34,"column":24}},{"start":{"line":34,"column":24},"end":{"line":34,"column":38}}],"line":34},"6":{"loc":{"start":{"line":42,"column":2},"end":{"line":45,"column":null}},"type":"if","locations":[{"start":{"line":42,"column":2},"end":{"line":45,"column":null}},{"start":{},"end":{}}],"line":42},"7":{"loc":{"start":{"line":50,"column":2},"end":{"line":50,"column":null}},"type":"if","locations":[{"start":{"line":50,"column":2},"end":{"line":50,"column":null}},{"start":{},"end":{}}],"line":50},"8":{"loc":{"start":{"line":51,"column":2},"end":{"line":51,"column":null}},"type":"if","locations":[{"start":{"line":51,"column":2},"end":{"line":51,"column":null}},{"start":{},"end":{}}],"line":51},"9":{"loc":{"start":{"line":52,"column":2},"end":{"line":52,"column":null}},"type":"if","locations":[{"start":{"line":52,"column":2},"end":{"line":52,"column":null}},{"start":{},"end":{}}],"line":52},"10":{"loc":{"start":{"line":52,"column":6},"end":{"line":52,"column":48}},"type":"binary-expr","locations":[{"start":{"line":52,"column":6},"end":{"line":52,"column":28}},{"start":{"line":52,"column":28},"end":{"line":52,"column":48}}],"line":52},"11":{"loc":{"start":{"line":63,"column":4},"end":{"line":108,"column":null}},"type":"if","locations":[{"start":{"line":63,"column":4},"end":{"line":108,"column":null}},{"start":{"line":65,"column":4},"end":{"line":108,"column":null}}],"line":63},"12":{"loc":{"start":{"line":63,"column":8},"end":{"line":63,"column":45}},"type":"binary-expr","locations":[{"start":{"line":63,"column":8},"end":{"line":63,"column":24}},{"start":{"line":63,"column":24},"end":{"line":63,"column":45}}],"line":63},"13":{"loc":{"start":{"line":65,"column":4},"end":{"line":108,"column":null}},"type":"if","locations":[{"start":{"line":65,"column":4},"end":{"line":108,"column":null}},{"start":{"line":67,"column":4},"end":{"line":108,"column":null}}],"line":65},"14":{"loc":{"start":{"line":65,"column":15},"end":{"line":65,"column":51}},"type":"binary-expr","locations":[{"start":{"line":65,"column":15},"end":{"line":65,"column":31}},{"start":{"line":65,"column":31},"end":{"line":65,"column":51}}],"line":65},"15":{"loc":{"start":{"line":67,"column":4},"end":{"line":108,"column":null}},"type":"if","locations":[{"start":{"line":67,"column":4},"end":{"line":108,"column":null}},{"start":{"line":69,"column":4},"end":{"line":108,"column":null}}],"line":67},"16":{"loc":{"start":{"line":67,"column":15},"end":{"line":67,"column":50}},"type":"binary-expr","locations":[{"start":{"line":67,"column":15},"end":{"line":67,"column":31}},{"start":{"line":67,"column":31},"end":{"line":67,"column":50}}],"line":67},"17":{"loc":{"start":{"line":69,"column":4},"end":{"line":108,"column":null}},"type":"if","locations":[{"start":{"line":69,"column":4},"end":{"line":108,"column":null}},{"start":{"line":78,"column":4},"end":{"line":108,"column":null}}],"line":69},"18":{"loc":{"start":{"line":69,"column":15},"end":{"line":69,"column":48}},"type":"binary-expr","locations":[{"start":{"line":69,"column":15},"end":{"line":69,"column":31}},{"start":{"line":69,"column":31},"end":{"line":69,"column":48}}],"line":69},"19":{"loc":{"start":{"line":70,"column":6},"end":{"line":77,"column":null}},"type":"if","locations":[{"start":{"line":70,"column":6},"end":{"line":77,"column":null}},{"start":{},"end":{}}],"line":70},"20":{"loc":{"start":{"line":72,"column":8},"end":{"line":75,"column":null}},"type":"if","locations":[{"start":{"line":72,"column":8},"end":{"line":75,"column":null}},{"start":{},"end":{}}],"line":72},"21":{"loc":{"start":{"line":72,"column":12},"end":{"line":72,"column":49}},"type":"binary-expr","locations":[{"start":{"line":72,"column":12},"end":{"line":72,"column":32}},{"start":{"line":72,"column":32},"end":{"line":72,"column":49}}],"line":72},"22":{"loc":{"start":{"line":78,"column":4},"end":{"line":108,"column":null}},"type":"if","locations":[{"start":{"line":78,"column":4},"end":{"line":108,"column":null}},{"start":{"line":80,"column":4},"end":{"line":108,"column":null}}],"line":78},"23":{"loc":{"start":{"line":78,"column":15},"end":{"line":78,"column":52}},"type":"binary-expr","locations":[{"start":{"line":78,"column":15},"end":{"line":78,"column":31}},{"start":{"line":78,"column":31},"end":{"line":78,"column":52}}],"line":78},"24":{"loc":{"start":{"line":80,"column":4},"end":{"line":108,"column":null}},"type":"if","locations":[{"start":{"line":80,"column":4},"end":{"line":108,"column":null}},{"start":{"line":82,"column":4},"end":{"line":108,"column":null}}],"line":80},"25":{"loc":{"start":{"line":80,"column":15},"end":{"line":80,"column":52}},"type":"binary-expr","locations":[{"start":{"line":80,"column":15},"end":{"line":80,"column":31}},{"start":{"line":80,"column":31},"end":{"line":80,"column":52}}],"line":80},"26":{"loc":{"start":{"line":82,"column":4},"end":{"line":108,"column":null}},"type":"if","locations":[{"start":{"line":82,"column":4},"end":{"line":108,"column":null}},{"start":{"line":91,"column":4},"end":{"line":108,"column":null}}],"line":82},"27":{"loc":{"start":{"line":82,"column":15},"end":{"line":82,"column":52}},"type":"binary-expr","locations":[{"start":{"line":82,"column":15},"end":{"line":82,"column":31}},{"start":{"line":82,"column":31},"end":{"line":82,"column":52}}],"line":82},"28":{"loc":{"start":{"line":84,"column":6},"end":{"line":89,"column":null}},"type":"if","locations":[{"start":{"line":84,"column":6},"end":{"line":89,"column":null}},{"start":{},"end":{}}],"line":84},"29":{"loc":{"start":{"line":91,"column":4},"end":{"line":108,"column":null}},"type":"if","locations":[{"start":{"line":91,"column":4},"end":{"line":108,"column":null}},{"start":{"line":98,"column":4},"end":{"line":108,"column":null}}],"line":91},"30":{"loc":{"start":{"line":91,"column":15},"end":{"line":91,"column":58}},"type":"binary-expr","locations":[{"start":{"line":91,"column":15},"end":{"line":91,"column":37}},{"start":{"line":91,"column":37},"end":{"line":91,"column":58}}],"line":91},"31":{"loc":{"start":{"line":93,"column":6},"end":{"line":96,"column":null}},"type":"if","locations":[{"start":{"line":93,"column":6},"end":{"line":96,"column":null}},{"start":{},"end":{}}],"line":93},"32":{"loc":{"start":{"line":93,"column":10},"end":{"line":93,"column":43}},"type":"binary-expr","locations":[{"start":{"line":93,"column":10},"end":{"line":93,"column":28}},{"start":{"line":93,"column":28},"end":{"line":93,"column":43}}],"line":93},"33":{"loc":{"start":{"line":98,"column":4},"end":{"line":108,"column":null}},"type":"if","locations":[{"start":{"line":98,"column":4},"end":{"line":108,"column":null}},{"start":{"line":100,"column":4},"end":{"line":108,"column":null}}],"line":98},"34":{"loc":{"start":{"line":100,"column":4},"end":{"line":108,"column":null}},"type":"if","locations":[{"start":{"line":100,"column":4},"end":{"line":108,"column":null}},{"start":{"line":102,"column":4},"end":{"line":108,"column":null}}],"line":100},"35":{"loc":{"start":{"line":100,"column":15},"end":{"line":100,"column":60}},"type":"binary-expr","locations":[{"start":{"line":100,"column":15},"end":{"line":100,"column":39}},{"start":{"line":100,"column":39},"end":{"line":100,"column":60}}],"line":100},"36":{"loc":{"start":{"line":102,"column":4},"end":{"line":108,"column":null}},"type":"if","locations":[{"start":{"line":102,"column":4},"end":{"line":108,"column":null}},{"start":{"line":104,"column":4},"end":{"line":108,"column":null}}],"line":102},"37":{"loc":{"start":{"line":102,"column":15},"end":{"line":102,"column":67}},"type":"binary-expr","locations":[{"start":{"line":102,"column":15},"end":{"line":102,"column":46}},{"start":{"line":102,"column":46},"end":{"line":102,"column":67}}],"line":102},"38":{"loc":{"start":{"line":104,"column":4},"end":{"line":108,"column":null}},"type":"if","locations":[{"start":{"line":104,"column":4},"end":{"line":108,"column":null}},{"start":{"line":106,"column":4},"end":{"line":108,"column":null}}],"line":104},"39":{"loc":{"start":{"line":106,"column":4},"end":{"line":108,"column":null}},"type":"if","locations":[{"start":{"line":106,"column":4},"end":{"line":108,"column":null}},{"start":{},"end":{}}],"line":106},"40":{"loc":{"start":{"line":117,"column":2},"end":{"line":117,"column":null}},"type":"if","locations":[{"start":{"line":117,"column":2},"end":{"line":117,"column":null}},{"start":{},"end":{}}],"line":117},"41":{"loc":{"start":{"line":120,"column":2},"end":{"line":120,"column":null}},"type":"if","locations":[{"start":{"line":120,"column":2},"end":{"line":120,"column":null}},{"start":{},"end":{}}],"line":120},"42":{"loc":{"start":{"line":125,"column":2},"end":{"line":125,"column":null}},"type":"if","locations":[{"start":{"line":125,"column":2},"end":{"line":125,"column":null}},{"start":{},"end":{}}],"line":125},"43":{"loc":{"start":{"line":130,"column":2},"end":{"line":130,"column":null}},"type":"if","locations":[{"start":{"line":130,"column":2},"end":{"line":130,"column":null}},{"start":{},"end":{}}],"line":130}},"s":{"0":8,"1":8,"2":15,"3":2,"4":2,"5":13,"6":10,"7":10,"8":10,"9":10,"10":1,"11":1,"12":9,"13":2,"14":2,"15":7,"16":3,"17":3,"18":1,"19":1,"20":2,"21":41,"22":10,"23":31,"24":5,"25":26,"26":6,"27":20,"28":100,"29":100,"30":100,"31":100,"32":194,"33":194,"34":14,"35":180,"36":13,"37":167,"38":11,"39":156,"40":14,"41":14,"42":14,"43":3,"44":3,"45":11,"46":142,"47":8,"48":134,"49":21,"50":113,"51":27,"52":27,"53":2,"54":2,"55":25,"56":86,"57":8,"58":8,"59":2,"60":2,"61":6,"62":78,"63":2,"64":76,"65":2,"66":74,"67":2,"68":72,"69":4,"70":68,"71":67,"72":187,"73":93,"74":39,"75":39,"76":33,"77":6,"78":6,"79":1,"80":5,"81":5,"82":1,"83":4,"84":4,"85":1,"86":3},"f":{"0":15,"1":41,"2":100,"3":39},"b":{"0":[2,13],"1":[10,3],"2":[8,2],"3":[1,9],"4":[2,7],"5":[9,7],"6":[1,2],"7":[10,31],"8":[5,26],"9":[6,20],"10":[26,15],"11":[14,180],"12":[194,180],"13":[13,167],"14":[180,168],"15":[11,156],"16":[167,156],"17":[14,142],"18":[156,143],"19":[14,0],"20":[3,11],"21":[14,11],"22":[8,134],"23":[142,8],"24":[21,113],"25":[134,21],"26":[27,86],"27":[113,27],"28":[2,25],"29":[8,78],"30":[86,8],"31":[2,6],"32":[8,7],"33":[2,76],"34":[2,74],"35":[76,2],"36":[2,72],"37":[74,2],"38":[4,68],"39":[67,1],"40":[33,6],"41":[1,5],"42":[1,4],"43":[1,3]},"meta":{"lastBranch":44,"lastFunction":4,"lastStatement":87,"seen":{"s:4:13:4:Infinity":0,"s:5:13:5:Infinity":1,"f:17:16:17:27":0,"b:18:2:23:Infinity:undefined:undefined:undefined:undefined":0,"s:18:2:23:Infinity":2,"s:19:4:21:Infinity":3,"s:22:4:22:Infinity":4,"b:25:2:40:Infinity:undefined:undefined:undefined:undefined":1,"s:25:2:40:Infinity":5,"s:26:18:26:Infinity":6,"s:27:18:27:Infinity":7,"s:28:16:28:Infinity":8,"b:28:27:28:52:28:52:28:Infinity":2,"b:30:4:33:Infinity:undefined:undefined:undefined:undefined":3,"s:30:4:33:Infinity":9,"s:31:6:31:Infinity":10,"s:32:6:32:Infinity":11,"b:34:4:37:Infinity:undefined:undefined:undefined:undefined":4,"s:34:4:37:Infinity":12,"b:34:8:34:24:34:24:34:38":5,"s:35:6:35:Infinity":13,"s:36:6:36:Infinity":14,"s:39:4:39:Infinity":15,"s:41:16:41:Infinity":16,"b:42:2:45:Infinity:undefined:undefined:undefined:undefined":6,"s:42:2:45:Infinity":17,"s:43:4:43:Infinity":18,"s:44:4:44:Infinity":19,"s:46:2:46:Infinity":20,"f:49:16:49:24":1,"b:50:2:50:Infinity:undefined:undefined:undefined:undefined":7,"s:50:2:50:Infinity":21,"s:50:14:50:Infinity":22,"b:51:2:51:Infinity:undefined:undefined:undefined:undefined":8,"s:51:2:51:Infinity":23,"s:51:27:51:Infinity":24,"b:52:2:52:Infinity:undefined:undefined:undefined:undefined":9,"s:52:2:52:Infinity":25,"b:52:6:52:28:52:28:52:48":10,"s:52:48:52:Infinity":26,"s:53:2:53:Infinity":27,"f:56:16:56:27":2,"s:57:31:57:Infinity":28,"s:58:50:58:Infinity":29,"s:60:10:60:Infinity":30,"s:61:2:110:Infinity":31,"s:62:16:62:Infinity":32,"b:63:4:108:Infinity:65:4:108:Infinity":11,"s:63:4:108:Infinity":33,"b:63:8:63:24:63:24:63:45":12,"s:64:6:64:Infinity":34,"b:65:4:108:Infinity:67:4:108:Infinity":13,"s:65:4:108:Infinity":35,"b:65:15:65:31:65:31:65:51":14,"s:66:6:66:Infinity":36,"b:67:4:108:Infinity:69:4:108:Infinity":15,"s:67:4:108:Infinity":37,"b:67:15:67:31:67:31:67:50":16,"s:68:6:68:Infinity":38,"b:69:4:108:Infinity:78:4:108:Infinity":17,"s:69:4:108:Infinity":39,"b:69:15:69:31:69:31:69:48":18,"b:70:6:77:Infinity:undefined:undefined:undefined:undefined":19,"s:70:6:77:Infinity":40,"s:71:20:71:Infinity":41,"b:72:8:75:Infinity:undefined:undefined:undefined:undefined":20,"s:72:8:75:Infinity":42,"b:72:12:72:32:72:32:72:49":21,"s:73:10:73:Infinity":43,"s:74:10:74:Infinity":44,"s:76:8:76:Infinity":45,"b:78:4:108:Infinity:80:4:108:Infinity":22,"s:78:4:108:Infinity":46,"b:78:15:78:31:78:31:78:52":23,"s:79:6:79:Infinity":47,"b:80:4:108:Infinity:82:4:108:Infinity":24,"s:80:4:108:Infinity":48,"b:80:15:80:31:80:31:80:52":25,"s:81:6:81:Infinity":49,"b:82:4:108:Infinity:91:4:108:Infinity":26,"s:82:4:108:Infinity":50,"b:82:15:82:31:82:31:82:52":27,"s:83:16:83:Infinity":51,"b:84:6:89:Infinity:undefined:undefined:undefined:undefined":28,"s:84:6:89:Infinity":52,"s:85:8:87:Infinity":53,"s:88:8:88:Infinity":54,"s:90:6:90:Infinity":55,"b:91:4:108:Infinity:98:4:108:Infinity":29,"s:91:4:108:Infinity":56,"b:91:15:91:37:91:37:91:58":30,"s:92:18:92:Infinity":57,"b:93:6:96:Infinity:undefined:undefined:undefined:undefined":31,"s:93:6:96:Infinity":58,"b:93:10:93:28:93:28:93:43":32,"s:94:8:94:Infinity":59,"s:95:8:95:Infinity":60,"s:97:6:97:Infinity":61,"b:98:4:108:Infinity:100:4:108:Infinity":33,"s:98:4:108:Infinity":62,"s:99:6:99:Infinity":63,"b:100:4:108:Infinity:102:4:108:Infinity":34,"s:100:4:108:Infinity":64,"b:100:15:100:39:100:39:100:60":35,"s:101:6:101:Infinity":65,"b:102:4:108:Infinity:104:4:108:Infinity":36,"s:102:4:108:Infinity":66,"b:102:15:102:46:102:46:102:67":37,"s:103:6:103:Infinity":67,"b:104:4:108:Infinity:106:4:108:Infinity":38,"s:104:4:108:Infinity":68,"s:105:6:105:Infinity":69,"b:106:4:108:Infinity:undefined:undefined:undefined:undefined":39,"s:106:4:108:Infinity":70,"s:107:6:107:Infinity":71,"s:109:4:109:Infinity":72,"s:112:2:112:Infinity":73,"f:115:16:115:36":3,"s:116:20:116:Infinity":74,"b:117:2:117:Infinity:undefined:undefined:undefined:undefined":40,"s:117:2:117:Infinity":75,"s:117:17:117:Infinity":76,"s:119:21:119:Infinity":77,"b:120:2:120:Infinity:undefined:undefined:undefined:undefined":41,"s:120:2:120:Infinity":78,"s:120:18:120:Infinity":79,"s:122:23:124:Infinity":80,"b:125:2:125:Infinity:undefined:undefined:undefined:undefined":42,"s:125:2:125:Infinity":81,"s:125:31:125:Infinity":82,"s:127:24:129:Infinity":83,"b:130:2:130:Infinity:undefined:undefined:undefined:undefined":43,"s:130:2:130:Infinity":84,"s:130:32:130:Infinity":85,"s:132:2:132:Infinity":86}}}
,"/Users/li/Projects/opencode-trace/packages/cli/src/handlers/disable.ts": {"path":"/Users/li/Projects/opencode-trace/packages/cli/src/handlers/disable.ts","statementMap":{"0":{"start":{"line":4,"column":2},"end":{"line":4,"column":null}}},"fnMap":{"0":{"name":"cmdDisable","decl":{"start":{"line":3,"column":22},"end":{"line":3,"column":33}},"loc":{"start":{"line":3,"column":64},"end":{"line":5,"column":null}},"line":3}},"branchMap":{},"s":{"0":10},"f":{"0":10},"b":{},"meta":{"lastBranch":0,"lastFunction":1,"lastStatement":1,"seen":{"f:3:22:3:33":0,"s:4:2:4:Infinity":0}}}
,"/Users/li/Projects/opencode-trace/packages/cli/src/handlers/enable.ts": {"path":"/Users/li/Projects/opencode-trace/packages/cli/src/handlers/enable.ts","statementMap":{"0":{"start":{"line":5,"column":2},"end":{"line":5,"column":null}},"1":{"start":{"line":12,"column":28},"end":{"line":12,"column":null}},"2":{"start":{"line":14,"column":20},"end":{"line":14,"column":null}},"3":{"start":{"line":15,"column":19},"end":{"line":15,"column":null}},"4":{"start":{"line":16,"column":21},"end":{"line":16,"column":null}},"5":{"start":{"line":17,"column":19},"end":{"line":17,"column":null}},"6":{"start":{"line":18,"column":14},"end":{"line":18,"column":null}},"7":{"start":{"line":20,"column":28},"end":{"line":20,"column":null}},"8":{"start":{"line":22,"column":2},"end":{"line":27,"column":null}},"9":{"start":{"line":23,"column":4},"end":{"line":23,"column":null}},"10":{"start":{"line":24,"column":4},"end":{"line":24,"column":null}},"11":{"start":{"line":25,"column":4},"end":{"line":25,"column":null}},"12":{"start":{"line":26,"column":4},"end":{"line":26,"column":null}},"13":{"start":{"line":29,"column":2},"end":{"line":33,"column":null}},"14":{"start":{"line":30,"column":4},"end":{"line":30,"column":null}},"15":{"start":{"line":31,"column":4},"end":{"line":31,"column":null}},"16":{"start":{"line":32,"column":4},"end":{"line":32,"column":null}},"17":{"start":{"line":35,"column":2},"end":{"line":47,"column":null}},"18":{"start":{"line":36,"column":22},"end":{"line":36,"column":null}},"19":{"start":{"line":37,"column":4},"end":{"line":40,"column":null}},"20":{"start":{"line":38,"column":6},"end":{"line":38,"column":null}},"21":{"start":{"line":39,"column":6},"end":{"line":39,"column":null}},"22":{"start":{"line":41,"column":4},"end":{"line":41,"column":null}},"23":{"start":{"line":42,"column":4},"end":{"line":42,"column":null}},"24":{"start":{"line":43,"column":4},"end":{"line":45,"column":null}},"25":{"start":{"line":44,"column":6},"end":{"line":44,"column":null}},"26":{"start":{"line":46,"column":4},"end":{"line":46,"column":null}},"27":{"start":{"line":49,"column":17},"end":{"line":49,"column":null}},"28":{"start":{"line":50,"column":22},"end":{"line":50,"column":null}},"29":{"start":{"line":51,"column":2},"end":{"line":51,"column":null}}},"fnMap":{"0":{"name":"cmdEnable","decl":{"start":{"line":4,"column":22},"end":{"line":4,"column":32}},"loc":{"start":{"line":4,"column":63},"end":{"line":6,"column":null}},"line":4},"1":{"name":"cmdSetEnabled","decl":{"start":{"line":8,"column":22},"end":{"line":8,"column":null}},"loc":{"start":{"line":11,"column":17},"end":{"line":52,"column":null}},"line":11}},"branchMap":{"0":{"loc":{"start":{"line":17,"column":19},"end":{"line":17,"column":null}},"type":"binary-expr","locations":[{"start":{"line":17,"column":19},"end":{"line":17,"column":32}},{"start":{"line":17,"column":32},"end":{"line":17,"column":44}},{"start":{"line":17,"column":44},"end":{"line":17,"column":null}}],"line":17},"1":{"loc":{"start":{"line":18,"column":14},"end":{"line":18,"column":null}},"type":"cond-expr","locations":[{"start":{"line":18,"column":46},"end":{"line":18,"column":58}},{"start":{"line":18,"column":58},"end":{"line":18,"column":null}}],"line":18},"2":{"loc":{"start":{"line":22,"column":2},"end":{"line":27,"column":null}},"type":"if","locations":[{"start":{"line":22,"column":2},"end":{"line":27,"column":null}},{"start":{},"end":{}}],"line":22},"3":{"loc":{"start":{"line":22,"column":6},"end":{"line":22,"column":30}},"type":"binary-expr","locations":[{"start":{"line":22,"column":6},"end":{"line":22,"column":19}},{"start":{"line":22,"column":19},"end":{"line":22,"column":30}}],"line":22},"4":{"loc":{"start":{"line":29,"column":2},"end":{"line":33,"column":null}},"type":"if","locations":[{"start":{"line":29,"column":2},"end":{"line":33,"column":null}},{"start":{},"end":{}}],"line":29},"5":{"loc":{"start":{"line":35,"column":2},"end":{"line":47,"column":null}},"type":"if","locations":[{"start":{"line":35,"column":2},"end":{"line":47,"column":null}},{"start":{},"end":{}}],"line":35},"6":{"loc":{"start":{"line":37,"column":4},"end":{"line":40,"column":null}},"type":"if","locations":[{"start":{"line":37,"column":4},"end":{"line":40,"column":null}},{"start":{},"end":{}}],"line":37},"7":{"loc":{"start":{"line":43,"column":4},"end":{"line":45,"column":null}},"type":"if","locations":[{"start":{"line":43,"column":4},"end":{"line":45,"column":null}},{"start":{},"end":{}}],"line":43},"8":{"loc":{"start":{"line":49,"column":17},"end":{"line":49,"column":null}},"type":"cond-expr","locations":[{"start":{"line":49,"column":26},"end":{"line":49,"column":38}},{"start":{"line":49,"column":38},"end":{"line":49,"column":null}}],"line":49},"9":{"loc":{"start":{"line":50,"column":22},"end":{"line":50,"column":null}},"type":"cond-expr","locations":[{"start":{"line":50,"column":34},"end":{"line":50,"column":56}},{"start":{"line":50,"column":56},"end":{"line":50,"column":null}}],"line":50}},"s":{"0":12,"1":22,"2":22,"3":22,"4":22,"5":22,"6":22,"7":22,"8":22,"9":11,"10":11,"11":11,"12":11,"13":20,"14":6,"15":6,"16":6,"17":20,"18":9,"19":9,"20":2,"21":2,"22":7,"23":7,"24":7,"25":4,"26":7,"27":18,"28":22,"29":22},"f":{"0":12,"1":22},"b":{"0":[22,14,12],"1":[7,13],"2":[11,11],"3":[22,14],"4":[6,14],"5":[9,11],"6":[2,7],"7":[4,3],"8":[10,8],"9":[7,11]},"meta":{"lastBranch":10,"lastFunction":2,"lastStatement":30,"seen":{"f:4:22:4:32":0,"s:5:2:5:Infinity":0,"f:8:22:8:Infinity":1,"s:12:28:12:Infinity":1,"s:14:20:14:Infinity":2,"s:15:19:15:Infinity":3,"s:16:21:16:Infinity":4,"s:17:19:17:Infinity":5,"b:17:19:17:32:17:32:17:44:17:44:17:Infinity":0,"s:18:14:18:Infinity":6,"b:18:46:18:58:18:58:18:Infinity":1,"s:20:28:20:Infinity":7,"b:22:2:27:Infinity:undefined:undefined:undefined:undefined":2,"s:22:2:27:Infinity":8,"b:22:6:22:19:22:19:22:30":3,"s:23:4:23:Infinity":9,"s:24:4:24:Infinity":10,"s:25:4:25:Infinity":11,"s:26:4:26:Infinity":12,"b:29:2:33:Infinity:undefined:undefined:undefined:undefined":4,"s:29:2:33:Infinity":13,"s:30:4:30:Infinity":14,"s:31:4:31:Infinity":15,"s:32:4:32:Infinity":16,"b:35:2:47:Infinity:undefined:undefined:undefined:undefined":5,"s:35:2:47:Infinity":17,"s:36:22:36:Infinity":18,"b:37:4:40:Infinity:undefined:undefined:undefined:undefined":6,"s:37:4:40:Infinity":19,"s:38:6:38:Infinity":20,"s:39:6:39:Infinity":21,"s:41:4:41:Infinity":22,"s:42:4:42:Infinity":23,"b:43:4:45:Infinity:undefined:undefined:undefined:undefined":7,"s:43:4:45:Infinity":24,"s:44:6:44:Infinity":25,"s:46:4:46:Infinity":26,"s:49:17:49:Infinity":27,"b:49:26:49:38:49:38:49:Infinity":8,"s:50:22:50:Infinity":28,"b:50:34:50:56:50:56:50:Infinity":9,"s:51:2:51:Infinity":29}}}
,"/Users/li/Projects/opencode-trace/packages/cli/src/handlers/export.ts": {"path":"/Users/li/Projects/opencode-trace/packages/cli/src/handlers/export.ts","statementMap":{"0":{"start":{"line":19,"column":28},"end":{"line":19,"column":null}},"1":{"start":{"line":20,"column":20},"end":{"line":20,"column":null}},"2":{"start":{"line":22,"column":2},"end":{"line":25,"column":null}},"3":{"start":{"line":23,"column":4},"end":{"line":23,"column":null}},"4":{"start":{"line":24,"column":4},"end":{"line":24,"column":null}},"5":{"start":{"line":27,"column":2},"end":{"line":30,"column":null}},"6":{"start":{"line":28,"column":4},"end":{"line":28,"column":null}},"7":{"start":{"line":29,"column":4},"end":{"line":29,"column":null}},"8":{"start":{"line":32,"column":8},"end":{"line":32,"column":null}},"9":{"start":{"line":33,"column":2},"end":{"line":36,"column":null}},"10":{"start":{"line":34,"column":4},"end":{"line":34,"column":null}},"11":{"start":{"line":35,"column":4},"end":{"line":35,"column":null}},"12":{"start":{"line":38,"column":2},"end":{"line":38,"column":null}},"13":{"start":{"line":40,"column":22},"end":{"line":40,"column":null}},"14":{"start":{"line":41,"column":18},"end":{"line":41,"column":null}},"15":{"start":{"line":42,"column":21},"end":{"line":42,"column":null}},"16":{"start":{"line":43,"column":18},"end":{"line":43,"column":null}},"17":{"start":{"line":45,"column":2},"end":{"line":48,"column":null}},"18":{"start":{"line":46,"column":4},"end":{"line":46,"column":null}},"19":{"start":{"line":47,"column":4},"end":{"line":47,"column":null}},"20":{"start":{"line":50,"column":20},"end":{"line":50,"column":null}},"21":{"start":{"line":51,"column":16},"end":{"line":51,"column":null}},"22":{"start":{"line":53,"column":2},"end":{"line":57,"column":null}},"23":{"start":{"line":54,"column":4},"end":{"line":56,"column":null}},"24":{"start":{"line":61,"column":2},"end":{"line":164,"column":null}},"25":{"start":{"line":63,"column":28},"end":{"line":66,"column":null}},"26":{"start":{"line":63,"column":50},"end":{"line":66,"column":8}},"27":{"start":{"line":68,"column":6},"end":{"line":68,"column":null}},"28":{"start":{"line":69,"column":26},"end":{"line":69,"column":null}},"29":{"start":{"line":70,"column":6},"end":{"line":76,"column":null}},"30":{"start":{"line":71,"column":9},"end":{"line":72,"column":null}},"31":{"start":{"line":73,"column":9},"end":{"line":74,"column":null}},"32":{"start":{"line":75,"column":9},"end":{"line":75,"column":null}},"33":{"start":{"line":77,"column":6},"end":{"line":77,"column":null}},"34":{"start":{"line":81,"column":12},"end":{"line":81,"column":null}},"35":{"start":{"line":82,"column":6},"end":{"line":85,"column":null}},"36":{"start":{"line":83,"column":8},"end":{"line":83,"column":null}},"37":{"start":{"line":84,"column":8},"end":{"line":84,"column":null}},"38":{"start":{"line":87,"column":29},"end":{"line":87,"column":null}},"39":{"start":{"line":88,"column":49},"end":{"line":88,"column":null}},"40":{"start":{"line":90,"column":6},"end":{"line":94,"column":null}},"41":{"start":{"line":91,"column":8},"end":{"line":93,"column":null}},"42":{"start":{"line":92,"column":10},"end":{"line":92,"column":null}},"43":{"start":{"line":96,"column":12},"end":{"line":96,"column":null}},"44":{"start":{"line":97,"column":12},"end":{"line":99,"column":null}},"45":{"start":{"line":101,"column":21},"end":{"line":105,"column":null}},"46":{"start":{"line":107,"column":6},"end":{"line":107,"column":null}},"47":{"start":{"line":108,"column":6},"end":{"line":108,"column":null}},"48":{"start":{"line":112,"column":12},"end":{"line":112,"column":null}},"49":{"start":{"line":113,"column":6},"end":{"line":116,"column":null}},"50":{"start":{"line":114,"column":8},"end":{"line":114,"column":null}},"51":{"start":{"line":115,"column":8},"end":{"line":115,"column":null}},"52":{"start":{"line":118,"column":28},"end":{"line":121,"column":null}},"53":{"start":{"line":118,"column":50},"end":{"line":121,"column":8}},"54":{"start":{"line":123,"column":23},"end":{"line":123,"column":null}},"55":{"start":{"line":124,"column":42},"end":{"line":124,"column":null}},"56":{"start":{"line":126,"column":6},"end":{"line":130,"column":null}},"57":{"start":{"line":127,"column":8},"end":{"line":129,"column":null}},"58":{"start":{"line":128,"column":10},"end":{"line":128,"column":null}},"59":{"start":{"line":132,"column":12},"end":{"line":132,"column":null}},"60":{"start":{"line":133,"column":12},"end":{"line":135,"column":null}},"61":{"start":{"line":137,"column":21},"end":{"line":141,"column":null}},"62":{"start":{"line":143,"column":6},"end":{"line":143,"column":null}},"63":{"start":{"line":144,"column":6},"end":{"line":144,"column":null}},"64":{"start":{"line":148,"column":6},"end":{"line":158,"column":null}},"65":{"start":{"line":149,"column":23},"end":{"line":149,"column":null}},"66":{"start":{"line":150,"column":14},"end":{"line":150,"column":null}},"67":{"start":{"line":151,"column":8},"end":{"line":151,"column":null}},"68":{"start":{"line":153,"column":8},"end":{"line":153,"column":null}},"69":{"start":{"line":154,"column":8},"end":{"line":154,"column":null}},"70":{"start":{"line":156,"column":8},"end":{"line":156,"column":null}},"71":{"start":{"line":157,"column":8},"end":{"line":157,"column":null}},"72":{"start":{"line":162,"column":6},"end":{"line":162,"column":null}},"73":{"start":{"line":163,"column":6},"end":{"line":163,"column":null}},"74":{"start":{"line":167,"column":2},"end":{"line":177,"column":null}},"75":{"start":{"line":168,"column":4},"end":{"line":174,"column":null}},"76":{"start":{"line":169,"column":6},"end":{"line":169,"column":null}},"77":{"start":{"line":170,"column":4},"end":{"line":174,"column":null}},"78":{"start":{"line":171,"column":6},"end":{"line":171,"column":null}},"79":{"start":{"line":173,"column":6},"end":{"line":173,"column":null}},"80":{"start":{"line":176,"column":4},"end":{"line":176,"column":null}},"81":{"start":{"line":179,"column":8},"end":{"line":179,"column":null}},"82":{"start":{"line":180,"column":2},"end":{"line":186,"column":null}},"83":{"start":{"line":181,"column":4},"end":{"line":181,"column":null}},"84":{"start":{"line":182,"column":4},"end":{"line":182,"column":null}},"85":{"start":{"line":184,"column":4},"end":{"line":184,"column":null}},"86":{"start":{"line":185,"column":4},"end":{"line":185,"column":null}}},"fnMap":{"0":{"name":"cmdExport","decl":{"start":{"line":18,"column":22},"end":{"line":18,"column":32}},"loc":{"start":{"line":18,"column":63},"end":{"line":187,"column":null}},"line":18},"1":{"name":"(anonymous_1)","decl":{"start":{"line":63,"column":40},"end":{"line":63,"column":41}},"loc":{"start":{"line":63,"column":50},"end":{"line":66,"column":8}},"line":63},"2":{"name":"(anonymous_2)","decl":{"start":{"line":118,"column":40},"end":{"line":118,"column":41}},"loc":{"start":{"line":118,"column":50},"end":{"line":121,"column":8}},"line":118}},"branchMap":{"0":{"loc":{"start":{"line":22,"column":2},"end":{"line":25,"column":null}},"type":"if","locations":[{"start":{"line":22,"column":2},"end":{"line":25,"column":null}},{"start":{},"end":{}}],"line":22},"1":{"loc":{"start":{"line":27,"column":2},"end":{"line":30,"column":null}},"type":"if","locations":[{"start":{"line":27,"column":2},"end":{"line":30,"column":null}},{"start":{},"end":{}}],"line":27},"2":{"loc":{"start":{"line":27,"column":6},"end":{"line":27,"column":36}},"type":"binary-expr","locations":[{"start":{"line":27,"column":6},"end":{"line":27,"column":21}},{"start":{"line":27,"column":21},"end":{"line":27,"column":36}}],"line":27},"3":{"loc":{"start":{"line":33,"column":2},"end":{"line":36,"column":null}},"type":"if","locations":[{"start":{"line":33,"column":2},"end":{"line":36,"column":null}},{"start":{},"end":{}}],"line":33},"4":{"loc":{"start":{"line":40,"column":22},"end":{"line":40,"column":null}},"type":"binary-expr","locations":[{"start":{"line":40,"column":22},"end":{"line":40,"column":49}},{"start":{"line":40,"column":49},"end":{"line":40,"column":null}}],"line":40},"5":{"loc":{"start":{"line":45,"column":2},"end":{"line":48,"column":null}},"type":"if","locations":[{"start":{"line":45,"column":2},"end":{"line":48,"column":null}},{"start":{},"end":{}}],"line":45},"6":{"loc":{"start":{"line":51,"column":16},"end":{"line":51,"column":null}},"type":"cond-expr","locations":[{"start":{"line":51,"column":22},"end":{"line":51,"column":73}},{"start":{"line":51,"column":73},"end":{"line":51,"column":null}}],"line":51},"7":{"loc":{"start":{"line":53,"column":2},"end":{"line":57,"column":null}},"type":"if","locations":[{"start":{"line":53,"column":2},"end":{"line":57,"column":null}},{"start":{},"end":{}}],"line":53},"8":{"loc":{"start":{"line":53,"column":6},"end":{"line":53,"column":41}},"type":"binary-expr","locations":[{"start":{"line":53,"column":6},"end":{"line":53,"column":30}},{"start":{"line":53,"column":30},"end":{"line":53,"column":41}}],"line":53},"9":{"loc":{"start":{"line":61,"column":2},"end":{"line":164,"column":null}},"type":"switch","locations":[{"start":{"line":62,"column":4},"end":{"line":78,"column":null}},{"start":{"line":80,"column":4},"end":{"line":109,"column":null}},{"start":{"line":111,"column":4},"end":{"line":145,"column":null}},{"start":{"line":147,"column":4},"end":{"line":159,"column":null}},{"start":{"line":161,"column":4},"end":{"line":163,"column":null}}],"line":61},"10":{"loc":{"start":{"line":70,"column":6},"end":{"line":76,"column":null}},"type":"if","locations":[{"start":{"line":70,"column":6},"end":{"line":76,"column":null}},{"start":{},"end":{}}],"line":70},"11":{"loc":{"start":{"line":72,"column":10},"end":{"line":72,"column":null}},"type":"binary-expr","locations":[{"start":{"line":72,"column":10},"end":{"line":72,"column":36}},{"start":{"line":72,"column":36},"end":{"line":72,"column":null}}],"line":72},"12":{"loc":{"start":{"line":74,"column":10},"end":{"line":74,"column":null}},"type":"binary-expr","locations":[{"start":{"line":74,"column":10},"end":{"line":74,"column":36}},{"start":{"line":74,"column":36},"end":{"line":74,"column":null}}],"line":74},"13":{"loc":{"start":{"line":75,"column":32},"end":{"line":75,"column":null}},"type":"binary-expr","locations":[{"start":{"line":75,"column":32},"end":{"line":75,"column":55}},{"start":{"line":75,"column":55},"end":{"line":75,"column":null}}],"line":75},"14":{"loc":{"start":{"line":82,"column":6},"end":{"line":85,"column":null}},"type":"if","locations":[{"start":{"line":82,"column":6},"end":{"line":85,"column":null}},{"start":{},"end":{}}],"line":82},"15":{"loc":{"start":{"line":82,"column":10},"end":{"line":82,"column":71}},"type":"binary-expr","locations":[{"start":{"line":82,"column":10},"end":{"line":82,"column":42}},{"start":{"line":82,"column":42},"end":{"line":82,"column":71}}],"line":82},"16":{"loc":{"start":{"line":87,"column":29},"end":{"line":87,"column":null}},"type":"binary-expr","locations":[{"start":{"line":87,"column":29},"end":{"line":87,"column":38}},{"start":{"line":87,"column":38},"end":{"line":87,"column":null}}],"line":87},"17":{"loc":{"start":{"line":91,"column":8},"end":{"line":93,"column":null}},"type":"if","locations":[{"start":{"line":91,"column":8},"end":{"line":93,"column":null}},{"start":{},"end":{}}],"line":91},"18":{"loc":{"start":{"line":113,"column":6},"end":{"line":116,"column":null}},"type":"if","locations":[{"start":{"line":113,"column":6},"end":{"line":116,"column":null}},{"start":{},"end":{}}],"line":113},"19":{"loc":{"start":{"line":113,"column":10},"end":{"line":113,"column":71}},"type":"binary-expr","locations":[{"start":{"line":113,"column":10},"end":{"line":113,"column":42}},{"start":{"line":113,"column":42},"end":{"line":113,"column":71}}],"line":113},"20":{"loc":{"start":{"line":127,"column":8},"end":{"line":129,"column":null}},"type":"if","locations":[{"start":{"line":127,"column":8},"end":{"line":129,"column":null}},{"start":{},"end":{}}],"line":127},"21":{"loc":{"start":{"line":167,"column":2},"end":{"line":177,"column":null}},"type":"if","locations":[{"start":{"line":167,"column":2},"end":{"line":177,"column":null}},{"start":{"line":175,"column":9},"end":{"line":177,"column":null}}],"line":167},"22":{"loc":{"start":{"line":168,"column":4},"end":{"line":174,"column":null}},"type":"if","locations":[{"start":{"line":168,"column":4},"end":{"line":174,"column":null}},{"start":{"line":170,"column":4},"end":{"line":174,"column":null}}],"line":168},"23":{"loc":{"start":{"line":170,"column":4},"end":{"line":174,"column":null}},"type":"if","locations":[{"start":{"line":170,"column":4},"end":{"line":174,"column":null}},{"start":{"line":172,"column":11},"end":{"line":174,"column":null}}],"line":170},"24":{"loc":{"start":{"line":173,"column":42},"end":{"line":173,"column":57}},"type":"cond-expr","locations":[{"start":{"line":173,"column":52},"end":{"line":173,"column":56}},{"start":{"line":173,"column":56},"end":{"line":173,"column":57}}],"line":173},"25":{"loc":{"start":{"line":176,"column":40},"end":{"line":176,"column":55}},"type":"cond-expr","locations":[{"start":{"line":176,"column":50},"end":{"line":176,"column":54}},{"start":{"line":176,"column":54},"end":{"line":176,"column":55}}],"line":176}},"s":{"0":24,"1":24,"2":24,"3":1,"4":1,"5":21,"6":2,"7":2,"8":19,"9":19,"10":1,"11":1,"12":18,"13":18,"14":24,"15":24,"16":24,"17":24,"18":1,"19":1,"20":17,"21":17,"22":24,"23":1,"24":17,"25":3,"26":3,"27":3,"28":3,"29":3,"30":2,"31":2,"32":2,"33":3,"34":7,"35":7,"36":2,"37":2,"38":5,"39":7,"40":7,"41":7,"42":6,"43":5,"44":5,"45":5,"46":5,"47":5,"48":4,"49":4,"50":1,"51":1,"52":3,"53":8,"54":3,"55":3,"56":3,"57":8,"58":7,"59":3,"60":3,"61":3,"62":3,"63":3,"64":3,"65":3,"66":2,"67":2,"68":2,"69":2,"70":1,"71":1,"72":0,"73":0,"74":3,"75":0,"76":0,"77":0,"78":0,"79":0,"80":3,"81":3,"82":3,"83":3,"84":3,"85":0,"86":0},"f":{"0":24,"1":3,"2":8},"b":{"0":[1,23],"1":[2,19],"2":[21,20],"3":[1,18],"4":[18,17],"5":[1,23],"6":[3,14],"7":[1,23],"8":[24,3],"9":[17,7,4,3,0],"10":[2,1],"11":[2,1],"12":[2,1],"13":[2,1],"14":[2,5],"15":[7,6],"16":[5,4],"17":[6,1],"18":[1,3],"19":[4,3],"20":[7,1],"21":[0,3],"22":[0,0],"23":[0,0],"24":[0,0],"25":[0,3]},"meta":{"lastBranch":26,"lastFunction":3,"lastStatement":87,"seen":{"f:18:22:18:32":0,"s:19:28:19:Infinity":0,"s:20:20:20:Infinity":1,"b:22:2:25:Infinity:undefined:undefined:undefined:undefined":0,"s:22:2:25:Infinity":2,"s:23:4:23:Infinity":3,"s:24:4:24:Infinity":4,"b:27:2:30:Infinity:undefined:undefined:undefined:undefined":1,"s:27:2:30:Infinity":5,"b:27:6:27:21:27:21:27:36":2,"s:28:4:28:Infinity":6,"s:29:4:29:Infinity":7,"s:32:8:32:Infinity":8,"b:33:2:36:Infinity:undefined:undefined:undefined:undefined":3,"s:33:2:36:Infinity":9,"s:34:4:34:Infinity":10,"s:35:4:35:Infinity":11,"s:38:2:38:Infinity":12,"s:40:22:40:Infinity":13,"b:40:22:40:49:40:49:40:Infinity":4,"s:41:18:41:Infinity":14,"s:42:21:42:Infinity":15,"s:43:18:43:Infinity":16,"b:45:2:48:Infinity:undefined:undefined:undefined:undefined":5,"s:45:2:48:Infinity":17,"s:46:4:46:Infinity":18,"s:47:4:47:Infinity":19,"s:50:20:50:Infinity":20,"s:51:16:51:Infinity":21,"b:51:22:51:73:51:73:51:Infinity":6,"b:53:2:57:Infinity:undefined:undefined:undefined:undefined":7,"s:53:2:57:Infinity":22,"b:53:6:53:30:53:30:53:41":8,"s:54:4:56:Infinity":23,"b:62:4:78:Infinity:80:4:109:Infinity:111:4:145:Infinity:147:4:159:Infinity:161:4:163:Infinity":9,"s:61:2:164:Infinity":24,"s:63:28:66:Infinity":25,"f:63:40:63:41":1,"s:63:50:66:8":26,"s:68:6:68:Infinity":27,"s:69:26:69:Infinity":28,"b:70:6:76:Infinity:undefined:undefined:undefined:undefined":10,"s:70:6:76:Infinity":29,"s:71:9:72:Infinity":30,"b:72:10:72:36:72:36:72:Infinity":11,"s:73:9:74:Infinity":31,"b:74:10:74:36:74:36:74:Infinity":12,"s:75:9:75:Infinity":32,"b:75:32:75:55:75:55:75:Infinity":13,"s:77:6:77:Infinity":33,"s:81:12:81:Infinity":34,"b:82:6:85:Infinity:undefined:undefined:undefined:undefined":14,"s:82:6:85:Infinity":35,"b:82:10:82:42:82:42:82:71":15,"s:83:8:83:Infinity":36,"s:84:8:84:Infinity":37,"s:87:29:87:Infinity":38,"b:87:29:87:38:87:38:87:Infinity":16,"s:88:49:88:Infinity":39,"s:90:6:94:Infinity":40,"b:91:8:93:Infinity:undefined:undefined:undefined:undefined":17,"s:91:8:93:Infinity":41,"s:92:10:92:Infinity":42,"s:96:12:96:Infinity":43,"s:97:12:99:Infinity":44,"s:101:21:105:Infinity":45,"s:107:6:107:Infinity":46,"s:108:6:108:Infinity":47,"s:112:12:112:Infinity":48,"b:113:6:116:Infinity:undefined:undefined:undefined:undefined":18,"s:113:6:116:Infinity":49,"b:113:10:113:42:113:42:113:71":19,"s:114:8:114:Infinity":50,"s:115:8:115:Infinity":51,"s:118:28:121:Infinity":52,"f:118:40:118:41":2,"s:118:50:121:8":53,"s:123:23:123:Infinity":54,"s:124:42:124:Infinity":55,"s:126:6:130:Infinity":56,"b:127:8:129:Infinity:undefined:undefined:undefined:undefined":20,"s:127:8:129:Infinity":57,"s:128:10:128:Infinity":58,"s:132:12:132:Infinity":59,"s:133:12:135:Infinity":60,"s:137:21:141:Infinity":61,"s:143:6:143:Infinity":62,"s:144:6:144:Infinity":63,"s:148:6:158:Infinity":64,"s:149:23:149:Infinity":65,"s:150:14:150:Infinity":66,"s:151:8:151:Infinity":67,"s:153:8:153:Infinity":68,"s:154:8:154:Infinity":69,"s:156:8:156:Infinity":70,"s:157:8:157:Infinity":71,"s:162:6:162:Infinity":72,"s:163:6:163:Infinity":73,"b:167:2:177:Infinity:175:9:177:Infinity":21,"s:167:2:177:Infinity":74,"b:168:4:174:Infinity:170:4:174:Infinity":22,"s:168:4:174:Infinity":75,"s:169:6:169:Infinity":76,"b:170:4:174:Infinity:172:11:174:Infinity":23,"s:170:4:174:Infinity":77,"s:171:6:171:Infinity":78,"s:173:6:173:Infinity":79,"b:173:52:173:56:173:56:173:57":24,"s:176:4:176:Infinity":80,"b:176:50:176:54:176:54:176:55":25,"s:179:8:179:Infinity":81,"s:180:2:186:Infinity":82,"s:181:4:181:Infinity":83,"s:182:4:182:Infinity":84,"s:184:4:184:Infinity":85,"s:185:4:185:Infinity":86}}}
,"/Users/li/Projects/opencode-trace/packages/cli/src/handlers/list.ts": {"path":"/Users/li/Projects/opencode-trace/packages/cli/src/handlers/list.ts","statementMap":{"0":{"start":{"line":5,"column":19},"end":{"line":8,"column":null}},"1":{"start":{"line":10,"column":2},"end":{"line":13,"column":null}},"2":{"start":{"line":11,"column":4},"end":{"line":11,"column":null}},"3":{"start":{"line":12,"column":4},"end":{"line":12,"column":null}},"4":{"start":{"line":15,"column":2},"end":{"line":20,"column":null}},"5":{"start":{"line":16,"column":21},"end":{"line":16,"column":null}},"6":{"start":{"line":17,"column":4},"end":{"line":19,"column":null}}},"fnMap":{"0":{"name":"cmdList","decl":{"start":{"line":4,"column":16},"end":{"line":4,"column":24}},"loc":{"start":{"line":4,"column":46},"end":{"line":21,"column":null}},"line":4}},"branchMap":{"0":{"loc":{"start":{"line":10,"column":2},"end":{"line":13,"column":null}},"type":"if","locations":[{"start":{"line":10,"column":2},"end":{"line":13,"column":null}},{"start":{},"end":{}}],"line":10},"1":{"loc":{"start":{"line":16,"column":21},"end":{"line":16,"column":null}},"type":"cond-expr","locations":[{"start":{"line":16,"column":43},"end":{"line":16,"column":55}},{"start":{"line":16,"column":55},"end":{"line":16,"column":null}}],"line":16},"2":{"loc":{"start":{"line":18,"column":36},"end":{"line":18,"column":50}},"type":"binary-expr","locations":[{"start":{"line":18,"column":36},"end":{"line":18,"column":47}},{"start":{"line":18,"column":47},"end":{"line":18,"column":50}}],"line":18},"3":{"loc":{"start":{"line":18,"column":63},"end":{"line":18,"column":81}},"type":"binary-expr","locations":[{"start":{"line":18,"column":63},"end":{"line":18,"column":78}},{"start":{"line":18,"column":78},"end":{"line":18,"column":81}}],"line":18},"4":{"loc":{"start":{"line":18,"column":94},"end":{"line":18,"column":112}},"type":"binary-expr","locations":[{"start":{"line":18,"column":94},"end":{"line":18,"column":109}},{"start":{"line":18,"column":109},"end":{"line":18,"column":112}}],"line":18}},"s":{"0":8,"1":8,"2":3,"3":3,"4":5,"5":6,"6":6},"f":{"0":8},"b":{"0":[3,5],"1":[2,4],"2":[6,1],"3":[6,1],"4":[6,1]},"meta":{"lastBranch":5,"lastFunction":1,"lastStatement":7,"seen":{"f:4:16:4:24":0,"s:5:19:8:Infinity":0,"b:10:2:13:Infinity:undefined:undefined:undefined:undefined":0,"s:10:2:13:Infinity":1,"s:11:4:11:Infinity":2,"s:12:4:12:Infinity":3,"s:15:2:20:Infinity":4,"s:16:21:16:Infinity":5,"b:16:43:16:55:16:55:16:Infinity":1,"s:17:4:19:Infinity":6,"b:18:36:18:47:18:47:18:50":2,"b:18:63:18:78:18:78:18:81":3,"b:18:94:18:109:18:109:18:112":4}}}
,"/Users/li/Projects/opencode-trace/packages/cli/src/handlers/show.ts": {"path":"/Users/li/Projects/opencode-trace/packages/cli/src/handlers/show.ts","statementMap":{"0":{"start":{"line":11,"column":28},"end":{"line":11,"column":null}},"1":{"start":{"line":12,"column":20},"end":{"line":12,"column":null}},"2":{"start":{"line":13,"column":21},"end":{"line":13,"column":null}},"3":{"start":{"line":15,"column":2},"end":{"line":18,"column":null}},"4":{"start":{"line":16,"column":4},"end":{"line":16,"column":null}},"5":{"start":{"line":17,"column":4},"end":{"line":17,"column":null}},"6":{"start":{"line":20,"column":8},"end":{"line":20,"column":null}},"7":{"start":{"line":21,"column":2},"end":{"line":24,"column":null}},"8":{"start":{"line":22,"column":4},"end":{"line":22,"column":null}},"9":{"start":{"line":23,"column":4},"end":{"line":23,"column":null}},"10":{"start":{"line":26,"column":2},"end":{"line":26,"column":null}},"11":{"start":{"line":28,"column":22},"end":{"line":28,"column":null}},"12":{"start":{"line":29,"column":18},"end":{"line":29,"column":null}},"13":{"start":{"line":30,"column":18},"end":{"line":30,"column":null}},"14":{"start":{"line":32,"column":2},"end":{"line":35,"column":null}},"15":{"start":{"line":33,"column":4},"end":{"line":33,"column":null}},"16":{"start":{"line":34,"column":4},"end":{"line":34,"column":null}},"17":{"start":{"line":37,"column":20},"end":{"line":37,"column":null}},"18":{"start":{"line":38,"column":16},"end":{"line":38,"column":null}},"19":{"start":{"line":40,"column":2},"end":{"line":95,"column":null}},"20":{"start":{"line":42,"column":28},"end":{"line":45,"column":null}},"21":{"start":{"line":42,"column":50},"end":{"line":45,"column":8}},"22":{"start":{"line":47,"column":23},"end":{"line":47,"column":null}},"23":{"start":{"line":48,"column":26},"end":{"line":48,"column":null}},"24":{"start":{"line":49,"column":6},"end":{"line":53,"column":null}},"25":{"start":{"line":50,"column":8},"end":{"line":50,"column":null}},"26":{"start":{"line":51,"column":8},"end":{"line":51,"column":null}},"27":{"start":{"line":52,"column":9},"end":{"line":52,"column":null}},"28":{"start":{"line":55,"column":6},"end":{"line":55,"column":null}},"29":{"start":{"line":56,"column":6},"end":{"line":56,"column":null}},"30":{"start":{"line":60,"column":29},"end":{"line":60,"column":null}},"31":{"start":{"line":61,"column":42},"end":{"line":61,"column":null}},"32":{"start":{"line":63,"column":6},"end":{"line":67,"column":null}},"33":{"start":{"line":64,"column":8},"end":{"line":66,"column":null}},"34":{"start":{"line":65,"column":10},"end":{"line":65,"column":null}},"35":{"start":{"line":69,"column":6},"end":{"line":69,"column":null}},"36":{"start":{"line":70,"column":6},"end":{"line":70,"column":null}},"37":{"start":{"line":74,"column":28},"end":{"line":77,"column":null}},"38":{"start":{"line":74,"column":50},"end":{"line":77,"column":8}},"39":{"start":{"line":79,"column":23},"end":{"line":79,"column":null}},"40":{"start":{"line":80,"column":42},"end":{"line":80,"column":null}},"41":{"start":{"line":82,"column":6},"end":{"line":86,"column":null}},"42":{"start":{"line":83,"column":8},"end":{"line":85,"column":null}},"43":{"start":{"line":84,"column":10},"end":{"line":84,"column":null}},"44":{"start":{"line":88,"column":6},"end":{"line":88,"column":null}},"45":{"start":{"line":89,"column":6},"end":{"line":89,"column":null}},"46":{"start":{"line":93,"column":6},"end":{"line":93,"column":null}},"47":{"start":{"line":94,"column":6},"end":{"line":94,"column":null}}},"fnMap":{"0":{"name":"cmdShow","decl":{"start":{"line":10,"column":22},"end":{"line":10,"column":30}},"loc":{"start":{"line":10,"column":61},"end":{"line":96,"column":null}},"line":10},"1":{"name":"(anonymous_1)","decl":{"start":{"line":42,"column":40},"end":{"line":42,"column":41}},"loc":{"start":{"line":42,"column":50},"end":{"line":45,"column":8}},"line":42},"2":{"name":"(anonymous_2)","decl":{"start":{"line":74,"column":40},"end":{"line":74,"column":41}},"loc":{"start":{"line":74,"column":50},"end":{"line":77,"column":8}},"line":74}},"branchMap":{"0":{"loc":{"start":{"line":15,"column":2},"end":{"line":18,"column":null}},"type":"if","locations":[{"start":{"line":15,"column":2},"end":{"line":18,"column":null}},{"start":{},"end":{}}],"line":15},"1":{"loc":{"start":{"line":15,"column":6},"end":{"line":15,"column":33}},"type":"binary-expr","locations":[{"start":{"line":15,"column":6},"end":{"line":15,"column":20}},{"start":{"line":15,"column":20},"end":{"line":15,"column":33}}],"line":15},"2":{"loc":{"start":{"line":21,"column":2},"end":{"line":24,"column":null}},"type":"if","locations":[{"start":{"line":21,"column":2},"end":{"line":24,"column":null}},{"start":{},"end":{}}],"line":21},"3":{"loc":{"start":{"line":28,"column":22},"end":{"line":28,"column":null}},"type":"binary-expr","locations":[{"start":{"line":28,"column":22},"end":{"line":28,"column":49}},{"start":{"line":28,"column":49},"end":{"line":28,"column":null}}],"line":28},"4":{"loc":{"start":{"line":32,"column":2},"end":{"line":35,"column":null}},"type":"if","locations":[{"start":{"line":32,"column":2},"end":{"line":35,"column":null}},{"start":{},"end":{}}],"line":32},"5":{"loc":{"start":{"line":38,"column":16},"end":{"line":38,"column":null}},"type":"cond-expr","locations":[{"start":{"line":38,"column":22},"end":{"line":38,"column":73}},{"start":{"line":38,"column":73},"end":{"line":38,"column":null}}],"line":38},"6":{"loc":{"start":{"line":40,"column":2},"end":{"line":95,"column":null}},"type":"switch","locations":[{"start":{"line":41,"column":4},"end":{"line":57,"column":null}},{"start":{"line":59,"column":4},"end":{"line":71,"column":null}},{"start":{"line":73,"column":4},"end":{"line":90,"column":null}},{"start":{"line":92,"column":4},"end":{"line":94,"column":null}}],"line":40},"7":{"loc":{"start":{"line":49,"column":6},"end":{"line":53,"column":null}},"type":"if","locations":[{"start":{"line":49,"column":6},"end":{"line":53,"column":null}},{"start":{},"end":{}}],"line":49},"8":{"loc":{"start":{"line":50,"column":29},"end":{"line":50,"column":null}},"type":"binary-expr","locations":[{"start":{"line":50,"column":29},"end":{"line":50,"column":54}},{"start":{"line":50,"column":54},"end":{"line":50,"column":null}}],"line":50},"9":{"loc":{"start":{"line":51,"column":29},"end":{"line":51,"column":null}},"type":"binary-expr","locations":[{"start":{"line":51,"column":29},"end":{"line":51,"column":54}},{"start":{"line":51,"column":54},"end":{"line":51,"column":null}}],"line":51},"10":{"loc":{"start":{"line":52,"column":36},"end":{"line":52,"column":null}},"type":"binary-expr","locations":[{"start":{"line":52,"column":36},"end":{"line":52,"column":59}},{"start":{"line":52,"column":59},"end":{"line":52,"column":null}}],"line":52},"11":{"loc":{"start":{"line":60,"column":29},"end":{"line":60,"column":null}},"type":"binary-expr","locations":[{"start":{"line":60,"column":29},"end":{"line":60,"column":38}},{"start":{"line":60,"column":38},"end":{"line":60,"column":null}}],"line":60},"12":{"loc":{"start":{"line":64,"column":8},"end":{"line":66,"column":null}},"type":"if","locations":[{"start":{"line":64,"column":8},"end":{"line":66,"column":null}},{"start":{},"end":{}}],"line":64},"13":{"loc":{"start":{"line":83,"column":8},"end":{"line":85,"column":null}},"type":"if","locations":[{"start":{"line":83,"column":8},"end":{"line":85,"column":null}},{"start":{},"end":{}}],"line":83}},"s":{"0":16,"1":16,"2":16,"3":16,"4":2,"5":2,"6":14,"7":14,"8":1,"9":1,"10":13,"11":13,"12":16,"13":16,"14":16,"15":1,"16":1,"17":12,"18":12,"19":16,"20":3,"21":3,"22":3,"23":3,"24":3,"25":2,"26":2,"27":2,"28":3,"29":3,"30":5,"31":5,"32":5,"33":11,"34":7,"35":5,"36":5,"37":3,"38":7,"39":3,"40":3,"41":3,"42":7,"43":5,"44":3,"45":3,"46":1,"47":1},"f":{"0":16,"1":3,"2":7},"b":{"0":[2,14],"1":[16,15],"2":[1,13],"3":[13,10],"4":[1,15],"5":[3,9],"6":[3,5,3,1],"7":[2,1],"8":[2,0],"9":[2,0],"10":[2,0],"11":[5,3],"12":[7,4],"13":[5,2]},"meta":{"lastBranch":14,"lastFunction":3,"lastStatement":48,"seen":{"f:10:22:10:30":0,"s:11:28:11:Infinity":0,"s:12:20:12:Infinity":1,"s:13:21:13:Infinity":2,"b:15:2:18:Infinity:undefined:undefined:undefined:undefined":0,"s:15:2:18:Infinity":3,"b:15:6:15:20:15:20:15:33":1,"s:16:4:16:Infinity":4,"s:17:4:17:Infinity":5,"s:20:8:20:Infinity":6,"b:21:2:24:Infinity:undefined:undefined:undefined:undefined":2,"s:21:2:24:Infinity":7,"s:22:4:22:Infinity":8,"s:23:4:23:Infinity":9,"s:26:2:26:Infinity":10,"s:28:22:28:Infinity":11,"b:28:22:28:49:28:49:28:Infinity":3,"s:29:18:29:Infinity":12,"s:30:18:30:Infinity":13,"b:32:2:35:Infinity:undefined:undefined:undefined:undefined":4,"s:32:2:35:Infinity":14,"s:33:4:33:Infinity":15,"s:34:4:34:Infinity":16,"s:37:20:37:Infinity":17,"s:38:16:38:Infinity":18,"b:38:22:38:73:38:73:38:Infinity":5,"b:41:4:57:Infinity:59:4:71:Infinity:73:4:90:Infinity:92:4:94:Infinity":6,"s:40:2:95:Infinity":19,"s:42:28:45:Infinity":20,"f:42:40:42:41":1,"s:42:50:45:8":21,"s:47:23:47:Infinity":22,"s:48:26:48:Infinity":23,"b:49:6:53:Infinity:undefined:undefined:undefined:undefined":7,"s:49:6:53:Infinity":24,"s:50:8:50:Infinity":25,"b:50:29:50:54:50:54:50:Infinity":8,"s:51:8:51:Infinity":26,"b:51:29:51:54:51:54:51:Infinity":9,"s:52:9:52:Infinity":27,"b:52:36:52:59:52:59:52:Infinity":10,"s:55:6:55:Infinity":28,"s:56:6:56:Infinity":29,"s:60:29:60:Infinity":30,"b:60:29:60:38:60:38:60:Infinity":11,"s:61:42:61:Infinity":31,"s:63:6:67:Infinity":32,"b:64:8:66:Infinity:undefined:undefined:undefined:undefined":12,"s:64:8:66:Infinity":33,"s:65:10:65:Infinity":34,"s:69:6:69:Infinity":35,"s:70:6:70:Infinity":36,"s:74:28:77:Infinity":37,"f:74:40:74:41":2,"s:74:50:77:8":38,"s:79:23:79:Infinity":39,"s:80:42:80:Infinity":40,"s:82:6:86:Infinity":41,"b:83:8:85:Infinity:undefined:undefined:undefined:undefined":13,"s:83:8:85:Infinity":42,"s:84:10:84:Infinity":43,"s:88:6:88:Infinity":44,"s:89:6:89:Infinity":45,"s:93:6:93:Infinity":46,"s:94:6:94:Infinity":47}}}
,"/Users/li/Projects/opencode-trace/packages/cli/src/handlers/status.ts": {"path":"/Users/li/Projects/opencode-trace/packages/cli/src/handlers/status.ts","statementMap":{"0":{"start":{"line":5,"column":28},"end":{"line":5,"column":null}},"1":{"start":{"line":7,"column":20},"end":{"line":7,"column":null}},"2":{"start":{"line":8,"column":19},"end":{"line":8,"column":null}},"3":{"start":{"line":9,"column":21},"end":{"line":9,"column":null}},"4":{"start":{"line":10,"column":19},"end":{"line":10,"column":null}},"5":{"start":{"line":12,"column":42},"end":{"line":12,"column":null}},"6":{"start":{"line":14,"column":2},"end":{"line":20,"column":null}},"7":{"start":{"line":15,"column":4},"end":{"line":15,"column":null}},"8":{"start":{"line":16,"column":4},"end":{"line":19,"column":null}},"9":{"start":{"line":22,"column":2},"end":{"line":27,"column":null}},"10":{"start":{"line":23,"column":4},"end":{"line":23,"column":null}},"11":{"start":{"line":24,"column":4},"end":{"line":26,"column":null}},"12":{"start":{"line":29,"column":2},"end":{"line":41,"column":null}},"13":{"start":{"line":30,"column":22},"end":{"line":30,"column":null}},"14":{"start":{"line":31,"column":4},"end":{"line":34,"column":null}},"15":{"start":{"line":32,"column":6},"end":{"line":32,"column":null}},"16":{"start":{"line":33,"column":6},"end":{"line":33,"column":null}},"17":{"start":{"line":35,"column":4},"end":{"line":35,"column":null}},"18":{"start":{"line":36,"column":4},"end":{"line":40,"column":null}},"19":{"start":{"line":43,"column":2},"end":{"line":43,"column":null}}},"fnMap":{"0":{"name":"cmdStatus","decl":{"start":{"line":4,"column":22},"end":{"line":4,"column":32}},"loc":{"start":{"line":4,"column":63},"end":{"line":44,"column":null}},"line":4}},"branchMap":{"0":{"loc":{"start":{"line":10,"column":19},"end":{"line":10,"column":null}},"type":"binary-expr","locations":[{"start":{"line":10,"column":19},"end":{"line":10,"column":32}},{"start":{"line":10,"column":32},"end":{"line":10,"column":44}},{"start":{"line":10,"column":44},"end":{"line":10,"column":null}}],"line":10},"1":{"loc":{"start":{"line":14,"column":2},"end":{"line":20,"column":null}},"type":"if","locations":[{"start":{"line":14,"column":2},"end":{"line":20,"column":null}},{"start":{},"end":{}}],"line":14},"2":{"loc":{"start":{"line":14,"column":6},"end":{"line":14,"column":30}},"type":"binary-expr","locations":[{"start":{"line":14,"column":6},"end":{"line":14,"column":19}},{"start":{"line":14,"column":19},"end":{"line":14,"column":30}}],"line":14},"3":{"loc":{"start":{"line":22,"column":2},"end":{"line":27,"column":null}},"type":"if","locations":[{"start":{"line":22,"column":2},"end":{"line":27,"column":null}},{"start":{},"end":{}}],"line":22},"4":{"loc":{"start":{"line":29,"column":2},"end":{"line":41,"column":null}},"type":"if","locations":[{"start":{"line":29,"column":2},"end":{"line":41,"column":null}},{"start":{},"end":{}}],"line":29},"5":{"loc":{"start":{"line":31,"column":4},"end":{"line":34,"column":null}},"type":"if","locations":[{"start":{"line":31,"column":4},"end":{"line":34,"column":null}},{"start":{},"end":{}}],"line":31}},"s":{"0":8,"1":8,"2":8,"3":8,"4":8,"5":8,"6":8,"7":5,"8":5,"9":8,"10":4,"11":4,"12":8,"13":4,"14":4,"15":1,"16":1,"17":3,"18":3,"19":7},"f":{"0":8},"b":{"0":[8,4,3],"1":[5,3],"2":[8,4],"3":[4,4],"4":[4,4],"5":[1,3]},"meta":{"lastBranch":6,"lastFunction":1,"lastStatement":20,"seen":{"f:4:22:4:32":0,"s:5:28:5:Infinity":0,"s:7:20:7:Infinity":1,"s:8:19:8:Infinity":2,"s:9:21:9:Infinity":3,"s:10:19:10:Infinity":4,"b:10:19:10:32:10:32:10:44:10:44:10:Infinity":0,"s:12:42:12:Infinity":5,"b:14:2:20:Infinity:undefined:undefined:undefined:undefined":1,"s:14:2:20:Infinity":6,"b:14:6:14:19:14:19:14:30":2,"s:15:4:15:Infinity":7,"s:16:4:19:Infinity":8,"b:22:2:27:Infinity:undefined:undefined:undefined:undefined":3,"s:22:2:27:Infinity":9,"s:23:4:23:Infinity":10,"s:24:4:26:Infinity":11,"b:29:2:41:Infinity:undefined:undefined:undefined:undefined":4,"s:29:2:41:Infinity":12,"s:30:22:30:Infinity":13,"b:31:4:34:Infinity:undefined:undefined:undefined:undefined":5,"s:31:4:34:Infinity":14,"s:32:6:32:Infinity":15,"s:33:6:33:Infinity":16,"s:35:4:35:Infinity":17,"s:36:4:40:Infinity":18,"s:43:2:43:Infinity":19}}}
,"/Users/li/Projects/opencode-trace/packages/cli/src/handlers/sync.ts": {"path":"/Users/li/Projects/opencode-trace/packages/cli/src/handlers/sync.ts","statementMap":{"0":{"start":{"line":7,"column":16},"end":{"line":7,"column":null}},"1":{"start":{"line":8,"column":19},"end":{"line":8,"column":null}},"2":{"start":{"line":10,"column":2},"end":{"line":16,"column":null}},"3":{"start":{"line":11,"column":10},"end":{"line":11,"column":null}},"4":{"start":{"line":12,"column":4},"end":{"line":15,"column":null}},"5":{"start":{"line":13,"column":6},"end":{"line":13,"column":null}},"6":{"start":{"line":14,"column":6},"end":{"line":14,"column":null}},"7":{"start":{"line":18,"column":2},"end":{"line":18,"column":null}},"8":{"start":{"line":19,"column":2},"end":{"line":19,"column":null}},"9":{"start":{"line":20,"column":2},"end":{"line":20,"column":null}}},"fnMap":{"0":{"name":"cmdSync","decl":{"start":{"line":6,"column":22},"end":{"line":6,"column":30}},"loc":{"start":{"line":6,"column":61},"end":{"line":21,"column":null}},"line":6}},"branchMap":{"0":{"loc":{"start":{"line":10,"column":2},"end":{"line":16,"column":null}},"type":"if","locations":[{"start":{"line":10,"column":2},"end":{"line":16,"column":null}},{"start":{},"end":{}}],"line":10},"1":{"loc":{"start":{"line":12,"column":4},"end":{"line":15,"column":null}},"type":"if","locations":[{"start":{"line":12,"column":4},"end":{"line":15,"column":null}},{"start":{},"end":{}}],"line":12}},"s":{"0":5,"1":5,"2":5,"3":3,"4":3,"5":2,"6":2,"7":5,"8":5,"9":5},"f":{"0":5},"b":{"0":[3,2],"1":[2,1]},"meta":{"lastBranch":2,"lastFunction":1,"lastStatement":10,"seen":{"f:6:22:6:30":0,"s:7:16:7:Infinity":0,"s:8:19:8:Infinity":1,"b:10:2:16:Infinity:undefined:undefined:undefined:undefined":0,"s:10:2:16:Infinity":2,"s:11:10:11:Infinity":3,"b:12:4:15:Infinity:undefined:undefined:undefined:undefined":1,"s:12:4:15:Infinity":4,"s:13:6:13:Infinity":5,"s:14:6:14:Infinity":6,"s:18:2:18:Infinity":7,"s:19:2:19:Infinity":8,"s:20:2:20:Infinity":9}}}
,"/Users/li/Projects/opencode-trace/packages/cli/src/handlers/viewer.ts": {"path":"/Users/li/Projects/opencode-trace/packages/cli/src/handlers/viewer.ts","statementMap":{"0":{"start":{"line":5,"column":6},"end":{"line":5,"column":null}},"1":{"start":{"line":8,"column":8},"end":{"line":8,"column":null}},"2":{"start":{"line":10,"column":8},"end":{"line":10,"column":null}},"3":{"start":{"line":12,"column":2},"end":{"line":15,"column":null}},"4":{"start":{"line":13,"column":4},"end":{"line":13,"column":null}},"5":{"start":{"line":14,"column":4},"end":{"line":14,"column":null}},"6":{"start":{"line":17,"column":2},"end":{"line":19,"column":null}},"7":{"start":{"line":18,"column":4},"end":{"line":18,"column":null}}},"fnMap":{"0":{"name":"cmdViewer","decl":{"start":{"line":7,"column":22},"end":{"line":7,"column":32}},"loc":{"start":{"line":7,"column":63},"end":{"line":20,"column":null}},"line":7},"1":{"name":"(anonymous_1)","decl":{"start":{"line":12,"column":20},"end":{"line":12,"column":21}},"loc":{"start":{"line":12,"column":29},"end":{"line":15,"column":3}},"line":12},"2":{"name":"(anonymous_2)","decl":{"start":{"line":17,"column":19},"end":{"line":17,"column":20}},"loc":{"start":{"line":17,"column":29},"end":{"line":19,"column":3}},"line":17}},"branchMap":{"0":{"loc":{"start":{"line":18,"column":17},"end":{"line":18,"column":26}},"type":"binary-expr","locations":[{"start":{"line":18,"column":17},"end":{"line":18,"column":25}},{"start":{"line":18,"column":25},"end":{"line":18,"column":26}}],"line":18}},"s":{"0":3,"1":3,"2":3,"3":3,"4":1,"5":1,"6":3,"7":2},"f":{"0":3,"1":1,"2":2},"b":{"0":[2,0]},"meta":{"lastBranch":1,"lastFunction":3,"lastStatement":8,"seen":{"s:5:6:5:Infinity":0,"f:7:22:7:32":0,"s:8:8:8:Infinity":1,"s:10:8:10:Infinity":2,"s:12:2:15:Infinity":3,"f:12:20:12:21":1,"s:13:4:13:Infinity":4,"s:14:4:14:Infinity":5,"s:17:2:19:Infinity":6,"f:17:19:17:20":2,"s:18:4:18:Infinity":7,"b:18:17:18:25:18:25:18:26":0}}}
}
