{"/Users/li/Projects/opencode-trace/packages/plugin/src/plugin-instance.ts": {"path":"/Users/li/Projects/opencode-trace/packages/plugin/src/plugin-instance.ts","statementMap":{"0":{"start":{"line":29,"column":37},"end":{"line":29,"column":null}},"1":{"start":{"line":31,"column":42},"end":{"line":31,"column":null}},"2":{"start":{"line":34,"column":54},"end":{"line":34,"column":null}},"3":{"start":{"line":35,"column":53},"end":{"line":35,"column":null}},"4":{"start":{"line":38,"column":4},"end":{"line":40,"column":null}},"5":{"start":{"line":39,"column":6},"end":{"line":39,"column":null}},"6":{"start":{"line":41,"column":4},"end":{"line":41,"column":null}},"7":{"start":{"line":42,"column":4},"end":{"line":42,"column":null}},"8":{"start":{"line":43,"column":4},"end":{"line":43,"column":null}},"9":{"start":{"line":44,"column":4},"end":{"line":44,"column":null}},"10":{"start":{"line":48,"column":4},"end":{"line":48,"column":null}},"11":{"start":{"line":49,"column":4},"end":{"line":49,"column":null}},"12":{"start":{"line":51,"column":4},"end":{"line":51,"column":null}},"13":{"start":{"line":52,"column":4},"end":{"line":52,"column":null}},"14":{"start":{"line":56,"column":4},"end":{"line":56,"column":null}},"15":{"start":{"line":60,"column":4},"end":{"line":60,"column":null}},"16":{"start":{"line":64,"column":4},"end":{"line":64,"column":null}},"17":{"start":{"line":68,"column":4},"end":{"line":72,"column":null}},"18":{"start":{"line":69,"column":26},"end":{"line":69,"column":null}},"19":{"start":{"line":70,"column":6},"end":{"line":70,"column":null}},"20":{"start":{"line":70,"column":35},"end":{"line":70,"column":null}},"21":{"start":{"line":71,"column":6},"end":{"line":71,"column":null}},"22":{"start":{"line":71,"column":36},"end":{"line":71,"column":null}},"23":{"start":{"line":74,"column":4},"end":{"line":77,"column":null}},"24":{"start":{"line":75,"column":25},"end":{"line":75,"column":null}},"25":{"start":{"line":76,"column":6},"end":{"line":76,"column":null}},"26":{"start":{"line":76,"column":34},"end":{"line":76,"column":null}},"27":{"start":{"line":79,"column":4},"end":{"line":79,"column":null}},"28":{"start":{"line":83,"column":4},"end":{"line":83,"column":null}},"29":{"start":{"line":83,"column":35},"end":{"line":83,"column":null}},"30":{"start":{"line":85,"column":26},"end":{"line":85,"column":null}},"31":{"start":{"line":86,"column":4},"end":{"line":86,"column":null}},"32":{"start":{"line":86,"column":23},"end":{"line":86,"column":null}},"33":{"start":{"line":88,"column":4},"end":{"line":91,"column":null}},"34":{"start":{"line":89,"column":27},"end":{"line":89,"column":null}},"35":{"start":{"line":90,"column":6},"end":{"line":90,"column":null}},"36":{"start":{"line":90,"column":24},"end":{"line":90,"column":null}},"37":{"start":{"line":93,"column":4},"end":{"line":93,"column":null}},"38":{"start":{"line":93,"column":20},"end":{"line":93,"column":null}},"39":{"start":{"line":95,"column":4},"end":{"line":95,"column":null}},"40":{"start":{"line":99,"column":26},"end":{"line":101,"column":null}},"41":{"start":{"line":103,"column":25},"end":{"line":105,"column":null}},"42":{"start":{"line":107,"column":27},"end":{"line":109,"column":null}},"43":{"start":{"line":111,"column":29},"end":{"line":111,"column":null}},"44":{"start":{"line":113,"column":21},"end":{"line":113,"column":null}},"45":{"start":{"line":114,"column":45},"end":{"line":114,"column":null}},"46":{"start":{"line":116,"column":4},"end":{"line":124,"column":null}},"47":{"start":{"line":132,"column":21},"end":{"line":132,"column":null}},"48":{"start":{"line":133,"column":16},"end":{"line":133,"column":null}},"49":{"start":{"line":134,"column":4},"end":{"line":134,"column":null}},"50":{"start":{"line":134,"column":14},"end":{"line":134,"column":null}},"51":{"start":{"line":136,"column":17},"end":{"line":136,"column":null}},"52":{"start":{"line":137,"column":4},"end":{"line":137,"column":null}},"53":{"start":{"line":137,"column":15},"end":{"line":137,"column":null}},"54":{"start":{"line":140,"column":4},"end":{"line":168,"column":null}},"55":{"start":{"line":141,"column":6},"end":{"line":141,"column":null}},"56":{"start":{"line":144,"column":8},"end":{"line":146,"column":null}},"57":{"start":{"line":147,"column":21},"end":{"line":155,"column":null}},"58":{"start":{"line":156,"column":28},"end":{"line":164,"column":null}},"59":{"start":{"line":165,"column":6},"end":{"line":165,"column":null}},"60":{"start":{"line":166,"column":6},"end":{"line":166,"column":null}},"61":{"start":{"line":167,"column":6},"end":{"line":167,"column":null}},"62":{"start":{"line":177,"column":4},"end":{"line":180,"column":null}},"63":{"start":{"line":178,"column":6},"end":{"line":178,"column":null}},"64":{"start":{"line":179,"column":6},"end":{"line":179,"column":null}},"65":{"start":{"line":182,"column":4},"end":{"line":191,"column":null}},"66":{"start":{"line":193,"column":4},"end":{"line":193,"column":null}},"67":{"start":{"line":197,"column":4},"end":{"line":201,"column":null}},"68":{"start":{"line":206,"column":4},"end":{"line":210,"column":null}},"69":{"start":{"line":207,"column":6},"end":{"line":207,"column":null}},"70":{"start":{"line":209,"column":6},"end":{"line":209,"column":null}},"71":{"start":{"line":214,"column":40},"end":{"line":214,"column":null}},"72":{"start":{"line":215,"column":4},"end":{"line":217,"column":null}},"73":{"start":{"line":216,"column":6},"end":{"line":216,"column":null}},"74":{"start":{"line":218,"column":4},"end":{"line":218,"column":null}},"75":{"start":{"line":222,"column":4},"end":{"line":229,"column":null}},"76":{"start":{"line":229,"column":6},"end":{"line":229,"column":null}},"77":{"start":{"line":230,"column":4},"end":{"line":230,"column":null}},"78":{"start":{"line":237,"column":4},"end":{"line":241,"column":null}},"79":{"start":{"line":238,"column":6},"end":{"line":238,"column":null}},"80":{"start":{"line":240,"column":6},"end":{"line":240,"column":null}},"81":{"start":{"line":257,"column":20},"end":{"line":257,"column":null}},"82":{"start":{"line":258,"column":4},"end":{"line":258,"column":null}},"83":{"start":{"line":258,"column":31},"end":{"line":258,"column":null}},"84":{"start":{"line":260,"column":4},"end":{"line":260,"column":null}},"85":{"start":{"line":260,"column":37},"end":{"line":260,"column":null}},"86":{"start":{"line":262,"column":21},"end":{"line":262,"column":null}},"87":{"start":{"line":264,"column":10},"end":{"line":264,"column":null}},"88":{"start":{"line":265,"column":4},"end":{"line":265,"column":null}},"89":{"start":{"line":267,"column":26},"end":{"line":267,"column":null}},"90":{"start":{"line":268,"column":10},"end":{"line":268,"column":null}},"91":{"start":{"line":270,"column":24},"end":{"line":279,"column":null}},"92":{"start":{"line":274,"column":8},"end":{"line":277,"column":null}},"93":{"start":{"line":278,"column":8},"end":{"line":278,"column":null}},"94":{"start":{"line":280,"column":20},"end":{"line":280,"column":null}},"95":{"start":{"line":282,"column":19},"end":{"line":282,"column":null}},"96":{"start":{"line":283,"column":4},"end":{"line":287,"column":null}},"97":{"start":{"line":284,"column":6},"end":{"line":284,"column":null}},"98":{"start":{"line":286,"column":6},"end":{"line":286,"column":null}},"99":{"start":{"line":289,"column":20},"end":{"line":289,"column":null}},"100":{"start":{"line":291,"column":21},"end":{"line":296,"column":null}},"101":{"start":{"line":298,"column":4},"end":{"line":308,"column":null}},"102":{"start":{"line":316,"column":8},"end":{"line":316,"column":null}},"103":{"start":{"line":318,"column":22},"end":{"line":328,"column":null}},"104":{"start":{"line":320,"column":8},"end":{"line":322,"column":null}},"105":{"start":{"line":321,"column":10},"end":{"line":321,"column":null}},"106":{"start":{"line":323,"column":8},"end":{"line":323,"column":null}},"107":{"start":{"line":326,"column":8},"end":{"line":326,"column":null}},"108":{"start":{"line":330,"column":24},"end":{"line":330,"column":null}},"109":{"start":{"line":331,"column":23},"end":{"line":335,"column":null}},"110":{"start":{"line":336,"column":5},"end":{"line":336,"column":null}},"111":{"start":{"line":337,"column":4},"end":{"line":337,"column":null}},"112":{"start":{"line":354,"column":16},"end":{"line":354,"column":null}},"113":{"start":{"line":355,"column":4},"end":{"line":423,"column":null}},"114":{"start":{"line":356,"column":26},"end":{"line":356,"column":null}},"115":{"start":{"line":357,"column":22},"end":{"line":357,"column":null}},"116":{"start":{"line":358,"column":23},"end":{"line":363,"column":null}},"117":{"start":{"line":364,"column":32},"end":{"line":370,"column":null}},"118":{"start":{"line":371,"column":21},"end":{"line":379,"column":null}},"119":{"start":{"line":380,"column":28},"end":{"line":388,"column":null}},"120":{"start":{"line":389,"column":6},"end":{"line":389,"column":null}},"121":{"start":{"line":390,"column":6},"end":{"line":390,"column":null}},"122":{"start":{"line":393,"column":8},"end":{"line":395,"column":null}},"123":{"start":{"line":396,"column":32},"end":{"line":402,"column":null}},"124":{"start":{"line":403,"column":21},"end":{"line":411,"column":null}},"125":{"start":{"line":412,"column":28},"end":{"line":420,"column":null}},"126":{"start":{"line":421,"column":6},"end":{"line":421,"column":null}},"127":{"start":{"line":422,"column":6},"end":{"line":422,"column":null}},"128":{"start":{"line":435,"column":10},"end":{"line":435,"column":null}},"129":{"start":{"line":436,"column":24},"end":{"line":436,"column":null}},"130":{"start":{"line":437,"column":25},"end":{"line":437,"column":null}},"131":{"start":{"line":438,"column":28},"end":{"line":438,"column":null}},"132":{"start":{"line":440,"column":34},"end":{"line":440,"column":null}},"133":{"start":{"line":441,"column":31},"end":{"line":441,"column":null}},"134":{"start":{"line":442,"column":37},"end":{"line":442,"column":null}},"135":{"start":{"line":443,"column":38},"end":{"line":443,"column":null}},"136":{"start":{"line":445,"column":4},"end":{"line":455,"column":null}},"137":{"start":{"line":446,"column":19},"end":{"line":446,"column":null}},"138":{"start":{"line":447,"column":6},"end":{"line":447,"column":null}},"139":{"start":{"line":447,"column":42},"end":{"line":447,"column":null}},"140":{"start":{"line":448,"column":6},"end":{"line":454,"column":null}},"141":{"start":{"line":449,"column":22},"end":{"line":449,"column":null}},"142":{"start":{"line":450,"column":8},"end":{"line":450,"column":null}},"143":{"start":{"line":450,"column":52},"end":{"line":450,"column":null}},"144":{"start":{"line":451,"column":8},"end":{"line":451,"column":null}},"145":{"start":{"line":451,"column":53},"end":{"line":451,"column":null}},"146":{"start":{"line":452,"column":8},"end":{"line":452,"column":null}},"147":{"start":{"line":452,"column":53},"end":{"line":452,"column":null}},"148":{"start":{"line":453,"column":8},"end":{"line":453,"column":null}},"149":{"start":{"line":453,"column":57},"end":{"line":453,"column":null}},"150":{"start":{"line":457,"column":4},"end":{"line":461,"column":null}},"151":{"start":{"line":458,"column":6},"end":{"line":458,"column":null}},"152":{"start":{"line":459,"column":4},"end":{"line":461,"column":null}},"153":{"start":{"line":460,"column":6},"end":{"line":460,"column":null}},"154":{"start":{"line":463,"column":4},"end":{"line":476,"column":null}},"155":{"start":{"line":480,"column":4},"end":{"line":480,"column":null}},"156":{"start":{"line":480,"column":16},"end":{"line":480,"column":null}},"157":{"start":{"line":481,"column":10},"end":{"line":481,"column":null}},"158":{"start":{"line":482,"column":4},"end":{"line":484,"column":null}},"159":{"start":{"line":500,"column":4},"end":{"line":511,"column":null}},"160":{"start":{"line":515,"column":4},"end":{"line":525,"column":null}},"161":{"start":{"line":516,"column":6},"end":{"line":524,"column":null}},"162":{"start":{"line":517,"column":23},"end":{"line":517,"column":null}},"163":{"start":{"line":518,"column":8},"end":{"line":521,"column":null}},"164":{"start":{"line":529,"column":4},"end":{"line":529,"column":null}},"165":{"start":{"line":533,"column":25},"end":{"line":533,"column":null}},"166":{"start":{"line":534,"column":4},"end":{"line":534,"column":null}},"167":{"start":{"line":534,"column":34},"end":{"line":534,"column":null}},"168":{"start":{"line":538,"column":25},"end":{"line":538,"column":null}},"169":{"start":{"line":539,"column":4},"end":{"line":539,"column":null}},"170":{"start":{"line":539,"column":34},"end":{"line":539,"column":null}},"171":{"start":{"line":543,"column":4},"end":{"line":543,"column":null}},"172":{"start":{"line":543,"column":35},"end":{"line":543,"column":null}},"173":{"start":{"line":544,"column":4},"end":{"line":544,"column":null}},"174":{"start":{"line":545,"column":4},"end":{"line":545,"column":null}},"175":{"start":{"line":545,"column":46},"end":{"line":545,"column":null}},"176":{"start":{"line":546,"column":4},"end":{"line":546,"column":null}},"177":{"start":{"line":550,"column":4},"end":{"line":550,"column":null}},"178":{"start":{"line":550,"column":36},"end":{"line":550,"column":null}},"179":{"start":{"line":551,"column":4},"end":{"line":551,"column":null}},"180":{"start":{"line":552,"column":4},"end":{"line":552,"column":null}}},"fnMap":{"0":{"name":"constructor","decl":{"start":{"line":37,"column":2},"end":{"line":37,"column":14}},"loc":{"start":{"line":37,"column":36},"end":{"line":45,"column":null}},"line":37},"1":{"name":"initStateManager","decl":{"start":{"line":47,"column":8},"end":{"line":47,"column":42}},"loc":{"start":{"line":47,"column":42},"end":{"line":53,"column":null}},"line":47},"2":{"name":"getStateManager","decl":{"start":{"line":55,"column":2},"end":{"line":55,"column":42}},"loc":{"start":{"line":55,"column":42},"end":{"line":57,"column":null}},"line":55},"3":{"name":"getGlobalConfigManager","decl":{"start":{"line":59,"column":2},"end":{"line":59,"column":49}},"loc":{"start":{"line":59,"column":49},"end":{"line":61,"column":null}},"line":59},"4":{"name":"getLocalConfigManager","decl":{"start":{"line":63,"column":2},"end":{"line":63,"column":48}},"loc":{"start":{"line":63,"column":48},"end":{"line":65,"column":null}},"line":63},"5":{"name":"resolveTraceDir","decl":{"start":{"line":67,"column":2},"end":{"line":67,"column":18}},"loc":{"start":{"line":67,"column":46},"end":{"line":80,"column":null}},"line":67},"6":{"name":"shouldRecord","decl":{"start":{"line":82,"column":2},"end":{"line":82,"column":15}},"loc":{"start":{"line":82,"column":44},"end":{"line":96,"column":null}},"line":82},"7":{"name":"getScopeStatus","decl":{"start":{"line":98,"column":2},"end":{"line":98,"column":17}},"loc":{"start":{"line":98,"column":50},"end":{"line":125,"column":null}},"line":98},"8":{"name":"tracedFetch","decl":{"start":{"line":127,"column":8},"end":{"line":127,"column":null}},"loc":{"start":{"line":131,"column":23},"end":{"line":194,"column":null}},"line":131},"9":{"name":"getSessionId","decl":{"start":{"line":196,"column":10},"end":{"line":196,"column":23}},"loc":{"start":{"line":196,"column":57},"end":{"line":203,"column":null}},"line":196},"10":{"name":"parseBody","decl":{"start":{"line":205,"column":10},"end":{"line":205,"column":20}},"loc":{"start":{"line":205,"column":43},"end":{"line":211,"column":null}},"line":205},"11":{"name":"headersToObject","decl":{"start":{"line":213,"column":10},"end":{"line":213,"column":26}},"loc":{"start":{"line":213,"column":68},"end":{"line":219,"column":null}},"line":213},"12":{"name":"(anonymous_12)","decl":{"start":{"line":215,"column":20},"end":{"line":215,"column":21}},"loc":{"start":{"line":215,"column":36},"end":{"line":217,"column":5}},"line":215},"13":{"name":"classifyPurpose","decl":{"start":{"line":221,"column":10},"end":{"line":221,"column":26}},"loc":{"start":{"line":221,"column":48},"end":{"line":231,"column":null}},"line":221},"14":{"name":"parseRequest","decl":{"start":{"line":233,"column":10},"end":{"line":233,"column":null}},"loc":{"start":{"line":236,"column":20},"end":{"line":242,"column":null}},"line":236},"15":{"name":"captureRequestMeta","decl":{"start":{"line":244,"column":16},"end":{"line":244,"column":null}},"loc":{"start":{"line":256,"column":12},"end":{"line":309,"column":null}},"line":256},"16":{"name":"(anonymous_16)","decl":{"start":{"line":273,"column":13},"end":{"line":273,"column":14}},"loc":{"start":{"line":273,"column":22},"end":{"line":279,"column":7}},"line":273},"17":{"name":"wrapStreamResponse","decl":{"start":{"line":311,"column":10},"end":{"line":311,"column":29}},"loc":{"start":{"line":311,"column":77},"end":{"line":338,"column":null}},"line":311},"18":{"name":"transform","decl":{"start":{"line":319,"column":6},"end":{"line":319,"column":16}},"loc":{"start":{"line":319,"column":35},"end":{"line":324,"column":null}},"line":319},"19":{"name":"flush","decl":{"start":{"line":325,"column":6},"end":{"line":325,"column":14}},"loc":{"start":{"line":325,"column":14},"end":{"line":327,"column":null}},"line":325},"20":{"name":"recordResponse","decl":{"start":{"line":340,"column":16},"end":{"line":340,"column":null}},"loc":{"start":{"line":353,"column":19},"end":{"line":424,"column":null}},"line":353},"21":{"name":"buildTimelineEntry","decl":{"start":{"line":426,"column":10},"end":{"line":426,"column":null}},"loc":{"start":{"line":434,"column":19},"end":{"line":477,"column":null}},"line":434},"22":{"name":"sanitizeStackTrace","decl":{"start":{"line":479,"column":10},"end":{"line":479,"column":29}},"loc":{"start":{"line":479,"column":65},"end":{"line":485,"column":null}},"line":479},"23":{"name":"createTraceRecord","decl":{"start":{"line":487,"column":10},"end":{"line":487,"column":null}},"loc":{"start":{"line":499,"column":17},"end":{"line":512,"column":null}},"line":499},"24":{"name":"writeParsedCacheAsync","decl":{"start":{"line":514,"column":10},"end":{"line":514,"column":32}},"loc":{"start":{"line":514,"column":108},"end":{"line":526,"column":null}},"line":514},"25":{"name":"(anonymous_25)","decl":{"start":{"line":515,"column":17},"end":{"line":515,"column":23}},"loc":{"start":{"line":515,"column":23},"end":{"line":525,"column":5}},"line":515},"26":{"name":"flush","decl":{"start":{"line":528,"column":8},"end":{"line":528,"column":31}},"loc":{"start":{"line":528,"column":31},"end":{"line":530,"column":null}},"line":528},"27":{"name":"wrap","decl":{"start":{"line":532,"column":2},"end":{"line":532,"column":7}},"loc":{"start":{"line":532,"column":53},"end":{"line":535,"column":null}},"line":532},"28":{"name":"(anonymous_28)","decl":{"start":{"line":534,"column":11},"end":{"line":534,"column":18}},"loc":{"start":{"line":534,"column":34},"end":{"line":534,"column":null}},"line":534},"29":{"name":"getInterceptor","decl":{"start":{"line":537,"column":2},"end":{"line":537,"column":33}},"loc":{"start":{"line":537,"column":33},"end":{"line":540,"column":null}},"line":537},"30":{"name":"(anonymous_30)","decl":{"start":{"line":539,"column":11},"end":{"line":539,"column":18}},"loc":{"start":{"line":539,"column":34},"end":{"line":539,"column":null}},"line":539},"31":{"name":"installInterceptor","decl":{"start":{"line":542,"column":2},"end":{"line":542,"column":29}},"loc":{"start":{"line":542,"column":29},"end":{"line":547,"column":null}},"line":542},"32":{"name":"(anonymous_32)","decl":{"start":{"line":545,"column":23},"end":{"line":545,"column":30}},"loc":{"start":{"line":545,"column":46},"end":{"line":545,"column":null}},"line":545},"33":{"name":"uninstallInterceptor","decl":{"start":{"line":549,"column":2},"end":{"line":549,"column":31}},"loc":{"start":{"line":549,"column":31},"end":{"line":553,"column":null}},"line":549}},"branchMap":{"0":{"loc":{"start":{"line":38,"column":4},"end":{"line":40,"column":null}},"type":"if","locations":[{"start":{"line":38,"column":4},"end":{"line":40,"column":null}},{"start":{},"end":{}}],"line":38},"1":{"loc":{"start":{"line":41,"column":21},"end":{"line":41,"column":null}},"type":"binary-expr","locations":[{"start":{"line":41,"column":21},"end":{"line":41,"column":41}},{"start":{"line":41,"column":28},"end":{"line":41,"column":null}}],"line":41},"2":{"loc":{"start":{"line":68,"column":4},"end":{"line":72,"column":null}},"type":"if","locations":[{"start":{"line":68,"column":4},"end":{"line":72,"column":null}},{"start":{},"end":{}}],"line":68},"3":{"loc":{"start":{"line":68,"column":8},"end":{"line":68,"column":47}},"type":"binary-expr","locations":[{"start":{"line":68,"column":8},"end":{"line":68,"column":21}},{"start":{"line":68,"column":21},"end":{"line":68,"column":47}}],"line":68},"4":{"loc":{"start":{"line":70,"column":6},"end":{"line":70,"column":null}},"type":"if","locations":[{"start":{"line":70,"column":6},"end":{"line":70,"column":null}},{"start":{},"end":{}}],"line":70},"5":{"loc":{"start":{"line":71,"column":6},"end":{"line":71,"column":null}},"type":"if","locations":[{"start":{"line":71,"column":6},"end":{"line":71,"column":null}},{"start":{},"end":{}}],"line":71},"6":{"loc":{"start":{"line":74,"column":4},"end":{"line":77,"column":null}},"type":"if","locations":[{"start":{"line":74,"column":4},"end":{"line":77,"column":null}},{"start":{},"end":{}}],"line":74},"7":{"loc":{"start":{"line":76,"column":6},"end":{"line":76,"column":null}},"type":"if","locations":[{"start":{"line":76,"column":6},"end":{"line":76,"column":null}},{"start":{},"end":{}}],"line":76},"8":{"loc":{"start":{"line":83,"column":4},"end":{"line":83,"column":null}},"type":"if","locations":[{"start":{"line":83,"column":4},"end":{"line":83,"column":null}},{"start":{},"end":{}}],"line":83},"9":{"loc":{"start":{"line":86,"column":4},"end":{"line":86,"column":null}},"type":"if","locations":[{"start":{"line":86,"column":4},"end":{"line":86,"column":null}},{"start":{},"end":{}}],"line":86},"10":{"loc":{"start":{"line":88,"column":4},"end":{"line":91,"column":null}},"type":"if","locations":[{"start":{"line":88,"column":4},"end":{"line":91,"column":null}},{"start":{},"end":{}}],"line":88},"11":{"loc":{"start":{"line":90,"column":6},"end":{"line":90,"column":null}},"type":"if","locations":[{"start":{"line":90,"column":6},"end":{"line":90,"column":null}},{"start":{},"end":{}}],"line":90},"12":{"loc":{"start":{"line":93,"column":4},"end":{"line":93,"column":null}},"type":"if","locations":[{"start":{"line":93,"column":4},"end":{"line":93,"column":null}},{"start":{},"end":{}}],"line":93},"13":{"loc":{"start":{"line":99,"column":26},"end":{"line":101,"column":null}},"type":"cond-expr","locations":[{"start":{"line":100,"column":8},"end":{"line":100,"column":null}},{"start":{"line":101,"column":8},"end":{"line":101,"column":null}}],"line":99},"14":{"loc":{"start":{"line":103,"column":25},"end":{"line":105,"column":null}},"type":"cond-expr","locations":[{"start":{"line":104,"column":8},"end":{"line":104,"column":null}},{"start":{"line":105,"column":8},"end":{"line":105,"column":null}}],"line":103},"15":{"loc":{"start":{"line":107,"column":27},"end":{"line":109,"column":null}},"type":"cond-expr","locations":[{"start":{"line":108,"column":8},"end":{"line":108,"column":null}},{"start":{"line":109,"column":8},"end":{"line":109,"column":null}}],"line":107},"16":{"loc":{"start":{"line":107,"column":27},"end":{"line":107,"column":null}},"type":"binary-expr","locations":[{"start":{"line":107,"column":27},"end":{"line":107,"column":40}},{"start":{"line":107,"column":40},"end":{"line":107,"column":null}}],"line":107},"17":{"loc":{"start":{"line":114,"column":45},"end":{"line":114,"column":null}},"type":"cond-expr","locations":[{"start":{"line":114,"column":74},"end":{"line":114,"column":84}},{"start":{"line":114,"column":84},"end":{"line":114,"column":null}}],"line":114},"18":{"loc":{"start":{"line":132,"column":21},"end":{"line":132,"column":null}},"type":"binary-expr","locations":[{"start":{"line":132,"column":21},"end":{"line":132,"column":34}},{"start":{"line":132,"column":34},"end":{"line":132,"column":null}}],"line":132},"19":{"loc":{"start":{"line":134,"column":4},"end":{"line":134,"column":null}},"type":"if","locations":[{"start":{"line":134,"column":4},"end":{"line":134,"column":null}},{"start":{},"end":{}}],"line":134},"20":{"loc":{"start":{"line":137,"column":4},"end":{"line":137,"column":null}},"type":"if","locations":[{"start":{"line":137,"column":4},"end":{"line":137,"column":null}},{"start":{},"end":{}}],"line":137},"21":{"loc":{"start":{"line":144,"column":8},"end":{"line":146,"column":null}},"type":"cond-expr","locations":[{"start":{"line":145,"column":12},"end":{"line":145,"column":null}},{"start":{"line":146,"column":12},"end":{"line":146,"column":null}}],"line":144},"22":{"loc":{"start":{"line":177,"column":4},"end":{"line":180,"column":null}},"type":"if","locations":[{"start":{"line":177,"column":4},"end":{"line":180,"column":null}},{"start":{},"end":{}}],"line":177},"23":{"loc":{"start":{"line":177,"column":8},"end":{"line":177,"column":35}},"type":"binary-expr","locations":[{"start":{"line":177,"column":8},"end":{"line":177,"column":25}},{"start":{"line":177,"column":25},"end":{"line":177,"column":35}}],"line":177},"24":{"loc":{"start":{"line":198,"column":6},"end":{"line":201,"column":null}},"type":"binary-expr","locations":[{"start":{"line":198,"column":6},"end":{"line":198,"column":null}},{"start":{"line":199,"column":6},"end":{"line":199,"column":null}},{"start":{"line":200,"column":6},"end":{"line":200,"column":null}},{"start":{"line":201,"column":6},"end":{"line":201,"column":null}}],"line":198},"25":{"loc":{"start":{"line":209,"column":13},"end":{"line":209,"column":null}},"type":"binary-expr","locations":[{"start":{"line":209,"column":13},"end":{"line":209,"column":21}},{"start":{"line":209,"column":21},"end":{"line":209,"column":null}}],"line":209},"26":{"loc":{"start":{"line":222,"column":4},"end":{"line":229,"column":null}},"type":"if","locations":[{"start":{"line":222,"column":4},"end":{"line":229,"column":null}},{"start":{},"end":{}}],"line":222},"27":{"loc":{"start":{"line":223,"column":6},"end":{"line":227,"column":null}},"type":"binary-expr","locations":[{"start":{"line":223,"column":6},"end":{"line":223,"column":null}},{"start":{"line":224,"column":6},"end":{"line":224,"column":null}},{"start":{"line":225,"column":6},"end":{"line":225,"column":null}},{"start":{"line":226,"column":6},"end":{"line":226,"column":null}},{"start":{"line":227,"column":7},"end":{"line":227,"column":null}}],"line":223},"28":{"loc":{"start":{"line":258,"column":4},"end":{"line":258,"column":null}},"type":"if","locations":[{"start":{"line":258,"column":4},"end":{"line":258,"column":null}},{"start":{},"end":{}}],"line":258},"29":{"loc":{"start":{"line":260,"column":4},"end":{"line":260,"column":null}},"type":"if","locations":[{"start":{"line":260,"column":4},"end":{"line":260,"column":null}},{"start":{},"end":{}}],"line":260},"30":{"loc":{"start":{"line":264,"column":17},"end":{"line":264,"column":47}},"type":"binary-expr","locations":[{"start":{"line":264,"column":17},"end":{"line":264,"column":42}},{"start":{"line":264,"column":42},"end":{"line":264,"column":47}}],"line":264},"31":{"loc":{"start":{"line":284,"column":28},"end":{"line":284,"column":47}},"type":"binary-expr","locations":[{"start":{"line":284,"column":28},"end":{"line":284,"column":43}},{"start":{"line":284,"column":43},"end":{"line":284,"column":47}}],"line":284},"32":{"loc":{"start":{"line":320,"column":8},"end":{"line":322,"column":null}},"type":"if","locations":[{"start":{"line":320,"column":8},"end":{"line":322,"column":null}},{"start":{},"end":{}}],"line":320},"33":{"loc":{"start":{"line":354,"column":16},"end":{"line":354,"column":null}},"type":"binary-expr","locations":[{"start":{"line":354,"column":16},"end":{"line":354,"column":28}},{"start":{"line":354,"column":28},"end":{"line":354,"column":null}}],"line":354},"34":{"loc":{"start":{"line":364,"column":32},"end":{"line":370,"column":null}},"type":"cond-expr","locations":[{"start":{"line":365,"column":10},"end":{"line":369,"column":null}},{"start":{"line":370,"column":10},"end":{"line":370,"column":null}}],"line":364},"35":{"loc":{"start":{"line":367,"column":26},"end":{"line":367,"column":null}},"type":"binary-expr","locations":[{"start":{"line":367,"column":26},"end":{"line":367,"column":54}},{"start":{"line":367,"column":54},"end":{"line":367,"column":null}}],"line":367},"36":{"loc":{"start":{"line":368,"column":25},"end":{"line":368,"column":null}},"type":"binary-expr","locations":[{"start":{"line":368,"column":25},"end":{"line":368,"column":52}},{"start":{"line":368,"column":52},"end":{"line":368,"column":null}}],"line":368},"37":{"loc":{"start":{"line":393,"column":8},"end":{"line":395,"column":null}},"type":"cond-expr","locations":[{"start":{"line":394,"column":12},"end":{"line":394,"column":null}},{"start":{"line":395,"column":12},"end":{"line":395,"column":null}}],"line":393},"38":{"loc":{"start":{"line":396,"column":32},"end":{"line":402,"column":null}},"type":"cond-expr","locations":[{"start":{"line":397,"column":10},"end":{"line":401,"column":null}},{"start":{"line":402,"column":10},"end":{"line":402,"column":null}}],"line":396},"39":{"loc":{"start":{"line":399,"column":26},"end":{"line":399,"column":null}},"type":"binary-expr","locations":[{"start":{"line":399,"column":26},"end":{"line":399,"column":54}},{"start":{"line":399,"column":54},"end":{"line":399,"column":null}}],"line":399},"40":{"loc":{"start":{"line":400,"column":25},"end":{"line":400,"column":null}},"type":"binary-expr","locations":[{"start":{"line":400,"column":25},"end":{"line":400,"column":52}},{"start":{"line":400,"column":52},"end":{"line":400,"column":null}}],"line":400},"41":{"loc":{"start":{"line":445,"column":4},"end":{"line":455,"column":null}},"type":"if","locations":[{"start":{"line":445,"column":4},"end":{"line":455,"column":null}},{"start":{},"end":{}}],"line":445},"42":{"loc":{"start":{"line":445,"column":8},"end":{"line":445,"column":87}},"type":"binary-expr","locations":[{"start":{"line":445,"column":8},"end":{"line":445,"column":26}},{"start":{"line":445,"column":26},"end":{"line":445,"column":63}},{"start":{"line":445,"column":63},"end":{"line":445,"column":87}}],"line":445},"43":{"loc":{"start":{"line":447,"column":6},"end":{"line":447,"column":null}},"type":"if","locations":[{"start":{"line":447,"column":6},"end":{"line":447,"column":null}},{"start":{},"end":{}}],"line":447},"44":{"loc":{"start":{"line":448,"column":6},"end":{"line":454,"column":null}},"type":"if","locations":[{"start":{"line":448,"column":6},"end":{"line":454,"column":null}},{"start":{},"end":{}}],"line":448},"45":{"loc":{"start":{"line":448,"column":10},"end":{"line":448,"column":56}},"type":"binary-expr","locations":[{"start":{"line":448,"column":10},"end":{"line":448,"column":24}},{"start":{"line":448,"column":24},"end":{"line":448,"column":56}}],"line":448},"46":{"loc":{"start":{"line":450,"column":8},"end":{"line":450,"column":null}},"type":"if","locations":[{"start":{"line":450,"column":8},"end":{"line":450,"column":null}},{"start":{},"end":{}}],"line":450},"47":{"loc":{"start":{"line":451,"column":8},"end":{"line":451,"column":null}},"type":"if","locations":[{"start":{"line":451,"column":8},"end":{"line":451,"column":null}},{"start":{},"end":{}}],"line":451},"48":{"loc":{"start":{"line":452,"column":8},"end":{"line":452,"column":null}},"type":"if","locations":[{"start":{"line":452,"column":8},"end":{"line":452,"column":null}},{"start":{},"end":{}}],"line":452},"49":{"loc":{"start":{"line":453,"column":8},"end":{"line":453,"column":null}},"type":"if","locations":[{"start":{"line":453,"column":8},"end":{"line":453,"column":null}},{"start":{},"end":{}}],"line":453},"50":{"loc":{"start":{"line":457,"column":4},"end":{"line":461,"column":null}},"type":"if","locations":[{"start":{"line":457,"column":4},"end":{"line":461,"column":null}},{"start":{"line":459,"column":4},"end":{"line":461,"column":null}}],"line":457},"51":{"loc":{"start":{"line":457,"column":8},"end":{"line":457,"column":84}},"type":"binary-expr","locations":[{"start":{"line":457,"column":8},"end":{"line":457,"column":47}},{"start":{"line":457,"column":47},"end":{"line":457,"column":84}}],"line":457},"52":{"loc":{"start":{"line":459,"column":4},"end":{"line":461,"column":null}},"type":"if","locations":[{"start":{"line":459,"column":4},"end":{"line":461,"column":null}},{"start":{},"end":{}}],"line":459},"53":{"loc":{"start":{"line":459,"column":15},"end":{"line":459,"column":97}},"type":"binary-expr","locations":[{"start":{"line":459,"column":15},"end":{"line":459,"column":57}},{"start":{"line":459,"column":57},"end":{"line":459,"column":97}}],"line":459},"54":{"loc":{"start":{"line":469,"column":18},"end":{"line":469,"column":null}},"type":"cond-expr","locations":[{"start":{"line":469,"column":26},"end":{"line":469,"column":33}},{"start":{"line":469,"column":33},"end":{"line":469,"column":null}}],"line":469},"55":{"loc":{"start":{"line":470,"column":14},"end":{"line":470,"column":null}},"type":"cond-expr","locations":[{"start":{"line":470,"column":22},"end":{"line":470,"column":27}},{"start":{"line":470,"column":27},"end":{"line":470,"column":null}}],"line":470},"56":{"loc":{"start":{"line":470,"column":27},"end":{"line":470,"column":null}},"type":"binary-expr","locations":[{"start":{"line":470,"column":27},"end":{"line":470,"column":47}},{"start":{"line":470,"column":47},"end":{"line":470,"column":null}}],"line":470},"57":{"loc":{"start":{"line":480,"column":4},"end":{"line":480,"column":null}},"type":"if","locations":[{"start":{"line":480,"column":4},"end":{"line":480,"column":null}},{"start":{},"end":{}}],"line":480},"58":{"loc":{"start":{"line":509,"column":20},"end":{"line":509,"column":null}},"type":"binary-expr","locations":[{"start":{"line":509,"column":20},"end":{"line":509,"column":45}},{"start":{"line":509,"column":45},"end":{"line":509,"column":null}}],"line":509},"59":{"loc":{"start":{"line":510,"column":19},"end":{"line":510,"column":null}},"type":"binary-expr","locations":[{"start":{"line":510,"column":19},"end":{"line":510,"column":43}},{"start":{"line":510,"column":43},"end":{"line":510,"column":null}}],"line":510},"60":{"loc":{"start":{"line":543,"column":4},"end":{"line":543,"column":null}},"type":"if","locations":[{"start":{"line":543,"column":4},"end":{"line":543,"column":null}},{"start":{},"end":{}}],"line":543},"61":{"loc":{"start":{"line":550,"column":4},"end":{"line":550,"column":null}},"type":"if","locations":[{"start":{"line":550,"column":4},"end":{"line":550,"column":null}},{"start":{},"end":{}}],"line":550}},"s":{"0":113,"1":113,"2":113,"3":113,"4":113,"5":4,"6":109,"7":113,"8":113,"9":113,"10":69,"11":69,"12":69,"13":69,"14":295,"15":22,"16":36,"17":50,"18":26,"19":26,"20":1,"21":25,"22":1,"23":48,"24":27,"25":27,"26":4,"27":44,"28":52,"29":21,"30":31,"31":31,"32":4,"33":27,"34":27,"35":27,"36":2,"37":25,"38":3,"39":22,"40":12,"41":12,"42":12,"43":12,"44":12,"45":12,"46":12,"47":32,"48":32,"49":32,"50":0,"51":32,"52":32,"53":4,"54":28,"55":28,"56":2,"57":2,"58":2,"59":2,"60":2,"61":2,"62":26,"63":3,"64":3,"65":26,"66":26,"67":32,"68":54,"69":54,"70":21,"71":54,"72":54,"73":72,"74":54,"75":34,"76":1,"77":33,"78":32,"79":32,"80":0,"81":32,"82":32,"83":3,"84":29,"85":1,"86":28,"87":28,"88":32,"89":32,"90":32,"91":32,"92":0,"93":0,"94":28,"95":28,"96":28,"97":28,"98":12,"99":28,"100":28,"101":28,"102":3,"103":3,"104":8,"105":3,"106":8,"107":3,"108":3,"109":3,"110":3,"111":3,"112":26,"113":26,"114":26,"115":26,"116":26,"117":26,"118":26,"119":26,"120":26,"121":26,"122":0,"123":0,"124":0,"125":0,"126":0,"127":0,"128":28,"129":28,"130":28,"131":28,"132":28,"133":28,"134":28,"135":28,"136":28,"137":17,"138":17,"139":2,"140":17,"141":2,"142":2,"143":1,"144":2,"145":1,"146":2,"147":1,"148":2,"149":1,"150":28,"151":1,"152":27,"153":1,"154":28,"155":3,"156":0,"157":3,"158":3,"159":28,"160":28,"161":28,"162":28,"163":28,"164":24,"165":5,"166":5,"167":4,"168":5,"169":5,"170":2,"171":67,"172":2,"173":65,"174":65,"175":2,"176":65,"177":85,"178":29,"179":56,"180":56},"f":{"0":113,"1":69,"2":295,"3":22,"4":36,"5":50,"6":52,"7":12,"8":32,"9":32,"10":54,"11":54,"12":72,"13":34,"14":32,"15":32,"16":0,"17":3,"18":8,"19":3,"20":26,"21":28,"22":3,"23":28,"24":28,"25":28,"26":24,"27":5,"28":4,"29":5,"30":2,"31":67,"32":2,"33":85},"b":{"0":[4,109],"1":[109,3],"2":[26,24],"3":[50,45],"4":[1,25],"5":[1,24],"6":[27,21],"7":[4,23],"8":[21,31],"9":[4,27],"10":[27,0],"11":[2,25],"12":[3,22],"13":[10,2],"14":[10,2],"15":[9,3],"16":[12,10],"17":[8,4],"18":[32,24],"19":[0,32],"20":[4,28],"21":[1,1],"22":[3,23],"23":[26,3],"24":[32,5,4,3],"25":[21,11],"26":[1,33],"27":[34,32,20,19,2],"28":[3,29],"29":[1,28],"30":[28,21],"31":[28,0],"32":[3,5],"33":[26,0],"34":[3,23],"35":[3,0],"36":[3,0],"37":[0,0],"38":[0,0],"39":[0,0],"40":[0,0],"41":[17,11],"42":[28,26,17],"43":[2,15],"44":[2,15],"45":[17,2],"46":[1,1],"47":[1,1],"48":[1,1],"49":[1,1],"50":[1,27],"51":[28,27],"52":[1,26],"53":[27,26],"54":[2,26],"55":[2,26],"56":[26,0],"57":[0,3],"58":[28,25],"59":[28,25],"60":[2,65],"61":[29,56]},"meta":{"lastBranch":62,"lastFunction":34,"lastStatement":181,"seen":{"s:29:37:29:Infinity":0,"s:31:42:31:Infinity":1,"s:34:54:34:Infinity":2,"s:35:53:35:Infinity":3,"f:37:2:37:14":0,"b:38:4:40:Infinity:undefined:undefined:undefined:undefined":0,"s:38:4:40:Infinity":4,"s:39:6:39:Infinity":5,"s:41:4:41:Infinity":6,"b:41:21:41:41:41:28:41:Infinity":1,"s:42:4:42:Infinity":7,"s:43:4:43:Infinity":8,"s:44:4:44:Infinity":9,"f:47:8:47:42":1,"s:48:4:48:Infinity":10,"s:49:4:49:Infinity":11,"s:51:4:51:Infinity":12,"s:52:4:52:Infinity":13,"f:55:2:55:42":2,"s:56:4:56:Infinity":14,"f:59:2:59:49":3,"s:60:4:60:Infinity":15,"f:63:2:63:48":4,"s:64:4:64:Infinity":16,"f:67:2:67:18":5,"b:68:4:72:Infinity:undefined:undefined:undefined:undefined":2,"s:68:4:72:Infinity":17,"b:68:8:68:21:68:21:68:47":3,"s:69:26:69:Infinity":18,"b:70:6:70:Infinity:undefined:undefined:undefined:undefined":4,"s:70:6:70:Infinity":19,"s:70:35:70:Infinity":20,"b:71:6:71:Infinity:undefined:undefined:undefined:undefined":5,"s:71:6:71:Infinity":21,"s:71:36:71:Infinity":22,"b:74:4:77:Infinity:undefined:undefined:undefined:undefined":6,"s:74:4:77:Infinity":23,"s:75:25:75:Infinity":24,"b:76:6:76:Infinity:undefined:undefined:undefined:undefined":7,"s:76:6:76:Infinity":25,"s:76:34:76:Infinity":26,"s:79:4:79:Infinity":27,"f:82:2:82:15":6,"b:83:4:83:Infinity:undefined:undefined:undefined:undefined":8,"s:83:4:83:Infinity":28,"s:83:35:83:Infinity":29,"s:85:26:85:Infinity":30,"b:86:4:86:Infinity:undefined:undefined:undefined:undefined":9,"s:86:4:86:Infinity":31,"s:86:23:86:Infinity":32,"b:88:4:91:Infinity:undefined:undefined:undefined:undefined":10,"s:88:4:91:Infinity":33,"s:89:27:89:Infinity":34,"b:90:6:90:Infinity:undefined:undefined:undefined:undefined":11,"s:90:6:90:Infinity":35,"s:90:24:90:Infinity":36,"b:93:4:93:Infinity:undefined:undefined:undefined:undefined":12,"s:93:4:93:Infinity":37,"s:93:20:93:Infinity":38,"s:95:4:95:Infinity":39,"f:98:2:98:17":7,"s:99:26:101:Infinity":40,"b:100:8:100:Infinity:101:8:101:Infinity":13,"s:103:25:105:Infinity":41,"b:104:8:104:Infinity:105:8:105:Infinity":14,"s:107:27:109:Infinity":42,"b:108:8:108:Infinity:109:8:109:Infinity":15,"b:107:27:107:40:107:40:107:Infinity":16,"s:111:29:111:Infinity":43,"s:113:21:113:Infinity":44,"s:114:45:114:Infinity":45,"b:114:74:114:84:114:84:114:Infinity":17,"s:116:4:124:Infinity":46,"f:127:8:127:Infinity":8,"s:132:21:132:Infinity":47,"b:132:21:132:34:132:34:132:Infinity":18,"s:133:16:133:Infinity":48,"b:134:4:134:Infinity:undefined:undefined:undefined:undefined":19,"s:134:4:134:Infinity":49,"s:134:14:134:Infinity":50,"s:136:17:136:Infinity":51,"b:137:4:137:Infinity:undefined:undefined:undefined:undefined":20,"s:137:4:137:Infinity":52,"s:137:15:137:Infinity":53,"s:140:4:168:Infinity":54,"s:141:6:141:Infinity":55,"s:144:8:146:Infinity":56,"b:145:12:145:Infinity:146:12:146:Infinity":21,"s:147:21:155:Infinity":57,"s:156:28:164:Infinity":58,"s:165:6:165:Infinity":59,"s:166:6:166:Infinity":60,"s:167:6:167:Infinity":61,"b:177:4:180:Infinity:undefined:undefined:undefined:undefined":22,"s:177:4:180:Infinity":62,"b:177:8:177:25:177:25:177:35":23,"s:178:6:178:Infinity":63,"s:179:6:179:Infinity":64,"s:182:4:191:Infinity":65,"s:193:4:193:Infinity":66,"f:196:10:196:23":9,"s:197:4:201:Infinity":67,"b:198:6:198:Infinity:199:6:199:Infinity:200:6:200:Infinity:201:6:201:Infinity":24,"f:205:10:205:20":10,"s:206:4:210:Infinity":68,"s:207:6:207:Infinity":69,"s:209:6:209:Infinity":70,"b:209:13:209:21:209:21:209:Infinity":25,"f:213:10:213:26":11,"s:214:40:214:Infinity":71,"s:215:4:217:Infinity":72,"f:215:20:215:21":12,"s:216:6:216:Infinity":73,"s:218:4:218:Infinity":74,"f:221:10:221:26":13,"b:222:4:229:Infinity:undefined:undefined:undefined:undefined":26,"s:222:4:229:Infinity":75,"b:223:6:223:Infinity:224:6:224:Infinity:225:6:225:Infinity:226:6:226:Infinity:227:7:227:Infinity":27,"s:229:6:229:Infinity":76,"s:230:4:230:Infinity":77,"f:233:10:233:Infinity":14,"s:237:4:241:Infinity":78,"s:238:6:238:Infinity":79,"s:240:6:240:Infinity":80,"f:244:16:244:Infinity":15,"s:257:20:257:Infinity":81,"b:258:4:258:Infinity:undefined:undefined:undefined:undefined":28,"s:258:4:258:Infinity":82,"s:258:31:258:Infinity":83,"b:260:4:260:Infinity:undefined:undefined:undefined:undefined":29,"s:260:4:260:Infinity":84,"s:260:37:260:Infinity":85,"s:262:21:262:Infinity":86,"s:264:10:264:Infinity":87,"b:264:17:264:42:264:42:264:47":30,"s:265:4:265:Infinity":88,"s:267:26:267:Infinity":89,"s:268:10:268:Infinity":90,"s:270:24:279:Infinity":91,"f:273:13:273:14":16,"s:274:8:277:Infinity":92,"s:278:8:278:Infinity":93,"s:280:20:280:Infinity":94,"s:282:19:282:Infinity":95,"s:283:4:287:Infinity":96,"s:284:6:284:Infinity":97,"b:284:28:284:43:284:43:284:47":31,"s:286:6:286:Infinity":98,"s:289:20:289:Infinity":99,"s:291:21:296:Infinity":100,"s:298:4:308:Infinity":101,"f:311:10:311:29":17,"s:316:8:316:Infinity":102,"s:318:22:328:Infinity":103,"f:319:6:319:16":18,"b:320:8:322:Infinity:undefined:undefined:undefined:undefined":32,"s:320:8:322:Infinity":104,"s:321:10:321:Infinity":105,"s:323:8:323:Infinity":106,"f:325:6:325:14":19,"s:326:8:326:Infinity":107,"s:330:24:330:Infinity":108,"s:331:23:335:Infinity":109,"s:336:5:336:Infinity":110,"s:337:4:337:Infinity":111,"f:340:16:340:Infinity":20,"s:354:16:354:Infinity":112,"b:354:16:354:28:354:28:354:Infinity":33,"s:355:4:423:Infinity":113,"s:356:26:356:Infinity":114,"s:357:22:357:Infinity":115,"s:358:23:363:Infinity":116,"s:364:32:370:Infinity":117,"b:365:10:369:Infinity:370:10:370:Infinity":34,"b:367:26:367:54:367:54:367:Infinity":35,"b:368:25:368:52:368:52:368:Infinity":36,"s:371:21:379:Infinity":118,"s:380:28:388:Infinity":119,"s:389:6:389:Infinity":120,"s:390:6:390:Infinity":121,"s:393:8:395:Infinity":122,"b:394:12:394:Infinity:395:12:395:Infinity":37,"s:396:32:402:Infinity":123,"b:397:10:401:Infinity:402:10:402:Infinity":38,"b:399:26:399:54:399:54:399:Infinity":39,"b:400:25:400:52:400:52:400:Infinity":40,"s:403:21:411:Infinity":124,"s:412:28:420:Infinity":125,"s:421:6:421:Infinity":126,"s:422:6:422:Infinity":127,"f:426:10:426:Infinity":21,"s:435:10:435:Infinity":128,"s:436:24:436:Infinity":129,"s:437:25:437:Infinity":130,"s:438:28:438:Infinity":131,"s:440:34:440:Infinity":132,"s:441:31:441:Infinity":133,"s:442:37:442:Infinity":134,"s:443:38:443:Infinity":135,"b:445:4:455:Infinity:undefined:undefined:undefined:undefined":41,"s:445:4:455:Infinity":136,"b:445:8:445:26:445:26:445:63:445:63:445:87":42,"s:446:19:446:Infinity":137,"b:447:6:447:Infinity:undefined:undefined:undefined:undefined":43,"s:447:6:447:Infinity":138,"s:447:42:447:Infinity":139,"b:448:6:454:Infinity:undefined:undefined:undefined:undefined":44,"s:448:6:454:Infinity":140,"b:448:10:448:24:448:24:448:56":45,"s:449:22:449:Infinity":141,"b:450:8:450:Infinity:undefined:undefined:undefined:undefined":46,"s:450:8:450:Infinity":142,"s:450:52:450:Infinity":143,"b:451:8:451:Infinity:undefined:undefined:undefined:undefined":47,"s:451:8:451:Infinity":144,"s:451:53:451:Infinity":145,"b:452:8:452:Infinity:undefined:undefined:undefined:undefined":48,"s:452:8:452:Infinity":146,"s:452:53:452:Infinity":147,"b:453:8:453:Infinity:undefined:undefined:undefined:undefined":49,"s:453:8:453:Infinity":148,"s:453:57:453:Infinity":149,"b:457:4:461:Infinity:459:4:461:Infinity":50,"s:457:4:461:Infinity":150,"b:457:8:457:47:457:47:457:84":51,"s:458:6:458:Infinity":151,"b:459:4:461:Infinity:undefined:undefined:undefined:undefined":52,"s:459:4:461:Infinity":152,"b:459:15:459:57:459:57:459:97":53,"s:460:6:460:Infinity":153,"s:463:4:476:Infinity":154,"b:469:26:469:33:469:33:469:Infinity":54,"b:470:22:470:27:470:27:470:Infinity":55,"b:470:27:470:47:470:47:470:Infinity":56,"f:479:10:479:29":22,"b:480:4:480:Infinity:undefined:undefined:undefined:undefined":57,"s:480:4:480:Infinity":155,"s:480:16:480:Infinity":156,"s:481:10:481:Infinity":157,"s:482:4:484:Infinity":158,"f:487:10:487:Infinity":23,"s:500:4:511:Infinity":159,"b:509:20:509:45:509:45:509:Infinity":58,"b:510:19:510:43:510:43:510:Infinity":59,"f:514:10:514:32":24,"s:515:4:525:Infinity":160,"f:515:17:515:23":25,"s:516:6:524:Infinity":161,"s:517:23:517:Infinity":162,"s:518:8:521:Infinity":163,"f:528:8:528:31":26,"s:529:4:529:Infinity":164,"f:532:2:532:7":27,"s:533:25:533:Infinity":165,"s:534:4:534:Infinity":166,"f:534:11:534:18":28,"s:534:34:534:Infinity":167,"f:537:2:537:33":29,"s:538:25:538:Infinity":168,"s:539:4:539:Infinity":169,"f:539:11:539:18":30,"s:539:34:539:Infinity":170,"f:542:2:542:29":31,"b:543:4:543:Infinity:undefined:undefined:undefined:undefined":60,"s:543:4:543:Infinity":171,"s:543:35:543:Infinity":172,"s:544:4:544:Infinity":173,"s:545:4:545:Infinity":174,"f:545:23:545:30":32,"s:545:46:545:Infinity":175,"s:546:4:546:Infinity":176,"f:549:2:549:31":33,"b:550:4:550:Infinity:undefined:undefined:undefined:undefined":61,"s:550:4:550:Infinity":177,"s:550:36:550:Infinity":178,"s:551:4:551:Infinity":179,"s:552:4:552:Infinity":180}}}
,"/Users/li/Projects/opencode-trace/packages/plugin/src/redact.ts": {"path":"/Users/li/Projects/opencode-trace/packages/plugin/src/redact.ts","statementMap":{"0":{"start":{"line":1,"column":26},"end":{"line":14,"column":null}},"1":{"start":{"line":17,"column":2},"end":{"line":17,"column":null}},"2":{"start":{"line":23,"column":19},"end":{"line":23,"column":null}},"3":{"start":{"line":24,"column":2},"end":{"line":26,"column":null}},"4":{"start":{"line":25,"column":4},"end":{"line":25,"column":null}},"5":{"start":{"line":28,"column":41},"end":{"line":28,"column":null}},"6":{"start":{"line":29,"column":2},"end":{"line":40,"column":null}},"7":{"start":{"line":30,"column":4},"end":{"line":39,"column":null}},"8":{"start":{"line":31,"column":25},"end":{"line":31,"column":null}},"9":{"start":{"line":32,"column":6},"end":{"line":36,"column":null}},"10":{"start":{"line":33,"column":8},"end":{"line":33,"column":null}},"11":{"start":{"line":35,"column":8},"end":{"line":35,"column":null}},"12":{"start":{"line":38,"column":6},"end":{"line":38,"column":null}},"13":{"start":{"line":41,"column":2},"end":{"line":41,"column":null}}},"fnMap":{"0":{"name":"isSensitiveHeader","decl":{"start":{"line":16,"column":9},"end":{"line":16,"column":27}},"loc":{"start":{"line":16,"column":49},"end":{"line":18,"column":null}},"line":16},"1":{"name":"redactHeaders","decl":{"start":{"line":20,"column":16},"end":{"line":20,"column":null}},"loc":{"start":{"line":22,"column":26},"end":{"line":42,"column":null}},"line":22}},"branchMap":{"0":{"loc":{"start":{"line":24,"column":2},"end":{"line":26,"column":null}},"type":"if","locations":[{"start":{"line":24,"column":2},"end":{"line":26,"column":null}},{"start":{},"end":{}}],"line":24},"1":{"loc":{"start":{"line":30,"column":4},"end":{"line":39,"column":null}},"type":"if","locations":[{"start":{"line":30,"column":4},"end":{"line":39,"column":null}},{"start":{"line":37,"column":11},"end":{"line":39,"column":null}}],"line":30},"2":{"loc":{"start":{"line":32,"column":6},"end":{"line":36,"column":null}},"type":"if","locations":[{"start":{"line":32,"column":6},"end":{"line":36,"column":null}},{"start":{"line":34,"column":13},"end":{"line":36,"column":null}}],"line":32}},"s":{"0":5,"1":81,"2":60,"3":60,"4":1,"5":59,"6":59,"7":81,"8":6,"9":6,"10":3,"11":3,"12":75,"13":59},"f":{"0":81,"1":60},"b":{"0":[1,59],"1":[6,75],"2":[3,3]},"meta":{"lastBranch":3,"lastFunction":2,"lastStatement":14,"seen":{"s:1:26:14:Infinity":0,"f:16:9:16:27":0,"s:17:2:17:Infinity":1,"f:20:16:20:Infinity":1,"s:23:19:23:Infinity":2,"b:24:2:26:Infinity:undefined:undefined:undefined:undefined":0,"s:24:2:26:Infinity":3,"s:25:4:25:Infinity":4,"s:28:41:28:Infinity":5,"s:29:2:40:Infinity":6,"b:30:4:39:Infinity:37:11:39:Infinity":1,"s:30:4:39:Infinity":7,"s:31:25:31:Infinity":8,"b:32:6:36:Infinity:34:13:36:Infinity":2,"s:32:6:36:Infinity":9,"s:33:8:33:Infinity":10,"s:35:8:35:Infinity":11,"s:38:6:38:Infinity":12,"s:41:2:41:Infinity":13}}}
,"/Users/li/Projects/opencode-trace/packages/plugin/src/trace.ts": {"path":"/Users/li/Projects/opencode-trace/packages/plugin/src/trace.ts","statementMap":{"0":{"start":{"line":42,"column":37},"end":{"line":42,"column":null}},"1":{"start":{"line":45,"column":2},"end":{"line":48,"column":null}},"2":{"start":{"line":46,"column":4},"end":{"line":46,"column":null}},"3":{"start":{"line":47,"column":4},"end":{"line":47,"column":null}},"4":{"start":{"line":52,"column":17},"end":{"line":52,"column":null}},"5":{"start":{"line":53,"column":16},"end":{"line":60,"column":null}},"6":{"start":{"line":61,"column":2},"end":{"line":61,"column":null}},"7":{"start":{"line":64,"column":23},"end":{"line":320,"column":null}},"8":{"start":{"line":65,"column":8},"end":{"line":65,"column":null}},"9":{"start":{"line":66,"column":8},"end":{"line":66,"column":null}},"10":{"start":{"line":67,"column":19},"end":{"line":67,"column":null}},"11":{"start":{"line":69,"column":2},"end":{"line":69,"column":null}},"12":{"start":{"line":70,"column":2},"end":{"line":70,"column":null}},"13":{"start":{"line":72,"column":2},"end":{"line":74,"column":null}},"14":{"start":{"line":73,"column":4},"end":{"line":73,"column":null}},"15":{"start":{"line":76,"column":2},"end":{"line":76,"column":null}},"16":{"start":{"line":78,"column":17},"end":{"line":78,"column":null}},"17":{"start":{"line":80,"column":23},"end":{"line":317,"column":null}},"18":{"start":{"line":82,"column":6},"end":{"line":82,"column":null}},"19":{"start":{"line":82,"column":39},"end":{"line":82,"column":null}},"20":{"start":{"line":84,"column":6},"end":{"line":106,"column":null}},"21":{"start":{"line":88,"column":25},"end":{"line":88,"column":null}},"22":{"start":{"line":90,"column":25},"end":{"line":90,"column":null}},"23":{"start":{"line":91,"column":8},"end":{"line":93,"column":null}},"24":{"start":{"line":92,"column":10},"end":{"line":92,"column":null}},"25":{"start":{"line":95,"column":8},"end":{"line":99,"column":null}},"26":{"start":{"line":101,"column":8},"end":{"line":105,"column":null}},"27":{"start":{"line":102,"column":10},"end":{"line":104,"column":null}},"28":{"start":{"line":113,"column":6},"end":{"line":113,"column":null}},"29":{"start":{"line":113,"column":39},"end":{"line":113,"column":null}},"30":{"start":{"line":115,"column":6},"end":{"line":122,"column":null}},"31":{"start":{"line":116,"column":25},"end":{"line":116,"column":null}},"32":{"start":{"line":117,"column":8},"end":{"line":121,"column":null}},"33":{"start":{"line":118,"column":10},"end":{"line":120,"column":null}},"34":{"start":{"line":126,"column":6},"end":{"line":126,"column":null}},"35":{"start":{"line":127,"column":6},"end":{"line":130,"column":null}},"36":{"start":{"line":137,"column":6},"end":{"line":137,"column":null}},"37":{"start":{"line":137,"column":37},"end":{"line":137,"column":null}},"38":{"start":{"line":138,"column":6},"end":{"line":138,"column":null}},"39":{"start":{"line":138,"column":39},"end":{"line":138,"column":null}},"40":{"start":{"line":140,"column":21},"end":{"line":140,"column":null}},"41":{"start":{"line":141,"column":18},"end":{"line":141,"column":null}},"42":{"start":{"line":143,"column":24},"end":{"line":143,"column":null}},"43":{"start":{"line":144,"column":23},"end":{"line":144,"column":null}},"44":{"start":{"line":145,"column":25},"end":{"line":145,"column":null}},"45":{"start":{"line":146,"column":21},"end":{"line":146,"column":null}},"46":{"start":{"line":146,"column":45},"end":{"line":146,"column":72}},"47":{"start":{"line":147,"column":18},"end":{"line":147,"column":null}},"48":{"start":{"line":149,"column":23},"end":{"line":149,"column":null}},"49":{"start":{"line":151,"column":19},"end":{"line":151,"column":null}},"50":{"start":{"line":153,"column":6},"end":{"line":255,"column":null}},"51":{"start":{"line":154,"column":19},"end":{"line":154,"column":null}},"52":{"start":{"line":155,"column":24},"end":{"line":155,"column":null}},"53":{"start":{"line":157,"column":8},"end":{"line":252,"column":null}},"54":{"start":{"line":158,"column":10},"end":{"line":196,"column":null}},"55":{"start":{"line":197,"column":8},"end":{"line":252,"column":null}},"56":{"start":{"line":198,"column":28},"end":{"line":198,"column":null}},"57":{"start":{"line":199,"column":36},"end":{"line":199,"column":null}},"58":{"start":{"line":201,"column":10},"end":{"line":205,"column":null}},"59":{"start":{"line":202,"column":12},"end":{"line":202,"column":null}},"60":{"start":{"line":203,"column":12},"end":{"line":203,"column":null}},"61":{"start":{"line":204,"column":12},"end":{"line":204,"column":null}},"62":{"start":{"line":206,"column":10},"end":{"line":213,"column":null}},"63":{"start":{"line":207,"column":12},"end":{"line":212,"column":null}},"64":{"start":{"line":208,"column":14},"end":{"line":208,"column":null}},"65":{"start":{"line":210,"column":14},"end":{"line":210,"column":null}},"66":{"start":{"line":211,"column":14},"end":{"line":211,"column":null}},"67":{"start":{"line":214,"column":10},"end":{"line":220,"column":null}},"68":{"start":{"line":215,"column":12},"end":{"line":215,"column":null}},"69":{"start":{"line":216,"column":12},"end":{"line":218,"column":null}},"70":{"start":{"line":217,"column":14},"end":{"line":217,"column":null}},"71":{"start":{"line":219,"column":12},"end":{"line":219,"column":null}},"72":{"start":{"line":222,"column":10},"end":{"line":224,"column":null}},"73":{"start":{"line":223,"column":12},"end":{"line":223,"column":null}},"74":{"start":{"line":225,"column":8},"end":{"line":252,"column":null}},"75":{"start":{"line":226,"column":37},"end":{"line":226,"column":null}},"76":{"start":{"line":228,"column":10},"end":{"line":231,"column":null}},"77":{"start":{"line":229,"column":12},"end":{"line":229,"column":null}},"78":{"start":{"line":230,"column":12},"end":{"line":230,"column":null}},"79":{"start":{"line":232,"column":10},"end":{"line":239,"column":null}},"80":{"start":{"line":233,"column":12},"end":{"line":238,"column":null}},"81":{"start":{"line":234,"column":14},"end":{"line":234,"column":null}},"82":{"start":{"line":236,"column":14},"end":{"line":236,"column":null}},"83":{"start":{"line":237,"column":14},"end":{"line":237,"column":null}},"84":{"start":{"line":240,"column":10},"end":{"line":243,"column":null}},"85":{"start":{"line":241,"column":12},"end":{"line":241,"column":null}},"86":{"start":{"line":242,"column":12},"end":{"line":242,"column":null}},"87":{"start":{"line":245,"column":10},"end":{"line":247,"column":null}},"88":{"start":{"line":246,"column":12},"end":{"line":246,"column":null}},"89":{"start":{"line":248,"column":8},"end":{"line":252,"column":null}},"90":{"start":{"line":249,"column":10},"end":{"line":249,"column":null}},"91":{"start":{"line":251,"column":10},"end":{"line":251,"column":null}},"92":{"start":{"line":254,"column":8},"end":{"line":254,"column":null}},"93":{"start":{"line":257,"column":6},"end":{"line":267,"column":null}},"94":{"start":{"line":258,"column":8},"end":{"line":264,"column":null}},"95":{"start":{"line":266,"column":8},"end":{"line":266,"column":null}},"96":{"start":{"line":269,"column":6},"end":{"line":269,"column":null}},"97":{"start":{"line":270,"column":6},"end":{"line":270,"column":null}},"98":{"start":{"line":279,"column":10},"end":{"line":281,"column":null}},"99":{"start":{"line":280,"column":12},"end":{"line":280,"column":null}},"100":{"start":{"line":283,"column":21},"end":{"line":283,"column":null}},"101":{"start":{"line":284,"column":10},"end":{"line":284,"column":null}},"102":{"start":{"line":285,"column":10},"end":{"line":285,"column":null}},"103":{"start":{"line":294,"column":10},"end":{"line":296,"column":null}},"104":{"start":{"line":295,"column":12},"end":{"line":295,"column":null}},"105":{"start":{"line":298,"column":21},"end":{"line":298,"column":null}},"106":{"start":{"line":299,"column":10},"end":{"line":299,"column":null}},"107":{"start":{"line":300,"column":10},"end":{"line":300,"column":null}},"108":{"start":{"line":310,"column":10},"end":{"line":312,"column":null}},"109":{"start":{"line":311,"column":12},"end":{"line":311,"column":null}},"110":{"start":{"line":313,"column":10},"end":{"line":313,"column":null}},"111":{"start":{"line":319,"column":2},"end":{"line":319,"column":null}},"112":{"start":{"line":322,"column":33},"end":{"line":325,"column":null}}},"fnMap":{"0":{"name":"_resetForTesting","decl":{"start":{"line":44,"column":16},"end":{"line":44,"column":41}},"loc":{"start":{"line":44,"column":41},"end":{"line":49,"column":null}},"line":44},"1":{"name":"formatStatus","decl":{"start":{"line":51,"column":9},"end":{"line":51,"column":22}},"loc":{"start":{"line":51,"column":73},"end":{"line":62,"column":null}},"line":51},"2":{"name":"(anonymous_2)","decl":{"start":{"line":64,"column":23},"end":{"line":64,"column":30}},"loc":{"start":{"line":64,"column":53},"end":{"line":320,"column":null}},"line":64},"3":{"name":"(anonymous_3)","decl":{"start":{"line":81,"column":11},"end":{"line":81,"column":18}},"loc":{"start":{"line":81,"column":50},"end":{"line":107,"column":null}},"line":81},"4":{"name":"(anonymous_4)","decl":{"start":{"line":109,"column":26},"end":{"line":109,"column":null}},"loc":{"start":{"line":112,"column":9},"end":{"line":123,"column":null}},"line":112},"5":{"name":"(anonymous_5)","decl":{"start":{"line":125,"column":12},"end":{"line":125,"column":19}},"loc":{"start":{"line":125,"column":43},"end":{"line":131,"column":null}},"line":125},"6":{"name":"(anonymous_6)","decl":{"start":{"line":133,"column":30},"end":{"line":133,"column":null}},"loc":{"start":{"line":136,"column":9},"end":{"line":271,"column":null}},"line":136},"7":{"name":"(anonymous_7)","decl":{"start":{"line":146,"column":38},"end":{"line":146,"column":39}},"loc":{"start":{"line":146,"column":45},"end":{"line":146,"column":72}},"line":146},"8":{"name":"(anonymous_8)","decl":{"start":{"line":278,"column":17},"end":{"line":278,"column":24}},"loc":{"start":{"line":278,"column":39},"end":{"line":286,"column":null}},"line":278},"9":{"name":"(anonymous_9)","decl":{"start":{"line":293,"column":17},"end":{"line":293,"column":24}},"loc":{"start":{"line":293,"column":39},"end":{"line":301,"column":null}},"line":293},"10":{"name":"(anonymous_10)","decl":{"start":{"line":309,"column":17},"end":{"line":309,"column":24}},"loc":{"start":{"line":309,"column":39},"end":{"line":314,"column":null}},"line":309}},"branchMap":{"0":{"loc":{"start":{"line":45,"column":2},"end":{"line":48,"column":null}},"type":"if","locations":[{"start":{"line":45,"column":2},"end":{"line":48,"column":null}},{"start":{},"end":{}}],"line":45},"1":{"loc":{"start":{"line":55,"column":19},"end":{"line":55,"column":54}},"type":"cond-expr","locations":[{"start":{"line":55,"column":42},"end":{"line":55,"column":49}},{"start":{"line":55,"column":49},"end":{"line":55,"column":54}}],"line":55},"2":{"loc":{"start":{"line":56,"column":19},"end":{"line":56,"column":53}},"type":"cond-expr","locations":[{"start":{"line":56,"column":41},"end":{"line":56,"column":48}},{"start":{"line":56,"column":48},"end":{"line":56,"column":53}}],"line":56},"3":{"loc":{"start":{"line":57,"column":19},"end":{"line":57,"column":100}},"type":"cond-expr","locations":[{"start":{"line":57,"column":52},"end":{"line":57,"column":64}},{"start":{"line":57,"column":64},"end":{"line":57,"column":100}}],"line":57},"4":{"loc":{"start":{"line":57,"column":64},"end":{"line":57,"column":100}},"type":"cond-expr","locations":[{"start":{"line":57,"column":88},"end":{"line":57,"column":95}},{"start":{"line":57,"column":95},"end":{"line":57,"column":100}}],"line":57},"5":{"loc":{"start":{"line":58,"column":20},"end":{"line":58,"column":68}},"type":"cond-expr","locations":[{"start":{"line":58,"column":46},"end":{"line":58,"column":60}},{"start":{"line":58,"column":60},"end":{"line":58,"column":68}}],"line":58},"6":{"loc":{"start":{"line":59,"column":46},"end":{"line":59,"column":118}},"type":"cond-expr","locations":[{"start":{"line":59,"column":84},"end":{"line":59,"column":103}},{"start":{"line":59,"column":103},"end":{"line":59,"column":118}}],"line":59},"7":{"loc":{"start":{"line":72,"column":2},"end":{"line":74,"column":null}},"type":"if","locations":[{"start":{"line":72,"column":2},"end":{"line":74,"column":null}},{"start":{},"end":{}}],"line":72},"8":{"loc":{"start":{"line":82,"column":6},"end":{"line":82,"column":null}},"type":"if","locations":[{"start":{"line":82,"column":6},"end":{"line":82,"column":null}},{"start":{},"end":{}}],"line":82},"9":{"loc":{"start":{"line":84,"column":6},"end":{"line":106,"column":null}},"type":"if","locations":[{"start":{"line":84,"column":6},"end":{"line":106,"column":null}},{"start":{},"end":{}}],"line":84},"10":{"loc":{"start":{"line":85,"column":8},"end":{"line":86,"column":null}},"type":"binary-expr","locations":[{"start":{"line":85,"column":8},"end":{"line":85,"column":null}},{"start":{"line":86,"column":8},"end":{"line":86,"column":null}}],"line":85},"11":{"loc":{"start":{"line":91,"column":8},"end":{"line":93,"column":null}},"type":"if","locations":[{"start":{"line":91,"column":8},"end":{"line":93,"column":null}},{"start":{},"end":{}}],"line":91},"12":{"loc":{"start":{"line":101,"column":8},"end":{"line":105,"column":null}},"type":"if","locations":[{"start":{"line":101,"column":8},"end":{"line":105,"column":null}},{"start":{},"end":{}}],"line":101},"13":{"loc":{"start":{"line":113,"column":6},"end":{"line":113,"column":null}},"type":"if","locations":[{"start":{"line":113,"column":6},"end":{"line":113,"column":null}},{"start":{},"end":{}}],"line":113},"14":{"loc":{"start":{"line":115,"column":6},"end":{"line":122,"column":null}},"type":"if","locations":[{"start":{"line":115,"column":6},"end":{"line":122,"column":null}},{"start":{},"end":{}}],"line":115},"15":{"loc":{"start":{"line":117,"column":8},"end":{"line":121,"column":null}},"type":"if","locations":[{"start":{"line":117,"column":8},"end":{"line":121,"column":null}},{"start":{},"end":{}}],"line":117},"16":{"loc":{"start":{"line":117,"column":12},"end":{"line":117,"column":65}},"type":"binary-expr","locations":[{"start":{"line":117,"column":12},"end":{"line":117,"column":24}},{"start":{"line":117,"column":24},"end":{"line":117,"column":65}}],"line":117},"17":{"loc":{"start":{"line":126,"column":22},"end":{"line":126,"column":null}},"type":"binary-expr","locations":[{"start":{"line":126,"column":22},"end":{"line":126,"column":39}},{"start":{"line":126,"column":39},"end":{"line":126,"column":null}}],"line":126},"18":{"loc":{"start":{"line":137,"column":6},"end":{"line":137,"column":null}},"type":"if","locations":[{"start":{"line":137,"column":6},"end":{"line":137,"column":null}},{"start":{},"end":{}}],"line":137},"19":{"loc":{"start":{"line":138,"column":6},"end":{"line":138,"column":null}},"type":"if","locations":[{"start":{"line":138,"column":6},"end":{"line":138,"column":null}},{"start":{},"end":{}}],"line":138},"20":{"loc":{"start":{"line":143,"column":24},"end":{"line":143,"column":null}},"type":"binary-expr","locations":[{"start":{"line":143,"column":24},"end":{"line":143,"column":49}},{"start":{"line":143,"column":49},"end":{"line":143,"column":null}}],"line":143},"21":{"loc":{"start":{"line":144,"column":23},"end":{"line":144,"column":null}},"type":"binary-expr","locations":[{"start":{"line":144,"column":23},"end":{"line":144,"column":48}},{"start":{"line":144,"column":48},"end":{"line":144,"column":null}}],"line":144},"22":{"loc":{"start":{"line":145,"column":25},"end":{"line":145,"column":null}},"type":"binary-expr","locations":[{"start":{"line":145,"column":25},"end":{"line":145,"column":50}},{"start":{"line":145,"column":50},"end":{"line":145,"column":null}}],"line":145},"23":{"loc":{"start":{"line":146,"column":45},"end":{"line":146,"column":72}},"type":"binary-expr","locations":[{"start":{"line":146,"column":45},"end":{"line":146,"column":59}},{"start":{"line":146,"column":59},"end":{"line":146,"column":72}}],"line":146},"24":{"loc":{"start":{"line":147,"column":18},"end":{"line":147,"column":null}},"type":"cond-expr","locations":[{"start":{"line":147,"column":32},"end":{"line":147,"column":68}},{"start":{"line":147,"column":68},"end":{"line":147,"column":null}}],"line":147},"25":{"loc":{"start":{"line":149,"column":23},"end":{"line":149,"column":null}},"type":"binary-expr","locations":[{"start":{"line":149,"column":23},"end":{"line":149,"column":36}},{"start":{"line":149,"column":36},"end":{"line":149,"column":48}},{"start":{"line":149,"column":48},"end":{"line":149,"column":null}}],"line":149},"26":{"loc":{"start":{"line":157,"column":8},"end":{"line":252,"column":null}},"type":"if","locations":[{"start":{"line":157,"column":8},"end":{"line":252,"column":null}},{"start":{"line":197,"column":8},"end":{"line":252,"column":null}}],"line":157},"27":{"loc":{"start":{"line":157,"column":12},"end":{"line":157,"column":36}},"type":"binary-expr","locations":[{"start":{"line":157,"column":12},"end":{"line":157,"column":20}},{"start":{"line":157,"column":20},"end":{"line":157,"column":36}}],"line":157},"28":{"loc":{"start":{"line":197,"column":8},"end":{"line":252,"column":null}},"type":"if","locations":[{"start":{"line":197,"column":8},"end":{"line":252,"column":null}},{"start":{"line":225,"column":8},"end":{"line":252,"column":null}}],"line":197},"29":{"loc":{"start":{"line":197,"column":19},"end":{"line":197,"column":53}},"type":"binary-expr","locations":[{"start":{"line":197,"column":19},"end":{"line":197,"column":35}},{"start":{"line":197,"column":35},"end":{"line":197,"column":53}}],"line":197},"30":{"loc":{"start":{"line":198,"column":28},"end":{"line":198,"column":null}},"type":"binary-expr","locations":[{"start":{"line":198,"column":28},"end":{"line":198,"column":35}},{"start":{"line":198,"column":35},"end":{"line":198,"column":null}}],"line":198},"31":{"loc":{"start":{"line":201,"column":10},"end":{"line":205,"column":null}},"type":"if","locations":[{"start":{"line":201,"column":10},"end":{"line":205,"column":null}},{"start":{},"end":{}}],"line":201},"32":{"loc":{"start":{"line":201,"column":14},"end":{"line":201,"column":38}},"type":"binary-expr","locations":[{"start":{"line":201,"column":14},"end":{"line":201,"column":27}},{"start":{"line":201,"column":27},"end":{"line":201,"column":38}}],"line":201},"33":{"loc":{"start":{"line":206,"column":10},"end":{"line":213,"column":null}},"type":"if","locations":[{"start":{"line":206,"column":10},"end":{"line":213,"column":null}},{"start":{},"end":{}}],"line":206},"34":{"loc":{"start":{"line":207,"column":12},"end":{"line":212,"column":null}},"type":"if","locations":[{"start":{"line":207,"column":12},"end":{"line":212,"column":null}},{"start":{"line":209,"column":19},"end":{"line":212,"column":null}}],"line":207},"35":{"loc":{"start":{"line":214,"column":10},"end":{"line":220,"column":null}},"type":"if","locations":[{"start":{"line":214,"column":10},"end":{"line":220,"column":null}},{"start":{},"end":{}}],"line":214},"36":{"loc":{"start":{"line":216,"column":12},"end":{"line":218,"column":null}},"type":"if","locations":[{"start":{"line":216,"column":12},"end":{"line":218,"column":null}},{"start":{},"end":{}}],"line":216},"37":{"loc":{"start":{"line":222,"column":10},"end":{"line":224,"column":null}},"type":"if","locations":[{"start":{"line":222,"column":10},"end":{"line":224,"column":null}},{"start":{},"end":{}}],"line":222},"38":{"loc":{"start":{"line":223,"column":67},"end":{"line":223,"column":103}},"type":"cond-expr","locations":[{"start":{"line":223,"column":73},"end":{"line":223,"column":101}},{"start":{"line":223,"column":101},"end":{"line":223,"column":103}}],"line":223},"39":{"loc":{"start":{"line":225,"column":8},"end":{"line":252,"column":null}},"type":"if","locations":[{"start":{"line":225,"column":8},"end":{"line":252,"column":null}},{"start":{"line":248,"column":8},"end":{"line":252,"column":null}}],"line":225},"40":{"loc":{"start":{"line":225,"column":19},"end":{"line":225,"column":55}},"type":"binary-expr","locations":[{"start":{"line":225,"column":19},"end":{"line":225,"column":36}},{"start":{"line":225,"column":36},"end":{"line":225,"column":55}}],"line":225},"41":{"loc":{"start":{"line":228,"column":10},"end":{"line":231,"column":null}},"type":"if","locations":[{"start":{"line":228,"column":10},"end":{"line":231,"column":null}},{"start":{},"end":{}}],"line":228},"42":{"loc":{"start":{"line":228,"column":14},"end":{"line":228,"column":38}},"type":"binary-expr","locations":[{"start":{"line":228,"column":14},"end":{"line":228,"column":27}},{"start":{"line":228,"column":27},"end":{"line":228,"column":38}}],"line":228},"43":{"loc":{"start":{"line":232,"column":10},"end":{"line":239,"column":null}},"type":"if","locations":[{"start":{"line":232,"column":10},"end":{"line":239,"column":null}},{"start":{},"end":{}}],"line":232},"44":{"loc":{"start":{"line":233,"column":12},"end":{"line":238,"column":null}},"type":"if","locations":[{"start":{"line":233,"column":12},"end":{"line":238,"column":null}},{"start":{"line":235,"column":19},"end":{"line":238,"column":null}}],"line":233},"45":{"loc":{"start":{"line":240,"column":10},"end":{"line":243,"column":null}},"type":"if","locations":[{"start":{"line":240,"column":10},"end":{"line":243,"column":null}},{"start":{},"end":{}}],"line":240},"46":{"loc":{"start":{"line":245,"column":10},"end":{"line":247,"column":null}},"type":"if","locations":[{"start":{"line":245,"column":10},"end":{"line":247,"column":null}},{"start":{},"end":{}}],"line":245},"47":{"loc":{"start":{"line":248,"column":8},"end":{"line":252,"column":null}},"type":"if","locations":[{"start":{"line":248,"column":8},"end":{"line":252,"column":null}},{"start":{"line":250,"column":15},"end":{"line":252,"column":null}}],"line":248},"48":{"loc":{"start":{"line":254,"column":27},"end":{"line":254,"column":75}},"type":"cond-expr","locations":[{"start":{"line":254,"column":50},"end":{"line":254,"column":64}},{"start":{"line":254,"column":64},"end":{"line":254,"column":75}}],"line":254},"49":{"loc":{"start":{"line":279,"column":10},"end":{"line":281,"column":null}},"type":"if","locations":[{"start":{"line":279,"column":10},"end":{"line":281,"column":null}},{"start":{},"end":{}}],"line":279},"50":{"loc":{"start":{"line":294,"column":10},"end":{"line":296,"column":null}},"type":"if","locations":[{"start":{"line":294,"column":10},"end":{"line":296,"column":null}},{"start":{},"end":{}}],"line":294},"51":{"loc":{"start":{"line":310,"column":10},"end":{"line":312,"column":null}},"type":"if","locations":[{"start":{"line":310,"column":10},"end":{"line":312,"column":null}},{"start":{},"end":{}}],"line":310}},"s":{"0":2,"1":36,"2":34,"3":34,"4":7,"5":7,"6":7,"7":2,"8":42,"9":42,"10":42,"11":42,"12":42,"13":42,"14":0,"15":42,"16":42,"17":42,"18":43,"19":0,"20":43,"21":43,"22":43,"23":43,"24":42,"25":43,"26":43,"27":2,"28":6,"29":0,"30":6,"31":4,"32":4,"33":3,"34":1,"35":1,"36":28,"37":1,"38":27,"39":0,"40":27,"41":27,"42":28,"43":28,"44":28,"45":28,"46":49,"47":28,"48":28,"49":28,"50":28,"51":28,"52":28,"53":28,"54":2,"55":25,"56":13,"57":13,"58":13,"59":10,"60":10,"61":10,"62":13,"63":3,"64":0,"65":3,"66":3,"67":13,"68":3,"69":3,"70":1,"71":3,"72":13,"73":13,"74":12,"75":6,"76":6,"77":4,"78":4,"79":6,"80":2,"81":0,"82":2,"83":2,"84":6,"85":2,"86":2,"87":6,"88":6,"89":6,"90":5,"91":1,"92":0,"93":27,"94":27,"95":0,"96":27,"97":27,"98":2,"99":0,"100":2,"101":2,"102":2,"103":2,"104":0,"105":2,"106":2,"107":2,"108":2,"109":0,"110":2,"111":42,"112":2},"f":{"0":36,"1":7,"2":42,"3":43,"4":6,"5":1,"6":28,"7":49,"8":2,"9":2,"10":2},"b":{"0":[34,2],"1":[1,6],"2":[0,7],"3":[0,7],"4":[7,0],"5":[7,0],"6":[0,7],"7":[0,42],"8":[0,43],"9":[43,0],"10":[43,1],"11":[42,1],"12":[2,41],"13":[0,6],"14":[4,2],"15":[3,1],"16":[4,4],"17":[1,1],"18":[1,27],"19":[0,27],"20":[28,20],"21":[28,21],"22":[28,21],"23":[49,46],"24":[3,24],"25":[28,19,16],"26":[2,25],"27":[28,26],"28":[13,12],"29":[25,13],"30":[13,10],"31":[10,3],"32":[13,8],"33":[3,10],"34":[0,3],"35":[3,10],"36":[1,2],"37":[13,0],"38":[3,10],"39":[6,6],"40":[12,7],"41":[4,2],"42":[6,4],"43":[2,4],"44":[0,2],"45":[2,4],"46":[6,0],"47":[5,1],"48":[0,0],"49":[0,2],"50":[0,2],"51":[0,2]},"meta":{"lastBranch":52,"lastFunction":11,"lastStatement":113,"seen":{"s:42:37:42:Infinity":0,"f:44:16:44:41":0,"b:45:2:48:Infinity:undefined:undefined:undefined:undefined":0,"s:45:2:48:Infinity":1,"s:46:4:46:Infinity":2,"s:47:4:47:Infinity":3,"f:51:9:51:22":1,"s:52:17:52:Infinity":4,"s:53:16:60:Infinity":5,"b:55:42:55:49:55:49:55:54":1,"b:56:41:56:48:56:48:56:53":2,"b:57:52:57:64:57:64:57:100":3,"b:57:88:57:95:57:95:57:100":4,"b:58:46:58:60:58:60:58:68":5,"b:59:84:59:103:59:103:59:118":6,"s:61:2:61:Infinity":6,"s:64:23:320:Infinity":7,"f:64:23:64:30":2,"s:65:8:65:Infinity":8,"s:66:8:66:Infinity":9,"s:67:19:67:Infinity":10,"s:69:2:69:Infinity":11,"s:70:2:70:Infinity":12,"b:72:2:74:Infinity:undefined:undefined:undefined:undefined":7,"s:72:2:74:Infinity":13,"s:73:4:73:Infinity":14,"s:76:2:76:Infinity":15,"s:78:17:78:Infinity":16,"s:80:23:317:Infinity":17,"f:81:11:81:18":3,"b:82:6:82:Infinity:undefined:undefined:undefined:undefined":8,"s:82:6:82:Infinity":18,"s:82:39:82:Infinity":19,"b:84:6:106:Infinity:undefined:undefined:undefined:undefined":9,"s:84:6:106:Infinity":20,"b:85:8:85:Infinity:86:8:86:Infinity":10,"s:88:25:88:Infinity":21,"s:90:25:90:Infinity":22,"b:91:8:93:Infinity:undefined:undefined:undefined:undefined":11,"s:91:8:93:Infinity":23,"s:92:10:92:Infinity":24,"s:95:8:99:Infinity":25,"b:101:8:105:Infinity:undefined:undefined:undefined:undefined":12,"s:101:8:105:Infinity":26,"s:102:10:104:Infinity":27,"f:109:26:109:Infinity":4,"b:113:6:113:Infinity:undefined:undefined:undefined:undefined":13,"s:113:6:113:Infinity":28,"s:113:39:113:Infinity":29,"b:115:6:122:Infinity:undefined:undefined:undefined:undefined":14,"s:115:6:122:Infinity":30,"s:116:25:116:Infinity":31,"b:117:8:121:Infinity:undefined:undefined:undefined:undefined":15,"s:117:8:121:Infinity":32,"b:117:12:117:24:117:24:117:65":16,"s:118:10:120:Infinity":33,"f:125:12:125:19":5,"s:126:6:126:Infinity":34,"b:126:22:126:39:126:39:126:Infinity":17,"s:127:6:130:Infinity":35,"f:133:30:133:Infinity":6,"b:137:6:137:Infinity:undefined:undefined:undefined:undefined":18,"s:137:6:137:Infinity":36,"s:137:37:137:Infinity":37,"b:138:6:138:Infinity:undefined:undefined:undefined:undefined":19,"s:138:6:138:Infinity":38,"s:138:39:138:Infinity":39,"s:140:21:140:Infinity":40,"s:141:18:141:Infinity":41,"s:143:24:143:Infinity":42,"b:143:24:143:49:143:49:143:Infinity":20,"s:144:23:144:Infinity":43,"b:144:23:144:48:144:48:144:Infinity":21,"s:145:25:145:Infinity":44,"b:145:25:145:50:145:50:145:Infinity":22,"s:146:21:146:Infinity":45,"f:146:38:146:39":7,"s:146:45:146:72":46,"b:146:45:146:59:146:59:146:72":23,"s:147:18:147:Infinity":47,"b:147:32:147:68:147:68:147:Infinity":24,"s:149:23:149:Infinity":48,"b:149:23:149:36:149:36:149:48:149:48:149:Infinity":25,"s:151:19:151:Infinity":49,"s:153:6:255:Infinity":50,"s:154:19:154:Infinity":51,"s:155:24:155:Infinity":52,"b:157:8:252:Infinity:197:8:252:Infinity":26,"s:157:8:252:Infinity":53,"b:157:12:157:20:157:20:157:36":27,"s:158:10:196:Infinity":54,"b:197:8:252:Infinity:225:8:252:Infinity":28,"s:197:8:252:Infinity":55,"b:197:19:197:35:197:35:197:53":29,"s:198:28:198:Infinity":56,"b:198:28:198:35:198:35:198:Infinity":30,"s:199:36:199:Infinity":57,"b:201:10:205:Infinity:undefined:undefined:undefined:undefined":31,"s:201:10:205:Infinity":58,"b:201:14:201:27:201:27:201:38":32,"s:202:12:202:Infinity":59,"s:203:12:203:Infinity":60,"s:204:12:204:Infinity":61,"b:206:10:213:Infinity:undefined:undefined:undefined:undefined":33,"s:206:10:213:Infinity":62,"b:207:12:212:Infinity:209:19:212:Infinity":34,"s:207:12:212:Infinity":63,"s:208:14:208:Infinity":64,"s:210:14:210:Infinity":65,"s:211:14:211:Infinity":66,"b:214:10:220:Infinity:undefined:undefined:undefined:undefined":35,"s:214:10:220:Infinity":67,"s:215:12:215:Infinity":68,"b:216:12:218:Infinity:undefined:undefined:undefined:undefined":36,"s:216:12:218:Infinity":69,"s:217:14:217:Infinity":70,"s:219:12:219:Infinity":71,"b:222:10:224:Infinity:undefined:undefined:undefined:undefined":37,"s:222:10:224:Infinity":72,"s:223:12:223:Infinity":73,"b:223:73:223:101:223:101:223:103":38,"b:225:8:252:Infinity:248:8:252:Infinity":39,"s:225:8:252:Infinity":74,"b:225:19:225:36:225:36:225:55":40,"s:226:37:226:Infinity":75,"b:228:10:231:Infinity:undefined:undefined:undefined:undefined":41,"s:228:10:231:Infinity":76,"b:228:14:228:27:228:27:228:38":42,"s:229:12:229:Infinity":77,"s:230:12:230:Infinity":78,"b:232:10:239:Infinity:undefined:undefined:undefined:undefined":43,"s:232:10:239:Infinity":79,"b:233:12:238:Infinity:235:19:238:Infinity":44,"s:233:12:238:Infinity":80,"s:234:14:234:Infinity":81,"s:236:14:236:Infinity":82,"s:237:14:237:Infinity":83,"b:240:10:243:Infinity:undefined:undefined:undefined:undefined":45,"s:240:10:243:Infinity":84,"s:241:12:241:Infinity":85,"s:242:12:242:Infinity":86,"b:245:10:247:Infinity:undefined:undefined:undefined:undefined":46,"s:245:10:247:Infinity":87,"s:246:12:246:Infinity":88,"b:248:8:252:Infinity:250:15:252:Infinity":47,"s:248:8:252:Infinity":89,"s:249:10:249:Infinity":90,"s:251:10:251:Infinity":91,"s:254:8:254:Infinity":92,"b:254:50:254:64:254:64:254:75":48,"s:257:6:267:Infinity":93,"s:258:8:264:Infinity":94,"s:266:8:266:Infinity":95,"s:269:6:269:Infinity":96,"s:270:6:270:Infinity":97,"f:278:17:278:24":8,"b:279:10:281:Infinity:undefined:undefined:undefined:undefined":49,"s:279:10:281:Infinity":98,"s:280:12:280:Infinity":99,"s:283:21:283:Infinity":100,"s:284:10:284:Infinity":101,"s:285:10:285:Infinity":102,"f:293:17:293:24":9,"b:294:10:296:Infinity:undefined:undefined:undefined:undefined":50,"s:294:10:296:Infinity":103,"s:295:12:295:Infinity":104,"s:298:21:298:Infinity":105,"s:299:10:299:Infinity":106,"s:300:10:300:Infinity":107,"f:309:17:309:24":10,"b:310:10:312:Infinity:undefined:undefined:undefined:undefined":51,"s:310:10:312:Infinity":108,"s:311:12:311:Infinity":109,"s:313:10:313:Infinity":110,"s:319:2:319:Infinity":111,"s:322:33:325:Infinity":112}}}
,"/Users/li/Projects/opencode-trace/packages/plugin/src/tracer.ts": {"path":"/Users/li/Projects/opencode-trace/packages/plugin/src/tracer.ts","statementMap":{"0":{"start":{"line":26,"column":17},"end":{"line":26,"column":null}},"1":{"start":{"line":27,"column":2},"end":{"line":31,"column":null}},"2":{"start":{"line":28,"column":21},"end":{"line":28,"column":null}},"3":{"start":{"line":29,"column":26},"end":{"line":29,"column":null}},"4":{"start":{"line":30,"column":30},"end":{"line":30,"column":null}}},"fnMap":{"0":{"name":"createTracer","decl":{"start":{"line":25,"column":16},"end":{"line":25,"column":29}},"loc":{"start":{"line":25,"column":60},"end":{"line":32,"column":null}},"line":25},"1":{"name":"(anonymous_1)","decl":{"start":{"line":28,"column":10},"end":{"line":28,"column":11}},"loc":{"start":{"line":28,"column":21},"end":{"line":28,"column":null}},"line":28},"2":{"name":"(anonymous_2)","decl":{"start":{"line":29,"column":20},"end":{"line":29,"column":26}},"loc":{"start":{"line":29,"column":26},"end":{"line":29,"column":null}},"line":29},"3":{"name":"(anonymous_3)","decl":{"start":{"line":30,"column":24},"end":{"line":30,"column":30}},"loc":{"start":{"line":30,"column":30},"end":{"line":30,"column":null}},"line":30}},"branchMap":{},"s":{"0":13,"1":13,"2":4,"3":4,"4":2},"f":{"0":13,"1":4,"2":4,"3":2},"b":{},"meta":{"lastBranch":0,"lastFunction":4,"lastStatement":5,"seen":{"f:25:16:25:29":0,"s:26:17:26:Infinity":0,"s:27:2:31:Infinity":1,"f:28:10:28:11":1,"s:28:21:28:Infinity":2,"f:29:20:29:26":2,"s:29:26:29:Infinity":3,"f:30:24:30:30":3,"s:30:30:30:Infinity":4}}}
,"/Users/li/Projects/opencode-trace/packages/plugin/src/write-queue.ts": {"path":"/Users/li/Projects/opencode-trace/packages/plugin/src/write-queue.ts","statementMap":{"0":{"start":{"line":28,"column":7},"end":{"line":28,"column":null}},"1":{"start":{"line":29,"column":29},"end":{"line":29,"column":null}},"2":{"start":{"line":34,"column":4},"end":{"line":34,"column":null}},"3":{"start":{"line":35,"column":4},"end":{"line":35,"column":null}},"4":{"start":{"line":45,"column":4},"end":{"line":45,"column":null}},"5":{"start":{"line":46,"column":4},"end":{"line":48,"column":null}},"6":{"start":{"line":47,"column":6},"end":{"line":47,"column":null}},"7":{"start":{"line":52,"column":4},"end":{"line":52,"column":null}},"8":{"start":{"line":53,"column":4},"end":{"line":56,"column":null}},"9":{"start":{"line":54,"column":20},"end":{"line":54,"column":null}},"10":{"start":{"line":55,"column":6},"end":{"line":55,"column":null}},"11":{"start":{"line":57,"column":4},"end":{"line":57,"column":null}},"12":{"start":{"line":59,"column":4},"end":{"line":61,"column":null}},"13":{"start":{"line":60,"column":6},"end":{"line":60,"column":null}},"14":{"start":{"line":65,"column":4},"end":{"line":69,"column":null}},"15":{"start":{"line":66,"column":35},"end":{"line":66,"column":null}},"16":{"start":{"line":67,"column":6},"end":{"line":67,"column":null}},"17":{"start":{"line":68,"column":6},"end":{"line":68,"column":null}},"18":{"start":{"line":81,"column":4},"end":{"line":97,"column":null}},"19":{"start":{"line":82,"column":6},"end":{"line":96,"column":null}},"20":{"start":{"line":83,"column":14},"end":{"line":83,"column":null}},"21":{"start":{"line":84,"column":8},"end":{"line":84,"column":null}},"22":{"start":{"line":86,"column":14},"end":{"line":86,"column":null}},"23":{"start":{"line":87,"column":14},"end":{"line":87,"column":null}},"24":{"start":{"line":88,"column":8},"end":{"line":88,"column":null}},"25":{"start":{"line":89,"column":8},"end":{"line":89,"column":null}},"26":{"start":{"line":91,"column":8},"end":{"line":93,"column":null}},"27":{"start":{"line":92,"column":10},"end":{"line":92,"column":null}},"28":{"start":{"line":95,"column":8},"end":{"line":95,"column":null}},"29":{"start":{"line":105,"column":4},"end":{"line":117,"column":null}},"30":{"start":{"line":105,"column":17},"end":{"line":105,"column":20}},"31":{"start":{"line":106,"column":6},"end":{"line":116,"column":null}},"32":{"start":{"line":107,"column":8},"end":{"line":107,"column":null}},"33":{"start":{"line":108,"column":8},"end":{"line":108,"column":null}},"34":{"start":{"line":110,"column":22},"end":{"line":110,"column":null}},"35":{"start":{"line":111,"column":8},"end":{"line":114,"column":null}},"36":{"start":{"line":112,"column":10},"end":{"line":112,"column":null}},"37":{"start":{"line":112,"column":35},"end":{"line":112,"column":62}},"38":{"start":{"line":113,"column":10},"end":{"line":113,"column":null}},"39":{"start":{"line":115,"column":8},"end":{"line":115,"column":null}},"40":{"start":{"line":122,"column":16},"end":{"line":122,"column":null}},"41":{"start":{"line":123,"column":4},"end":{"line":132,"column":null}},"42":{"start":{"line":124,"column":6},"end":{"line":131,"column":null}},"43":{"start":{"line":125,"column":14},"end":{"line":125,"column":null}},"44":{"start":{"line":126,"column":8},"end":{"line":126,"column":null}},"45":{"start":{"line":127,"column":14},"end":{"line":127,"column":null}},"46":{"start":{"line":128,"column":8},"end":{"line":128,"column":null}},"47":{"start":{"line":139,"column":10},"end":{"line":139,"column":null}},"48":{"start":{"line":140,"column":17},"end":{"line":140,"column":null}},"49":{"start":{"line":141,"column":4},"end":{"line":141,"column":null}},"50":{"start":{"line":151,"column":10},"end":{"line":151,"column":null}},"51":{"start":{"line":152,"column":4},"end":{"line":152,"column":null}},"52":{"start":{"line":153,"column":21},"end":{"line":153,"column":null}},"53":{"start":{"line":154,"column":4},"end":{"line":168,"column":null}},"54":{"start":{"line":169,"column":4},"end":{"line":172,"column":null}}},"fnMap":{"0":{"name":"constructor","decl":{"start":{"line":33,"column":2},"end":{"line":33,"column":14}},"loc":{"start":{"line":33,"column":56},"end":{"line":36,"column":null}},"line":33},"1":{"name":"enqueue","decl":{"start":{"line":38,"column":2},"end":{"line":38,"column":null}},"loc":{"start":{"line":44,"column":10},"end":{"line":49,"column":null}},"line":44},"2":{"name":"processQueue","decl":{"start":{"line":51,"column":16},"end":{"line":51,"column":46}},"loc":{"start":{"line":51,"column":46},"end":{"line":62,"column":null}},"line":51},"3":{"name":"flush","decl":{"start":{"line":64,"column":8},"end":{"line":64,"column":31}},"loc":{"start":{"line":64,"column":31},"end":{"line":70,"column":null}},"line":64},"4":{"name":"writeBatch","decl":{"start":{"line":72,"column":16},"end":{"line":72,"column":null}},"loc":{"start":{"line":80,"column":19},"end":{"line":98,"column":null}},"line":80},"5":{"name":"safeRename","decl":{"start":{"line":104,"column":16},"end":{"line":104,"column":27}},"loc":{"start":{"line":104,"column":90},"end":{"line":118,"column":null}},"line":104},"6":{"name":"(anonymous_6)","decl":{"start":{"line":112,"column":28},"end":{"line":112,"column":29}},"loc":{"start":{"line":112,"column":35},"end":{"line":112,"column":62}},"line":112},"7":{"name":"writeParsedCache","decl":{"start":{"line":121,"column":2},"end":{"line":121,"column":19}},"loc":{"start":{"line":121,"column":107},"end":{"line":133,"column":null}},"line":121},"8":{"name":"(anonymous_8)","decl":{"start":{"line":123,"column":17},"end":{"line":123,"column":29}},"loc":{"start":{"line":123,"column":29},"end":{"line":132,"column":5}},"line":123},"9":{"name":"appendTimeline","decl":{"start":{"line":135,"column":16},"end":{"line":135,"column":null}},"loc":{"start":{"line":138,"column":19},"end":{"line":142,"column":null}},"line":138},"10":{"name":"writeFallback","decl":{"start":{"line":144,"column":16},"end":{"line":144,"column":null}},"loc":{"start":{"line":150,"column":19},"end":{"line":173,"column":null}},"line":150}},"branchMap":{"0":{"loc":{"start":{"line":33,"column":32},"end":{"line":33,"column":56}},"type":"default-arg","locations":[{"start":{"line":33,"column":52},"end":{"line":33,"column":56}}],"line":33},"1":{"loc":{"start":{"line":45,"column":69},"end":{"line":45,"column":102}},"type":"binary-expr","locations":[{"start":{"line":45,"column":69},"end":{"line":45,"column":81}},{"start":{"line":45,"column":81},"end":{"line":45,"column":102}}],"line":45},"2":{"loc":{"start":{"line":46,"column":4},"end":{"line":48,"column":null}},"type":"if","locations":[{"start":{"line":46,"column":4},"end":{"line":48,"column":null}},{"start":{},"end":{}}],"line":46},"3":{"loc":{"start":{"line":59,"column":4},"end":{"line":61,"column":null}},"type":"if","locations":[{"start":{"line":59,"column":4},"end":{"line":61,"column":null}},{"start":{},"end":{}}],"line":59},"4":{"loc":{"start":{"line":59,"column":8},"end":{"line":59,"column":48}},"type":"binary-expr","locations":[{"start":{"line":59,"column":8},"end":{"line":59,"column":33}},{"start":{"line":59,"column":33},"end":{"line":59,"column":48}}],"line":59},"5":{"loc":{"start":{"line":65,"column":11},"end":{"line":65,"column":50}},"type":"binary-expr","locations":[{"start":{"line":65,"column":11},"end":{"line":65,"column":27}},{"start":{"line":65,"column":27},"end":{"line":65,"column":50}}],"line":65},"6":{"loc":{"start":{"line":91,"column":8},"end":{"line":93,"column":null}},"type":"if","locations":[{"start":{"line":91,"column":8},"end":{"line":93,"column":null}},{"start":{},"end":{}}],"line":91},"7":{"loc":{"start":{"line":104,"column":54},"end":{"line":104,"column":90}},"type":"default-arg","locations":[{"start":{"line":104,"column":72},"end":{"line":104,"column":90}}],"line":104},"8":{"loc":{"start":{"line":111,"column":8},"end":{"line":114,"column":null}},"type":"if","locations":[{"start":{"line":111,"column":8},"end":{"line":114,"column":null}},{"start":{},"end":{}}],"line":111},"9":{"loc":{"start":{"line":111,"column":8},"end":{"line":111,"column":72}},"type":"binary-expr","locations":[{"start":{"line":111,"column":13},"end":{"line":111,"column":34}},{"start":{"line":111,"column":34},"end":{"line":111,"column":55}},{"start":{"line":111,"column":55},"end":{"line":111,"column":72}}],"line":111},"10":{"loc":{"start":{"line":122,"column":16},"end":{"line":122,"column":null}},"type":"binary-expr","locations":[{"start":{"line":122,"column":16},"end":{"line":122,"column":28}},{"start":{"line":122,"column":28},"end":{"line":122,"column":null}}],"line":122}},"s":{"0":124,"1":124,"2":124,"3":124,"4":90,"5":90,"6":35,"7":35,"8":35,"9":44,"10":44,"11":35,"12":35,"13":0,"14":38,"15":71,"16":71,"17":71,"18":44,"19":90,"20":90,"21":90,"22":90,"23":90,"24":90,"25":89,"26":86,"27":28,"28":4,"29":89,"30":89,"31":98,"32":98,"33":86,"34":12,"35":12,"36":9,"37":9,"38":9,"39":3,"40":30,"41":30,"42":30,"43":30,"44":30,"45":30,"46":30,"47":28,"48":28,"49":28,"50":4,"51":4,"52":4,"53":4,"54":4},"f":{"0":124,"1":90,"2":35,"3":38,"4":44,"5":89,"6":9,"7":30,"8":30,"9":28,"10":4},"b":{"0":[124],"1":[90,62],"2":[35,55],"3":[0,35],"4":[35,0],"5":[38,38],"6":[28,58],"7":[89],"8":[9,3],"9":[12,10,10],"10":[30,1]},"meta":{"lastBranch":11,"lastFunction":11,"lastStatement":55,"seen":{"s:28:7:28:Infinity":0,"s:29:29:29:Infinity":1,"f:33:2:33:14":0,"b:33:52:33:56":0,"s:34:4:34:Infinity":2,"s:35:4:35:Infinity":3,"f:38:2:38:Infinity":1,"s:45:4:45:Infinity":4,"b:45:69:45:81:45:81:45:102":1,"b:46:4:48:Infinity:undefined:undefined:undefined:undefined":2,"s:46:4:48:Infinity":5,"s:47:6:47:Infinity":6,"f:51:16:51:46":2,"s:52:4:52:Infinity":7,"s:53:4:56:Infinity":8,"s:54:20:54:Infinity":9,"s:55:6:55:Infinity":10,"s:57:4:57:Infinity":11,"b:59:4:61:Infinity:undefined:undefined:undefined:undefined":3,"s:59:4:61:Infinity":12,"b:59:8:59:33:59:33:59:48":4,"s:60:6:60:Infinity":13,"f:64:8:64:31":3,"s:65:4:69:Infinity":14,"b:65:11:65:27:65:27:65:50":5,"s:66:35:66:Infinity":15,"s:67:6:67:Infinity":16,"s:68:6:68:Infinity":17,"f:72:16:72:Infinity":4,"s:81:4:97:Infinity":18,"s:82:6:96:Infinity":19,"s:83:14:83:Infinity":20,"s:84:8:84:Infinity":21,"s:86:14:86:Infinity":22,"s:87:14:87:Infinity":23,"s:88:8:88:Infinity":24,"s:89:8:89:Infinity":25,"b:91:8:93:Infinity:undefined:undefined:undefined:undefined":6,"s:91:8:93:Infinity":26,"s:92:10:92:Infinity":27,"s:95:8:95:Infinity":28,"f:104:16:104:27":5,"b:104:72:104:90":7,"s:105:4:117:Infinity":29,"s:105:17:105:20":30,"s:106:6:116:Infinity":31,"s:107:8:107:Infinity":32,"s:108:8:108:Infinity":33,"s:110:22:110:Infinity":34,"b:111:8:114:Infinity:undefined:undefined:undefined:undefined":8,"s:111:8:114:Infinity":35,"b:111:13:111:34:111:34:111:55:111:55:111:72":9,"s:112:10:112:Infinity":36,"f:112:28:112:29":6,"s:112:35:112:62":37,"s:113:10:113:Infinity":38,"s:115:8:115:Infinity":39,"f:121:2:121:19":7,"s:122:16:122:Infinity":40,"b:122:16:122:28:122:28:122:Infinity":10,"s:123:4:132:Infinity":41,"f:123:17:123:29":8,"s:124:6:131:Infinity":42,"s:125:14:125:Infinity":43,"s:126:8:126:Infinity":44,"s:127:14:127:Infinity":45,"s:128:8:128:Infinity":46,"f:135:16:135:Infinity":9,"s:139:10:139:Infinity":47,"s:140:17:140:Infinity":48,"s:141:4:141:Infinity":49,"f:144:16:144:Infinity":10,"s:151:10:151:Infinity":50,"s:152:4:152:Infinity":51,"s:153:21:153:Infinity":52,"s:154:4:168:Infinity":53,"s:169:4:172:Infinity":54}}}
}
